nohup: ignoring input
CompileCommand: exclude com/intellij/openapi/vfs/impl/FilePartNodeRoot.trieDescend bool exclude = true
2023-09-02 14:54:21,422 [   1975]   WARN - #c.i.c.ComponentStoreImpl - Duplicated scheme Light - old: Light, new Light
2023-09-02 14:54:21,581 [   2134]   WARN - #c.i.e.t.TargetBasedSdks - SDK target configuration data is absent
2023-09-02 14:54:21,723 [   2276]   WARN - #c.i.e.t.TargetBasedSdks - SDK target configuration data is absent
2023-09-02 14:54:22,082 [   2635]   WARN - #c.i.o.a.ActionStub - ActionGroup should be registered using <group> tag: id="WelcomeScreen.CreateDirectoryProject" class="com.jetbrains.python.newProject.steps.PyCharmNewProjectStep"

Info  | RdCoroutineScope          | 33:DefaultDispatcher-worker-17 | RdCoroutineHost overridden 
2023-09-02 14:54:59,524 [  40077]   WARN - #c.i.i.s.p.i.BundledSharedIndexPostStartupActivity - Skipped 1 pre-built shared indexes: bundled-js-predefined-1d06a55b98c1-d5aed4438951-JavaScript-PY-232.8660.197
2023-09-02 14:55:08,155 [  48708]   WARN - #c.i.u.x.Binding - no accessors for com.intellij.openapi.projectRoots.Sdk
2023-09-02 14:55:08,739 [  49292]   WARN - #c.i.u.i.SafeFileOutputStream - cannot delete a backup file /home/herryao/.cache/JetBrains/PyCharm2023.2/python_packages/packages_v2.json~
java.nio.file.NoSuchFileException: /home/herryao/.cache/JetBrains/PyCharm2023.2/python_packages/packages_v2.json~
	at java.base/sun.nio.fs.UnixException.translateToIOException(UnixException.java:92)
	at java.base/sun.nio.fs.UnixException.rethrowAsIOException(UnixException.java:106)
	at java.base/sun.nio.fs.UnixException.rethrowAsIOException(UnixException.java:111)
	at java.base/sun.nio.fs.UnixFileSystemProvider.implDelete(UnixFileSystemProvider.java:248)
	at java.base/sun.nio.fs.AbstractFileSystemProvider.delete(AbstractFileSystemProvider.java:105)
	at java.base/java.nio.file.Files.delete(Files.java:1152)
	at com.intellij.util.io.SafeFileOutputStream.deleteBackup(SafeFileOutputStream.java:166)
	at com.intellij.util.io.SafeFileOutputStream.close(SafeFileOutputStream.java:128)
	at java.base/sun.nio.cs.StreamEncoder.implClose(StreamEncoder.java:347)
	at java.base/sun.nio.cs.StreamEncoder.close(StreamEncoder.java:169)
	at java.base/java.io.OutputStreamWriter.close(OutputStreamWriter.java:252)
	at kotlin.io.CloseableKt.closeFinally(Closeable.kt:56)
	at com.jetbrains.python.packaging.pip.PypiPackageCache.store(PypiPackageCache.kt:55)
	at com.jetbrains.python.packaging.pip.PypiPackageCache.access$store(PypiPackageCache.kt:26)
	at com.jetbrains.python.packaging.pip.PypiPackageCache$refresh$2.invokeSuspend(PypiPackageCache.kt:93)
	at com.jetbrains.python.packaging.pip.PypiPackageCache$refresh$2.invoke(PypiPackageCache.kt)
	at com.jetbrains.python.packaging.pip.PypiPackageCache$refresh$2.invoke(PypiPackageCache.kt)
	at kotlinx.coroutines.intrinsics.UndispatchedKt.startUndispatchedOrReturn(Undispatched.kt:78)
	at kotlinx.coroutines.BuildersKt__Builders_commonKt.withContext(Builders.common.kt:167)
	at kotlinx.coroutines.BuildersKt.withContext(Unknown Source)
	at com.jetbrains.python.packaging.pip.PypiPackageCache.refresh$intellij_python_community_impl(PypiPackageCache.kt:86)
	at com.jetbrains.python.packaging.pip.PypiPackageCache$loadCache$2.invokeSuspend(PypiPackageCache.kt:77)
	at com.jetbrains.python.packaging.pip.PypiPackageCache$loadCache$2.invoke(PypiPackageCache.kt)
	at com.jetbrains.python.packaging.pip.PypiPackageCache$loadCache$2.invoke(PypiPackageCache.kt)
	at kotlinx.coroutines.intrinsics.UndispatchedKt.startUndispatchedOrReturn(Undispatched.kt:78)
	at kotlinx.coroutines.BuildersKt__Builders_commonKt.withContext(Builders.common.kt:167)
	at kotlinx.coroutines.BuildersKt.withContext(Unknown Source)
	at com.jetbrains.python.packaging.pip.PypiPackageCache.loadCache$intellij_python_community_impl(PypiPackageCache.kt:61)
	at com.jetbrains.python.packaging.pip.PipBasedRepositoryManager.initCaches$suspendImpl(PipBasedRepositoryManager.kt:106)
	at com.jetbrains.python.packaging.pip.PipBasedRepositoryManager.initCaches(PipBasedRepositoryManager.kt)
	at com.jetbrains.python.packaging.conda.CondaRepositoryManger.initCaches(CondaRepositoryManger.kt:61)
	at com.jetbrains.python.packaging.toolwindow.PyPackagingToolWindowService.initForSdk$intellij_python_community_impl(PyPackagingToolWindowService.kt:130)
	at com.jetbrains.python.packaging.toolwindow.PyPackagingToolWindowService$initialize$1.invokeSuspend(PyPackagingToolWindowService.kt:68)
	at kotlin.coroutines.jvm.internal.BaseContinuationImpl.resumeWith(ContinuationImpl.kt:33)
	at kotlinx.coroutines.UndispatchedCoroutine.afterResume(CoroutineContext.kt:270)
	at kotlinx.coroutines.AbstractCoroutine.resumeWith(AbstractCoroutine.kt:102)
	at kotlin.coroutines.jvm.internal.BaseContinuationImpl.resumeWith(ContinuationImpl.kt:46)
	at kotlinx.coroutines.DispatchedTask.run(DispatchedTask.kt:106)
	at kotlinx.coroutines.internal.LimitedDispatcher$Worker.run(LimitedDispatcher.kt:115)
	at kotlinx.coroutines.scheduling.TaskImpl.run(Tasks.kt:100)
	at kotlinx.coroutines.scheduling.CoroutineScheduler.runSafely(CoroutineScheduler.kt:584)
	at kotlinx.coroutines.scheduling.CoroutineScheduler$Worker.executeTask(CoroutineScheduler.kt:793)
	at kotlinx.coroutines.scheduling.CoroutineScheduler$Worker.runWorker(CoroutineScheduler.kt:697)
	at kotlinx.coroutines.scheduling.CoroutineScheduler$Worker.run(CoroutineScheduler.kt:684)
2023-09-02 14:55:37,917 [  78470]   WARN - #c.i.u.x.Binding - no accessors for java.time.LocalTime
2023-09-02 14:55:48,098 [  88651]   WARN - #c.i.i.shutdown - Project Project(name=detrimental_analysis, containerState=COMPONENT_CREATED, componentStore=/media/herryao/New Volume/work_dir/Download_copy/IJACR/detrimental_analysis): scope was not completed in 10s.

- "(ProjectImpl@783684811 x (ApplicationImpl@719950977 x Pythonid))":StandaloneCoroutine{Cancelling}@73b242bf, state: RUNNING [Dispatchers.Default]
	at com.intellij.util.CoroutineScopeKt$namedChildScope$1$1.invokeSuspend(coroutineScope.kt:44)
	at com.intellij.util.CoroutineScopeKt$namedChildScope$1.invokeSuspend(coroutineScope.kt:42)
	- "com.jetbrains.python.packaging.toolwindow.PyPackagingToolWindowService":StandaloneCoroutine{Cancelling}@716118f3, state: RUNNING [Dispatchers.Default]
		at com.intellij.util.CoroutineScopeKt$namedChildScope$1$1.invokeSuspend(coroutineScope.kt:44)
		at com.intellij.util.CoroutineScopeKt$namedChildScope$1.invokeSuspend(coroutineScope.kt:42)
		- "com.jetbrains.python.packaging.toolwindow.PyPackagingToolWindowService":StandaloneCoroutine{Cancelling}@21dc6fa3, state: RUNNING [Dispatchers.IO]
			at java.base@17.0.7/java.util.concurrent.ConcurrentHashMap.compute(ConcurrentHashMap.java:1931)
			at com.github.benmanes.caffeine.cache.BoundedLocalCache.doComputeIfAbsent(BoundedLocalCache.java:2683)
			at com.github.benmanes.caffeine.cache.BoundedLocalCache.computeIfAbsent(BoundedLocalCache.java:2666)
			at com.github.benmanes.caffeine.cache.LocalCache.computeIfAbsent(LocalCache.java:112)
			at com.github.benmanes.caffeine.cache.LocalLoadingCache.get(LocalLoadingCache.java:58)
			at com.jetbrains.python.packaging.pip.PipBasedRepositoryManager.getLatestVersion$suspendImpl(PipBasedRepositoryManager.kt:136)
			at com.jetbrains.python.packaging.pip.PipBasedRepositoryManager.getLatestVersion(PipBasedRepositoryManager.kt)
			at com.jetbrains.python.packaging.conda.CondaRepositoryManger.getLatestVersion(CondaRepositoryManger.kt:57)
			at com.jetbrains.python.packaging.toolwindow.PyPackagingToolWindowService.refreshInstalledPackages(PyPackagingToolWindowService.kt:182)
			at com.jetbrains.python.packaging.toolwindow.PyPackagingToolWindowService.initForSdk$intellij_python_community_impl(PyPackagingToolWindowService.kt:132)
			at com.jetbrains.python.packaging.toolwindow.PyPackagingToolWindowService$initialize$1.invokeSuspend(PyPackagingToolWindowService.kt:68)
		- "com.jetbrains.python.packaging.toolwindow.PyPackagingToolWindowService":StandaloneCoroutine{Cancelling}@47ac452f, state: RUNNING [Dispatchers.IO]
			at java.base@17.0.7/sun.net.www.MessageHeader.mergeHeader(MessageHeader.java:530)
			at java.base@17.0.7/sun.net.www.MessageHeader.parseHeader(MessageHeader.java:481)
			at java.base@17.0.7/sun.net.www.http.HttpClient.parseHTTPHeader(HttpClient.java:837)
			at java.base@17.0.7/sun.net.www.http.HttpClient.parseHTTP(HttpClient.java:759)
			at java.base@17.0.7/sun.net.www.protocol.http.HttpURLConnection.getInputStream0(HttpURLConnection.java:1688)
			at java.base@17.0.7/sun.net.www.protocol.http.HttpURLConnection.getInputStream(HttpURLConnection.java:1589)
			at java.base@17.0.7/java.net.HttpURLConnection.getResponseCode(HttpURLConnection.java:529)
			at java.base@17.0.7/sun.net.www.protocol.https.HttpsURLConnectionImpl.getResponseCode(HttpsURLConnectionImpl.java:308)
			at com.intellij.util.io.HttpRequests.openConnection(HttpRequests.java:619)
			at com.intellij.util.io.HttpRequests$RequestImpl.getConnection(HttpRequests.java:361)
			at com.intellij.util.io.HttpRequests$RequestImpl.doReadBytes(HttpRequests.java:437)
			at com.intellij.util.io.HttpRequests$RequestImpl.readString(HttpRequests.java:426)
			at com.intellij.util.io.RequestBuilder.lambda$readString$5(RequestBuilder.java:85)
			at com.intellij.util.io.RequestBuilder$$Lambda$4704/0x00000008020cfae0.process(Unknown Source)
			at com.intellij.util.io.HttpRequests.doProcess(HttpRequests.java:524)
			at com.intellij.util.io.HttpRequests.process(HttpRequests.java:506)
			at com.intellij.util.io.HttpRequests$RequestBuilderImpl.connect(HttpRequests.java:335)
			at com.intellij.util.io.RequestBuilder.readString(RequestBuilder.java:85)
			at com.intellij.util.io.RequestBuilder.readString(RequestBuilder.java:89)
			at com.jetbrains.python.packaging.pip.PipBasedRepositoryManager$packageDetailsCache$1.invoke(PipBasedRepositoryManager.kt:45)
			at com.jetbrains.python.packaging.pip.PipBasedRepositoryManager$packageDetailsCache$1.invoke(PipBasedRepositoryManager.kt:36)
			at com.jetbrains.python.packaging.pip.PipBasedRepositoryManager.packageDetailsCache$lambda$0(PipBasedRepositoryManager.kt:36)
			at com.jetbrains.python.packaging.pip.PipBasedRepositoryManager$$Lambda$3028/0x00000008017decc8.load(Unknown Source)
			at com.github.benmanes.caffeine.cache.LocalLoadingCache.lambda$newMappingFunction$3(LocalLoadingCache.java:183)
			at com.github.benmanes.caffeine.cache.LocalLoadingCache$$Lambda$2678/0x00000008016cbd48.apply(Unknown Source)
			at com.github.benmanes.caffeine.cache.BoundedLocalCache.lambda$doComputeIfAbsent$14(BoundedLocalCache.java:2685)
			at com.github.benmanes.caffeine.cache.BoundedLocalCache$$Lambda$938/0x0000000800aab3b0.apply(Unknown Source)
			at java.base@17.0.7/java.util.concurrent.ConcurrentHashMap.compute(ConcurrentHashMap.java:1916)
			at com.github.benmanes.caffeine.cache.BoundedLocalCache.doComputeIfAbsent(BoundedLocalCache.java:2683)
			at com.github.benmanes.caffeine.cache.BoundedLocalCache.computeIfAbsent(BoundedLocalCache.java:2666)
			at com.github.benmanes.caffeine.cache.LocalCache.computeIfAbsent(LocalCache.java:112)
			at com.github.benmanes.caffeine.cache.LocalLoadingCache.get(LocalLoadingCache.java:58)
			at com.jetbrains.python.packaging.pip.PipBasedRepositoryManager$latestVersions$1.invoke(PipBasedRepositoryManager.kt:55)
			at com.jetbrains.python.packaging.pip.PipBasedRepositoryManager$latestVersions$1.invoke(PipBasedRepositoryManager.kt:54)
			at com.jetbrains.python.packaging.pip.PipBasedRepositoryManager.latestVersions$lambda$1(PipBasedRepositoryManager.kt:54)
			at com.jetbrains.python.packaging.pip.PipBasedRepositoryManager$$Lambda$3032/0x00000008017df438.load(Unknown Source)
			at com.github.benmanes.caffeine.cache.LocalLoadingCache.lambda$newMappingFunction$3(LocalLoadingCache.java:183)
			at com.github.benmanes.caffeine.cache.LocalLoadingCache$$Lambda$2678/0x00000008016cbd48.apply(Unknown Source)
			at com.github.benmanes.caffeine.cache.BoundedLocalCache.lambda$doComputeIfAbsent$14(BoundedLocalCache.java:2685)
			at com.github.benmanes.caffeine.cache.BoundedLocalCache$$Lambda$938/0x0000000800aab3b0.apply(Unknown Source)
			at java.base@17.0.7/java.util.concurrent.ConcurrentHashMap.compute(ConcurrentHashMap.java:1916)
			at com.github.benmanes.caffeine.cache.BoundedLocalCache.doComputeIfAbsent(BoundedLocalCache.java:2683)
			at com.github.benmanes.caffeine.cache.BoundedLocalCache.computeIfAbsent(BoundedLocalCache.java:2666)
			at com.github.benmanes.caffeine.cache.LocalCache.computeIfAbsent(LocalCache.java:112)
			at com.github.benmanes.caffeine.cache.LocalLoadingCache.get(LocalLoadingCache.java:58)
			at com.jetbrains.python.packaging.pip.PipBasedRepositoryManager.getLatestVersion$suspendImpl(PipBasedRepositoryManager.kt:136)
			at com.jetbrains.python.packaging.pip.PipBasedRepositoryManager.getLatestVersion(PipBasedRepositoryManager.kt)
			at com.jetbrains.python.packaging.conda.CondaRepositoryManger.getLatestVersion(CondaRepositoryManger.kt:57)
			at com.jetbrains.python.packaging.toolwindow.PyPackagingToolWindowService.refreshInstalledPackages(PyPackagingToolWindowService.kt:182)
			at com.jetbrains.python.packaging.toolwindow.PyPackagingToolWindowService.initForSdk$intellij_python_community_impl(PyPackagingToolWindowService.kt:132)
			at com.jetbrains.python.packaging.toolwindow.PyPackagingToolWindowService$subscribeToChanges$3$selectionChanged$1.invokeSuspend(PyPackagingToolWindowService.kt:171)
		- "com.jetbrains.python.packaging.toolwindow.PyPackagingToolWindowService":StandaloneCoroutine{Cancelling}@58bcea44, state: RUNNING [Dispatchers.IO]
			at java.base@17.0.7/java.util.concurrent.ConcurrentHashMap.compute(ConcurrentHashMap.java:1931)
			at com.github.benmanes.caffeine.cache.BoundedLocalCache.doComputeIfAbsent(BoundedLocalCache.java:2683)
			at com.github.benmanes.caffeine.cache.BoundedLocalCache.computeIfAbsent(BoundedLocalCache.java:2666)
			at com.github.benmanes.caffeine.cache.LocalCache.computeIfAbsent(LocalCache.java:112)
			at com.github.benmanes.caffeine.cache.LocalLoadingCache.get(LocalLoadingCache.java:58)
			at com.jetbrains.python.packaging.pip.PipBasedRepositoryManager.getLatestVersion$suspendImpl(PipBasedRepositoryManager.kt:136)
			at com.jetbrains.python.packaging.pip.PipBasedRepositoryManager.getLatestVersion(PipBasedRepositoryManager.kt)
			at com.jetbrains.python.packaging.conda.CondaRepositoryManger.getLatestVersion(CondaRepositoryManger.kt:57)
			at com.jetbrains.python.packaging.toolwindow.PyPackagingToolWindowService.refreshInstalledPackages(PyPackagingToolWindowService.kt:182)
			at com.jetbrains.python.packaging.toolwindow.PyPackagingToolWindowService$subscribeToChanges$1$packagesChanged$1.invokeSuspend(PyPackagingToolWindowService.kt:150)
		- "com.jetbrains.python.packaging.toolwindow.PyPackagingToolWindowService":StandaloneCoroutine{Cancelling}@11d595d4, state: RUNNING [Dispatchers.IO]
			at java.base@17.0.7/java.util.concurrent.ConcurrentHashMap.compute(ConcurrentHashMap.java:1931)
			at com.github.benmanes.caffeine.cache.BoundedLocalCache.doComputeIfAbsent(BoundedLocalCache.java:2683)
			at com.github.benmanes.caffeine.cache.BoundedLocalCache.computeIfAbsent(BoundedLocalCache.java:2666)
			at com.github.benmanes.caffeine.cache.LocalCache.computeIfAbsent(LocalCache.java:112)
			at com.github.benmanes.caffeine.cache.LocalLoadingCache.get(LocalLoadingCache.java:58)
			at com.jetbrains.python.packaging.pip.PipBasedRepositoryManager.getLatestVersion$suspendImpl(PipBasedRepositoryManager.kt:136)
			at com.jetbrains.python.packaging.pip.PipBasedRepositoryManager.getLatestVersion(PipBasedRepositoryManager.kt)
			at com.jetbrains.python.packaging.conda.CondaRepositoryManger.getLatestVersion(CondaRepositoryManger.kt:57)
			at com.jetbrains.python.packaging.toolwindow.PyPackagingToolWindowService.refreshInstalledPackages(PyPackagingToolWindowService.kt:182)
			at com.jetbrains.python.packaging.toolwindow.PyPackagingToolWindowService$subscribeToChanges$1$packagesChanged$1.invokeSuspend(PyPackagingToolWindowService.kt:150)


2023-09-02 14:56:01,769 [ 102322]   WARN - #c.i.o.w.i.c.h.t.MainMenuButton - rootPane is not set, MainMenu button listeners are not installed
2023-09-02 14:56:02,036 [ 102589]   WARN - #c.i.i.s.p.i.BundledSharedIndexPostStartupActivity - Skipped 1 pre-built shared indexes: bundled-js-predefined-1d06a55b98c1-d5aed4438951-JavaScript-PY-232.8660.197
2023-09-02 14:56:02,216 [ 102769]   WARN - #c.j.p.s.s.PySkeletonRefresher - Some skeletons failed to generate
2023-09-02 14:56:02,216 [ 102769]   WARN - #c.j.p.s.s.PySkeletonRefresher - PyQt5.Qt5.plugins.assetimporters.libassimp
2023-09-02 14:56:02,216 [ 102769]   WARN - #c.j.p.s.s.PySkeletonRefresher - PyQt5.Qt5.plugins.assetimporters.libuip
2023-09-02 14:56:02,216 [ 102769]   WARN - #c.j.p.s.s.PySkeletonRefresher - PyQt5.Qt5.plugins.audio.libqtaudio_alsa
2023-09-02 14:56:02,216 [ 102769]   WARN - #c.j.p.s.s.PySkeletonRefresher - PyQt5.Qt5.plugins.audio.libqtmedia_pulse
2023-09-02 14:56:02,216 [ 102769]   WARN - #c.j.p.s.s.PySkeletonRefresher - PyQt5.Qt5.plugins.bearer.libqconnmanbearer
2023-09-02 14:56:02,217 [ 102770]   WARN - #c.j.p.s.s.PySkeletonRefresher - PyQt5.Qt5.plugins.bearer.libqgenericbearer
2023-09-02 14:56:02,217 [ 102770]   WARN - #c.j.p.s.s.PySkeletonRefresher - PyQt5.Qt5.plugins.bearer.libqnmbearer
2023-09-02 14:56:02,217 [ 102770]   WARN - #c.j.p.s.s.PySkeletonRefresher - PyQt5.Qt5.plugins.gamepads.libevdevgamepad
2023-09-02 14:56:02,217 [ 102770]   WARN - #c.j.p.s.s.PySkeletonRefresher - PyQt5.Qt5.plugins.generic.libqevdevkeyboardplugin
2023-09-02 14:56:02,217 [ 102770]   WARN - #c.j.p.s.s.PySkeletonRefresher - PyQt5.Qt5.plugins.generic.libqevdevmouseplugin
2023-09-02 14:56:02,217 [ 102770]   WARN - #c.j.p.s.s.PySkeletonRefresher - PyQt5.Qt5.plugins.generic.libqevdevtabletplugin
2023-09-02 14:56:02,217 [ 102770]   WARN - #c.j.p.s.s.PySkeletonRefresher - PyQt5.Qt5.plugins.generic.libqevdevtouchplugin
2023-09-02 14:56:02,217 [ 102770]   WARN - #c.j.p.s.s.PySkeletonRefresher - PyQt5.Qt5.plugins.generic.libqtuiotouchplugin
2023-09-02 14:56:02,217 [ 102770]   WARN - #c.j.p.s.s.PySkeletonRefresher - PyQt5.Qt5.plugins.geometryloaders.libdefaultgeometryloader
2023-09-02 14:56:02,217 [ 102770]   WARN - #c.j.p.s.s.PySkeletonRefresher - PyQt5.Qt5.plugins.geometryloaders.libgltfgeometryloader
2023-09-02 14:56:02,217 [ 102770]   WARN - #c.j.p.s.s.PySkeletonRefresher - PyQt5.Qt5.plugins.geoservices.libqtgeoservices_esri
2023-09-02 14:56:02,217 [ 102770]   WARN - #c.j.p.s.s.PySkeletonRefresher - PyQt5.Qt5.plugins.geoservices.libqtgeoservices_itemsoverlay
2023-09-02 14:56:02,217 [ 102770]   WARN - #c.j.p.s.s.PySkeletonRefresher - PyQt5.Qt5.plugins.geoservices.libqtgeoservices_mapbox
2023-09-02 14:56:02,217 [ 102770]   WARN - #c.j.p.s.s.PySkeletonRefresher - PyQt5.Qt5.plugins.geoservices.libqtgeoservices_mapboxgl
2023-09-02 14:56:02,217 [ 102770]   WARN - #c.j.p.s.s.PySkeletonRefresher - PyQt5.Qt5.plugins.geoservices.libqtgeoservices_nokia
2023-09-02 14:56:02,217 [ 102770]   WARN - #c.j.p.s.s.PySkeletonRefresher - PyQt5.Qt5.plugins.geoservices.libqtgeoservices_osm
2023-09-02 14:56:02,217 [ 102770]   WARN - #c.j.p.s.s.PySkeletonRefresher - PyQt5.Qt5.plugins.iconengines.libqsvgicon
2023-09-02 14:56:02,217 [ 102770]   WARN - #c.j.p.s.s.PySkeletonRefresher - PyQt5.Qt5.plugins.imageformats.libqgif
2023-09-02 14:56:02,217 [ 102770]   WARN - #c.j.p.s.s.PySkeletonRefresher - PyQt5.Qt5.plugins.imageformats.libqicns
2023-09-02 14:56:02,217 [ 102770]   WARN - #c.j.p.s.s.PySkeletonRefresher - PyQt5.Qt5.plugins.imageformats.libqico
2023-09-02 14:56:02,218 [ 102771]   WARN - #c.j.p.s.s.PySkeletonRefresher - PyQt5.Qt5.plugins.imageformats.libqjpeg
2023-09-02 14:56:02,218 [ 102771]   WARN - #c.j.p.s.s.PySkeletonRefresher - PyQt5.Qt5.plugins.imageformats.libqsvg
2023-09-02 14:56:02,218 [ 102771]   WARN - #c.j.p.s.s.PySkeletonRefresher - PyQt5.Qt5.plugins.imageformats.libqtga
2023-09-02 14:56:02,218 [ 102771]   WARN - #c.j.p.s.s.PySkeletonRefresher - PyQt5.Qt5.plugins.imageformats.libqtiff
2023-09-02 14:56:02,218 [ 102771]   WARN - #c.j.p.s.s.PySkeletonRefresher - PyQt5.Qt5.plugins.imageformats.libqwbmp
2023-09-02 14:56:02,218 [ 102771]   WARN - #c.j.p.s.s.PySkeletonRefresher - PyQt5.Qt5.plugins.imageformats.libqwebp
2023-09-02 14:56:02,218 [ 102771]   WARN - #c.j.p.s.s.PySkeletonRefresher - PyQt5.Qt5.plugins.mediaservice.libgstaudiodecoder
2023-09-02 14:56:02,218 [ 102771]   WARN - #c.j.p.s.s.PySkeletonRefresher - PyQt5.Qt5.plugins.mediaservice.libgstcamerabin
2023-09-02 14:56:02,218 [ 102771]   WARN - #c.j.p.s.s.PySkeletonRefresher - PyQt5.Qt5.plugins.mediaservice.libgstmediacapture
2023-09-02 14:56:02,218 [ 102771]   WARN - #c.j.p.s.s.PySkeletonRefresher - PyQt5.Qt5.plugins.mediaservice.libgstmediaplayer
2023-09-02 14:56:02,218 [ 102771]   WARN - #c.j.p.s.s.PySkeletonRefresher - PyQt5.Qt5.plugins.platforminputcontexts.libcomposeplatforminputcontextplugin
2023-09-02 14:56:02,218 [ 102771]   WARN - #c.j.p.s.s.PySkeletonRefresher - PyQt5.Qt5.plugins.platforminputcontexts.libibusplatforminputcontextplugin
2023-09-02 14:56:02,218 [ 102771]   WARN - #c.j.p.s.s.PySkeletonRefresher - PyQt5.Qt5.plugins.platforms.libqeglfs
2023-09-02 14:56:02,218 [ 102771]   WARN - #c.j.p.s.s.PySkeletonRefresher - PyQt5.Qt5.plugins.platforms.libqlinuxfb
2023-09-02 14:56:02,218 [ 102771]   WARN - #c.j.p.s.s.PySkeletonRefresher - PyQt5.Qt5.plugins.platforms.libqminimal
2023-09-02 14:56:02,218 [ 102771]   WARN - #c.j.p.s.s.PySkeletonRefresher - PyQt5.Qt5.plugins.platforms.libqminimalegl
2023-09-02 14:56:02,218 [ 102771]   WARN - #c.j.p.s.s.PySkeletonRefresher - PyQt5.Qt5.plugins.platforms.libqoffscreen
2023-09-02 14:56:02,218 [ 102771]   WARN - #c.j.p.s.s.PySkeletonRefresher - PyQt5.Qt5.plugins.platforms.libqvnc
2023-09-02 14:56:02,218 [ 102771]   WARN - #c.j.p.s.s.PySkeletonRefresher - PyQt5.Qt5.plugins.platforms.libqwebgl
2023-09-02 14:56:02,218 [ 102771]   WARN - #c.j.p.s.s.PySkeletonRefresher - PyQt5.Qt5.plugins.platforms.libqxcb
2023-09-02 14:56:02,219 [ 102772]   WARN - #c.j.p.s.s.PySkeletonRefresher - PyQt5.Qt5.plugins.platformthemes.libqgtk3
2023-09-02 14:56:02,219 [ 102772]   WARN - #c.j.p.s.s.PySkeletonRefresher - PyQt5.Qt5.plugins.platformthemes.libqxdgdesktopportal
2023-09-02 14:56:02,219 [ 102772]   WARN - #c.j.p.s.s.PySkeletonRefresher - PyQt5.Qt5.plugins.playlistformats.libqtmultimedia_m3u
2023-09-02 14:56:02,219 [ 102772]   WARN - #c.j.p.s.s.PySkeletonRefresher - PyQt5.Qt5.plugins.position.libqtposition_geoclue
2023-09-02 14:56:02,219 [ 102772]   WARN - #c.j.p.s.s.PySkeletonRefresher - PyQt5.Qt5.plugins.position.libqtposition_geoclue2
2023-09-02 14:56:02,219 [ 102772]   WARN - #c.j.p.s.s.PySkeletonRefresher - PyQt5.Qt5.plugins.position.libqtposition_positionpoll
2023-09-02 14:56:02,219 [ 102772]   WARN - #c.j.p.s.s.PySkeletonRefresher - PyQt5.Qt5.plugins.position.libqtposition_serialnmea
2023-09-02 14:56:02,219 [ 102772]   WARN - #c.j.p.s.s.PySkeletonRefresher - PyQt5.Qt5.plugins.printsupport.libcupsprintersupport
2023-09-02 14:56:02,219 [ 102772]   WARN - #c.j.p.s.s.PySkeletonRefresher - PyQt5.Qt5.plugins.renderers.libopenglrenderer
2023-09-02 14:56:02,219 [ 102772]   WARN - #c.j.p.s.s.PySkeletonRefresher - PyQt5.Qt5.plugins.renderplugins.libscene2d
2023-09-02 14:56:02,219 [ 102772]   WARN - #c.j.p.s.s.PySkeletonRefresher - PyQt5.Qt5.plugins.sceneparsers.libgltfsceneexport
2023-09-02 14:56:02,219 [ 102772]   WARN - #c.j.p.s.s.PySkeletonRefresher - PyQt5.Qt5.plugins.sceneparsers.libgltfsceneimport
2023-09-02 14:56:02,219 [ 102772]   WARN - #c.j.p.s.s.PySkeletonRefresher - PyQt5.Qt5.plugins.sensorgestures.libqtsensorgestures_plugin
2023-09-02 14:56:02,219 [ 102772]   WARN - #c.j.p.s.s.PySkeletonRefresher - PyQt5.Qt5.plugins.sensorgestures.libqtsensorgestures_shakeplugin
2023-09-02 14:56:02,219 [ 102772]   WARN - #c.j.p.s.s.PySkeletonRefresher - PyQt5.Qt5.plugins.sensors.libqtsensors_generic
2023-09-02 14:56:02,219 [ 102772]   WARN - #c.j.p.s.s.PySkeletonRefresher - PyQt5.Qt5.plugins.sensors.libqtsensors_linuxsys
2023-09-02 14:56:02,219 [ 102772]   WARN - #c.j.p.s.s.PySkeletonRefresher - PyQt5.Qt5.plugins.sqldrivers.libqsqlite
2023-09-02 14:56:02,219 [ 102772]   WARN - #c.j.p.s.s.PySkeletonRefresher - PyQt5.Qt5.plugins.sqldrivers.libqsqlodbc
2023-09-02 14:56:02,219 [ 102772]   WARN - #c.j.p.s.s.PySkeletonRefresher - PyQt5.Qt5.plugins.sqldrivers.libqsqlpsql
2023-09-02 14:56:02,220 [ 102773]   WARN - #c.j.p.s.s.PySkeletonRefresher - PyQt5.Qt5.plugins.texttospeech.libqtexttospeech_speechd
2023-09-02 14:56:02,220 [ 102773]   WARN - #c.j.p.s.s.PySkeletonRefresher - PyQt5.Qt5.plugins.webview.libqtwebview_webengine
2023-09-02 14:56:02,220 [ 102773]   WARN - #c.j.p.s.s.PySkeletonRefresher - PyQt5.Qt5.qml.Qt.labs.animation.liblabsanimationplugin
2023-09-02 14:56:02,220 [ 102773]   WARN - #c.j.p.s.s.PySkeletonRefresher - PyQt5.Qt5.qml.Qt.labs.calendar.libqtlabscalendarplugin
2023-09-02 14:56:02,220 [ 102773]   WARN - #c.j.p.s.s.PySkeletonRefresher - PyQt5.Qt5.qml.Qt.labs.folderlistmodel.libqmlfolderlistmodelplugin
2023-09-02 14:56:02,220 [ 102773]   WARN - #c.j.p.s.s.PySkeletonRefresher - PyQt5.Qt5.qml.Qt.labs.location.liblocationlabsplugin
2023-09-02 14:56:02,220 [ 102773]   WARN - #c.j.p.s.s.PySkeletonRefresher - PyQt5.Qt5.qml.Qt.labs.platform.libqtlabsplatformplugin
2023-09-02 14:56:02,220 [ 102773]   WARN - #c.j.p.s.s.PySkeletonRefresher - PyQt5.Qt5.qml.Qt.labs.qmlmodels.liblabsmodelsplugin
2023-09-02 14:56:02,220 [ 102773]   WARN - #c.j.p.s.s.PySkeletonRefresher - PyQt5.Qt5.qml.Qt.labs.settings.libqmlsettingsplugin
2023-09-02 14:56:02,220 [ 102773]   WARN - #c.j.p.s.s.PySkeletonRefresher - PyQt5.Qt5.qml.Qt.labs.sharedimage.libsharedimageplugin
2023-09-02 14:56:02,220 [ 102773]   WARN - #c.j.p.s.s.PySkeletonRefresher - PyQt5.Qt5.qml.Qt.labs.wavefrontmesh.libqmlwavefrontmeshplugin
2023-09-02 14:56:02,220 [ 102773]   WARN - #c.j.p.s.s.PySkeletonRefresher - PyQt5.Qt5.qml.QtBluetooth.libdeclarative_bluetooth
2023-09-02 14:56:02,220 [ 102773]   WARN - #c.j.p.s.s.PySkeletonRefresher - PyQt5.Qt5.qml.QtGraphicalEffects.libqtgraphicaleffectsplugin
2023-09-02 14:56:02,220 [ 102773]   WARN - #c.j.p.s.s.PySkeletonRefresher - PyQt5.Qt5.qml.QtGraphicalEffects.private.libqtgraphicaleffectsprivate
2023-09-02 14:56:02,220 [ 102773]   WARN - #c.j.p.s.s.PySkeletonRefresher - PyQt5.Qt5.qml.QtLocation.libdeclarative_location
2023-09-02 14:56:02,220 [ 102773]   WARN - #c.j.p.s.s.PySkeletonRefresher - PyQt5.Qt5.qml.QtMultimedia.libdeclarative_multimedia
2023-09-02 14:56:02,220 [ 102773]   WARN - #c.j.p.s.s.PySkeletonRefresher - PyQt5.Qt5.qml.QtNfc.libdeclarative_nfc
2023-09-02 14:56:02,220 [ 102773]   WARN - #c.j.p.s.s.PySkeletonRefresher - PyQt5.Qt5.qml.QtPositioning.libdeclarative_positioning
2023-09-02 14:56:02,220 [ 102773]   WARN - #c.j.p.s.s.PySkeletonRefresher - PyQt5.Qt5.qml.QtQml.RemoteObjects.libqtqmlremoteobjects
2023-09-02 14:56:02,220 [ 102773]   WARN - #c.j.p.s.s.PySkeletonRefresher - PyQt5.Qt5.qml.QtQml.StateMachine.libqtqmlstatemachine
2023-09-02 14:56:02,221 [ 102774]   WARN - #c.j.p.s.s.PySkeletonRefresher - PyQt5.Qt5.qml.QtQml.libqmlplugin
2023-09-02 14:56:02,221 [ 102774]   WARN - #c.j.p.s.s.PySkeletonRefresher - PyQt5.Qt5.qml.QtQuick.Controls.Styles.Flat.libqtquickextrasflatplugin
2023-09-02 14:56:02,221 [ 102774]   WARN - #c.j.p.s.s.PySkeletonRefresher - PyQt5.Qt5.qml.QtQuick.Controls.libqtquickcontrolsplugin
2023-09-02 14:56:02,221 [ 102774]   WARN - #c.j.p.s.s.PySkeletonRefresher - PyQt5.Qt5.qml.QtQuick.Dialogs.Private.libdialogsprivateplugin
2023-09-02 14:56:02,221 [ 102774]   WARN - #c.j.p.s.s.PySkeletonRefresher - PyQt5.Qt5.qml.QtQuick.Dialogs.libdialogplugin
2023-09-02 14:56:02,221 [ 102774]   WARN - #c.j.p.s.s.PySkeletonRefresher - PyQt5.Qt5.qml.QtQuick.Extras.libqtquickextrasplugin
2023-09-02 14:56:02,221 [ 102774]   WARN - #c.j.p.s.s.PySkeletonRefresher - PyQt5.Qt5.qml.QtQuick.Layouts.libqquicklayoutsplugin
2023-09-02 14:56:02,221 [ 102774]   WARN - #c.j.p.s.s.PySkeletonRefresher - PyQt5.Qt5.qml.QtQuick.LocalStorage.libqmllocalstorageplugin
2023-09-02 14:56:02,221 [ 102774]   WARN - #c.j.p.s.s.PySkeletonRefresher - PyQt5.Qt5.qml.QtQuick.PrivateWidgets.libwidgetsplugin
2023-09-02 14:56:02,221 [ 102774]   WARN - #c.j.p.s.s.PySkeletonRefresher - PyQt5.Qt5.qml.QtQuick.Scene2D.libqtquickscene2dplugin
2023-09-02 14:56:02,221 [ 102774]   WARN - #c.j.p.s.s.PySkeletonRefresher - PyQt5.Qt5.qml.QtQuick.Scene3D.libqtquickscene3dplugin
2023-09-02 14:56:02,221 [ 102774]   WARN - #c.j.p.s.s.PySkeletonRefresher - PyQt5.Qt5.qml.QtQuick.Shapes.libqmlshapesplugin
2023-09-02 14:56:02,221 [ 102774]   WARN - #c.j.p.s.s.PySkeletonRefresher - PyQt5.Qt5.qml.QtQuick.Timeline.libqtquicktimelineplugin
2023-09-02 14:56:02,221 [ 102774]   WARN - #c.j.p.s.s.PySkeletonRefresher - PyQt5.Qt5.qml.QtQuick.XmlListModel.libqmlxmllistmodelplugin
2023-09-02 14:56:02,221 [ 102774]   WARN - #c.j.p.s.s.PySkeletonRefresher - PyQt5.Qt5.qml.QtQuick3D.Effects.libqtquick3deffectplugin
2023-09-02 14:56:02,221 [ 102774]   WARN - #c.j.p.s.s.PySkeletonRefresher - PyQt5.Qt5.qml.QtQuick3D.Helpers.libqtquick3dhelpersplugin
2023-09-02 14:56:02,221 [ 102774]   WARN - #c.j.p.s.s.PySkeletonRefresher - PyQt5.Qt5.qml.QtQuick3D.Materials.libqtquick3dmaterialplugin
2023-09-02 14:56:02,221 [ 102774]   WARN - #c.j.p.s.s.PySkeletonRefresher - PyQt5.Qt5.qml.QtQuick3D.libqquick3dplugin
2023-09-02 14:56:02,221 [ 102774]   WARN - #c.j.p.s.s.PySkeletonRefresher - PyQt5.Qt5.qml.QtRemoteObjects.libqtremoteobjects
2023-09-02 14:56:02,221 [ 102774]   WARN - #c.j.p.s.s.PySkeletonRefresher - PyQt5.Qt5.qml.QtSensors.libdeclarative_sensors
2023-09-02 14:56:02,222 [ 102775]   WARN - #c.j.p.s.s.PySkeletonRefresher - PyQt5.Qt5.qml.QtTest.libqmltestplugin
2023-09-02 14:56:02,222 [ 102775]   WARN - #c.j.p.s.s.PySkeletonRefresher - PyQt5.Qt5.qml.QtWebChannel.libdeclarative_webchannel
2023-09-02 14:56:02,222 [ 102775]   WARN - #c.j.p.s.s.PySkeletonRefresher - PyQt5.Qt5.qml.QtWebSockets.libdeclarative_qmlwebsockets
2023-09-02 14:56:02,222 [ 102775]   WARN - #c.j.p.s.s.PySkeletonRefresher - PyQt5.Qt5.qml.QtWebView.libdeclarative_webview
2023-09-02 14:56:02,222 [ 102775]   WARN - #c.j.p.s.s.PySkeletonRefresher - amp_C
2023-09-02 14:56:02,222 [ 102775]   WARN - #c.j.p.s.s.PySkeletonRefresher - apex_C
2023-09-02 14:56:02,222 [ 102775]   WARN - #c.j.p.s.s.PySkeletonRefresher - cv2.cv2
2023-09-02 14:56:02,222 [ 102775]   WARN - #c.j.p.s.s.PySkeletonRefresher - cv2.qt.plugins.platforms.libqxcb
2023-09-02 14:56:02,222 [ 102775]   WARN - #c.j.p.s.s.PySkeletonRefresher - debugpy._vendored.pydevd._pydevd_bundle.pydevd_cython
2023-09-02 14:56:02,222 [ 102775]   WARN - #c.j.p.s.s.PySkeletonRefresher - debugpy._vendored.pydevd._pydevd_frame_eval.pydevd_frame_evaluator
2023-09-02 14:56:02,222 [ 102775]   WARN - #c.j.p.s.s.PySkeletonRefresher - debugpy._vendored.pydevd.pydevd_attach_to_process.attach_linux_amd64
2023-09-02 14:56:02,222 [ 102775]   WARN - #c.j.p.s.s.PySkeletonRefresher - fused_dense_cuda
2023-09-02 14:56:02,222 [ 102775]   WARN - #c.j.p.s.s.PySkeletonRefresher - fused_layer_norm_cuda
2023-09-02 14:56:02,222 [ 102775]   WARN - #c.j.p.s.s.PySkeletonRefresher - fused_weight_gradient_mlp_cuda
2023-09-02 14:56:02,222 [ 102775]   WARN - #c.j.p.s.s.PySkeletonRefresher - generic_scaled_masked_softmax_cuda
2023-09-02 14:56:02,222 [ 102775]   WARN - #c.j.p.s.s.PySkeletonRefresher - greenlet.tests._test_extension
2023-09-02 14:56:02,222 [ 102775]   WARN - #c.j.p.s.s.PySkeletonRefresher - greenlet.tests._test_extension_cpp
2023-09-02 14:56:02,222 [ 102775]   WARN - #c.j.p.s.s.PySkeletonRefresher - mlp_cuda
2023-09-02 14:56:02,222 [ 102775]   WARN - #c.j.p.s.s.PySkeletonRefresher - scaled_masked_softmax_cuda
2023-09-02 14:56:02,223 [ 102776]   WARN - #c.j.p.s.s.PySkeletonRefresher - scaled_softmax_cuda
2023-09-02 14:56:02,223 [ 102776]   WARN - #c.j.p.s.s.PySkeletonRefresher - scaled_upper_triang_masked_softmax_cuda
2023-09-02 14:56:02,223 [ 102776]   WARN - #c.j.p.s.s.PySkeletonRefresher - syncbn
2023-09-02 14:56:02,223 [ 102776]   WARN - #c.j.p.s.s.PySkeletonRefresher - torch.lib.libc10
2023-09-02 14:56:02,223 [ 102776]   WARN - #c.j.p.s.s.PySkeletonRefresher - torch.lib.libc10_cuda
2023-09-02 14:56:02,223 [ 102776]   WARN - #c.j.p.s.s.PySkeletonRefresher - torch.lib.libcaffe2_detectron_ops_gpu
2023-09-02 14:56:02,223 [ 102776]   WARN - #c.j.p.s.s.PySkeletonRefresher - torch.lib.libcaffe2_module_test_dynamic
2023-09-02 14:56:02,223 [ 102776]   WARN - #c.j.p.s.s.PySkeletonRefresher - torch.lib.libcaffe2_nvrtc
2023-09-02 14:56:02,223 [ 102776]   WARN - #c.j.p.s.s.PySkeletonRefresher - torch.lib.libcaffe2_observers
2023-09-02 14:56:02,223 [ 102776]   WARN - #c.j.p.s.s.PySkeletonRefresher - torch.lib.libshm
2023-09-02 14:56:02,223 [ 102776]   WARN - #c.j.p.s.s.PySkeletonRefresher - torch.lib.libtorch
2023-09-02 14:56:02,223 [ 102776]   WARN - #c.j.p.s.s.PySkeletonRefresher - torch.lib.libtorch_cpu
2023-09-02 14:56:02,223 [ 102776]   WARN - #c.j.p.s.s.PySkeletonRefresher - torch.lib.libtorch_cuda
2023-09-02 14:56:02,223 [ 102776]   WARN - #c.j.p.s.s.PySkeletonRefresher - torch.lib.libtorch_cuda_cpp
2023-09-02 14:56:02,223 [ 102776]   WARN - #c.j.p.s.s.PySkeletonRefresher - torch.lib.libtorch_cuda_cu
2023-09-02 14:56:02,223 [ 102776]   WARN - #c.j.p.s.s.PySkeletonRefresher - torch.lib.libtorch_global_deps
2023-09-02 14:56:02,223 [ 102776]   WARN - #c.j.p.s.s.PySkeletonRefresher - torch.lib.libtorch_python
2023-09-02 14:56:02,223 [ 102776]   WARN - #c.j.p.s.s.PySkeletonRefresher - torchaudio.lib.libtorchaudio
2023-09-02 14:56:02,223 [ 102776]   WARN - #c.j.p.s.s.PySkeletonRefresher - torchvision._C
2023-09-02 14:56:02,223 [ 102776]   WARN - #c.j.p.s.s.PySkeletonRefresher - torchvision.image
2023-09-02 14:56:07,710 [ 108263]   WARN - #c.j.p.s.s.PySkeletonRefresher - Some skeletons failed to generate
2023-09-02 14:56:07,710 [ 108263]   WARN - #c.j.p.s.s.PySkeletonRefresher - scipy.optimize._lsap_
2023-09-02 15:01:22,083 [ 422636] SEVERE - #c.i.u.t.i.ActionButton - BGT action PyPlotToolWindow$ClosePlotAction (com.jetbrains.python.scientific.figures.PyPlotToolWindow$ClosePlotAction) is not allowed. Only EDT actions are allowed. [Plugin: Pythonid]
com.intellij.diagnostic.PluginException: BGT action PyPlotToolWindow$ClosePlotAction (com.jetbrains.python.scientific.figures.PyPlotToolWindow$ClosePlotAction) is not allowed. Only EDT actions are allowed. [Plugin: Pythonid]
	at com.intellij.diagnostic.PluginProblemReporterImpl.createPluginExceptionByClass(PluginProblemReporterImpl.java:23)
	at com.intellij.diagnostic.PluginException.createByClass(PluginException.java:89)
	at com.intellij.ui.tabs.impl.ActionButton.<init>(ActionButton.java:44)
	at com.intellij.ui.tabs.impl.ActionPanel$1.<init>(ActionPanel.java:52)
	at com.intellij.ui.tabs.impl.ActionPanel.<init>(ActionPanel.java:52)
	at com.intellij.ui.tabs.impl.TabLabel.setTabActions(TabLabel.java:566)
	at com.intellij.ui.tabs.impl.JBTabsImpl.updateTabActions(JBTabsImpl.kt:1577)
	at com.intellij.ui.tabs.impl.JBTabsImpl.addTab(JBTabsImpl.kt:1182)
	at com.intellij.ui.tabs.impl.JBTabsImpl.addTab(JBTabsImpl.kt:1154)
	at com.intellij.ui.tabs.impl.JBTabsImpl.addTab(JBTabsImpl.kt:1201)
	at com.jetbrains.python.scientific.figures.PyPlotToolWindow.lambda$addFigure$0(PyPlotToolWindow.java:125)
	at com.intellij.openapi.application.TransactionGuardImpl.runWithWritingAllowed(TransactionGuardImpl.java:208)
	at com.intellij.openapi.application.TransactionGuardImpl.access$100(TransactionGuardImpl.java:21)
	at com.intellij.openapi.application.TransactionGuardImpl$1.run(TransactionGuardImpl.java:190)
	at com.intellij.openapi.application.impl.ApplicationImpl.runIntendedWriteActionOnCurrentThread(ApplicationImpl.java:861)
	at com.intellij.openapi.application.impl.ApplicationImpl$4.run(ApplicationImpl.java:478)
	at com.intellij.openapi.application.impl.FlushQueue.doRun(FlushQueue.java:79)
	at com.intellij.openapi.application.impl.FlushQueue.runNextEvent(FlushQueue.java:121)
	at com.intellij.openapi.application.impl.FlushQueue.flushNow(FlushQueue.java:41)
	at java.desktop/java.awt.event.InvocationEvent.dispatch(InvocationEvent.java:318)
	at java.desktop/java.awt.EventQueue.dispatchEventImpl(EventQueue.java:789)
	at java.desktop/java.awt.EventQueue$3.run(EventQueue.java:740)
	at java.desktop/java.awt.EventQueue$3.run(EventQueue.java:734)
	at java.base/java.security.AccessController.doPrivileged(AccessController.java:399)
	at java.base/java.security.ProtectionDomain$JavaSecurityAccessImpl.doIntersectionPrivilege(ProtectionDomain.java:86)
	at java.desktop/java.awt.EventQueue.dispatchEvent(EventQueue.java:759)
	at com.intellij.ide.IdeEventQueue.defaultDispatchEvent(IdeEventQueue.kt:685)
	at com.intellij.ide.IdeEventQueue._dispatchEvent$lambda$10(IdeEventQueue.kt:589)
	at com.intellij.openapi.application.impl.ApplicationImpl.runWithoutImplicitRead(ApplicationImpl.java:1485)
	at com.intellij.ide.IdeEventQueue._dispatchEvent(IdeEventQueue.kt:589)
	at com.intellij.ide.IdeEventQueue.access$_dispatchEvent(IdeEventQueue.kt:67)
	at com.intellij.ide.IdeEventQueue$dispatchEvent$processEventRunnable$1$1$1.compute(IdeEventQueue.kt:369)
	at com.intellij.ide.IdeEventQueue$dispatchEvent$processEventRunnable$1$1$1.compute(IdeEventQueue.kt:368)
	at com.intellij.openapi.progress.impl.CoreProgressManager.computePrioritized(CoreProgressManager.java:787)
	at com.intellij.ide.IdeEventQueue$dispatchEvent$processEventRunnable$1$1.invoke(IdeEventQueue.kt:368)
	at com.intellij.ide.IdeEventQueue$dispatchEvent$processEventRunnable$1$1.invoke(IdeEventQueue.kt:363)
	at com.intellij.ide.IdeEventQueueKt.performActivity$lambda$1(IdeEventQueue.kt:992)
	at com.intellij.openapi.application.TransactionGuardImpl.performActivity(TransactionGuardImpl.java:105)
	at com.intellij.ide.IdeEventQueueKt.performActivity(IdeEventQueue.kt:992)
	at com.intellij.ide.IdeEventQueue.dispatchEvent$lambda$7(IdeEventQueue.kt:363)
	at com.intellij.openapi.application.impl.ApplicationImpl.runIntendedWriteActionOnCurrentThread(ApplicationImpl.java:861)
	at com.intellij.ide.IdeEventQueue.dispatchEvent(IdeEventQueue.kt:405)
	at java.desktop/java.awt.EventDispatchThread.pumpOneEventForFilters(EventDispatchThread.java:207)
	at java.desktop/java.awt.EventDispatchThread.pumpEventsForFilter(EventDispatchThread.java:128)
	at java.desktop/java.awt.EventDispatchThread.pumpEventsForHierarchy(EventDispatchThread.java:117)
	at java.desktop/java.awt.EventDispatchThread.pumpEvents(EventDispatchThread.java:113)
	at java.desktop/java.awt.EventDispatchThread.pumpEvents(EventDispatchThread.java:105)
	at java.desktop/java.awt.EventDispatchThread.run(EventDispatchThread.java:92)
2023-09-02 15:01:22,086 [ 422639] SEVERE - #c.i.u.t.i.ActionButton - PyCharm 2023.2  Build #PY-232.8660.197
2023-09-02 15:01:22,086 [ 422639] SEVERE - #c.i.u.t.i.ActionButton - JDK: 17.0.7; VM: OpenJDK 64-Bit Server VM; Vendor: JetBrains s.r.o.
2023-09-02 15:01:22,086 [ 422639] SEVERE - #c.i.u.t.i.ActionButton - OS: Linux
2023-09-02 15:01:22,267 [ 422820] SEVERE - #c.i.u.t.i.ActionButton - BGT action PyDataView$CloseViewerAction (com.jetbrains.python.debugger.containerview.PyDataView$CloseViewerAction) is not allowed. Only EDT actions are allowed. [Plugin: Pythonid]
com.intellij.diagnostic.PluginException: BGT action PyDataView$CloseViewerAction (com.jetbrains.python.debugger.containerview.PyDataView$CloseViewerAction) is not allowed. Only EDT actions are allowed. [Plugin: Pythonid]
	at com.intellij.diagnostic.PluginProblemReporterImpl.createPluginExceptionByClass(PluginProblemReporterImpl.java:23)
	at com.intellij.diagnostic.PluginException.createByClass(PluginException.java:89)
	at com.intellij.ui.tabs.impl.ActionButton.<init>(ActionButton.java:44)
	at com.intellij.ui.tabs.impl.ActionPanel$1.<init>(ActionPanel.java:52)
	at com.intellij.ui.tabs.impl.ActionPanel.<init>(ActionPanel.java:52)
	at com.intellij.ui.tabs.impl.TabLabel.setTabActions(TabLabel.java:566)
	at com.intellij.ui.tabs.impl.JBTabsImpl.updateTabActions(JBTabsImpl.kt:1577)
	at com.intellij.ui.tabs.impl.JBTabsImpl.addTab(JBTabsImpl.kt:1182)
	at com.intellij.ui.tabs.impl.JBTabsImpl.addTab(JBTabsImpl.kt:1154)
	at com.intellij.ui.tabs.impl.JBTabsImpl.addTab(JBTabsImpl.kt:1201)
	at com.jetbrains.python.debugger.containerview.PyDataView.addTab(PyDataView.java:216)
	at com.jetbrains.python.scientific.PyDataViewToolWindowFactory.addTabConnectedToConsole(PyDataViewToolWindowFactory.java:160)
	at com.jetbrains.python.scientific.PyDataViewToolWindowFactory$3.selectionChanged(PyDataViewToolWindowFactory.java:135)
	at jdk.internal.reflect.GeneratedMethodAccessor91.invoke(Unknown Source)
	at java.base/jdk.internal.reflect.DelegatingMethodAccessorImpl.invoke(DelegatingMethodAccessorImpl.java:43)
	at java.base/java.lang.reflect.Method.invoke(Method.java:568)
	at com.intellij.util.EventDispatcher.dispatchVoidMethod(EventDispatcher.java:118)
	at com.intellij.util.EventDispatcher.lambda$createMulticaster$1(EventDispatcher.java:83)
	at jdk.proxy2/jdk.proxy2.$Proxy115.selectionChanged(Unknown Source)
	at com.intellij.ui.content.impl.ContentManagerImpl.fireSelectionChanged(ContentManagerImpl.java:621)
	at com.intellij.ui.content.impl.ContentManagerImpl.addSelectedContent(ContentManagerImpl.java:432)
	at com.intellij.ui.content.impl.ContentManagerImpl$2.run(ContentManagerImpl.java:520)
	at com.intellij.ui.content.impl.ContentManagerImpl.setSelectedContent(ContentManagerImpl.java:536)
	at com.intellij.ui.content.impl.ContentManagerImpl.setSelectedContentCB(ContentManagerImpl.java:485)
	at com.intellij.ui.content.impl.ContentManagerImpl.setSelectedContentCB(ContentManagerImpl.java:475)
	at com.intellij.ui.content.impl.ContentManagerImpl.setSelectedContentCB(ContentManagerImpl.java:559)
	at com.intellij.ui.content.impl.ContentManagerImpl.setSelectedContent(ContentManagerImpl.java:564)
	at com.intellij.ui.content.impl.ContentManagerImpl.doAddContent(ContentManagerImpl.java:201)
	at com.intellij.ui.content.impl.ContentManagerImpl.addContent(ContentManagerImpl.java:171)
	at com.jetbrains.python.console.PythonConsoleToolWindow.setContent(PythonConsoleToolWindow.java:85)
	at com.jetbrains.python.console.PythonConsoleToolWindow.init(PythonConsoleToolWindow.java:53)
	at com.jetbrains.python.console.PydevConsoleRunnerImpl.showContentDescriptor(PydevConsoleRunnerImpl.java:375)
	at com.jetbrains.python.console.PydevConsoleRunnerImpl.createContentDescriptorAndActions(PydevConsoleRunnerImpl.java:954)
	at com.jetbrains.python.console.PydevConsoleRunnerImpl.lambda$initAndRun$7(PydevConsoleRunnerImpl.java:872)
	at java.desktop/java.awt.event.InvocationEvent.dispatch(InvocationEvent.java:308)
	at java.desktop/java.awt.EventQueue.dispatchEventImpl(EventQueue.java:789)
	at java.desktop/java.awt.EventQueue$3.run(EventQueue.java:740)
	at java.desktop/java.awt.EventQueue$3.run(EventQueue.java:734)
	at java.base/java.security.AccessController.doPrivileged(AccessController.java:399)
	at java.base/java.security.ProtectionDomain$JavaSecurityAccessImpl.doIntersectionPrivilege(ProtectionDomain.java:86)
	at java.desktop/java.awt.EventQueue.dispatchEvent(EventQueue.java:759)
	at com.intellij.ide.IdeEventQueue.defaultDispatchEvent(IdeEventQueue.kt:685)
	at com.intellij.ide.IdeEventQueue._dispatchEvent$lambda$10(IdeEventQueue.kt:589)
	at com.intellij.openapi.application.impl.ApplicationImpl.runWithoutImplicitRead(ApplicationImpl.java:1485)
	at com.intellij.ide.IdeEventQueue._dispatchEvent(IdeEventQueue.kt:589)
	at com.intellij.ide.IdeEventQueue.access$_dispatchEvent(IdeEventQueue.kt:67)
	at com.intellij.ide.IdeEventQueue$dispatchEvent$processEventRunnable$1$1$1.compute(IdeEventQueue.kt:369)
	at com.intellij.ide.IdeEventQueue$dispatchEvent$processEventRunnable$1$1$1.compute(IdeEventQueue.kt:368)
	at com.intellij.openapi.progress.impl.CoreProgressManager.computePrioritized(CoreProgressManager.java:787)
	at com.intellij.ide.IdeEventQueue$dispatchEvent$processEventRunnable$1$1.invoke(IdeEventQueue.kt:368)
	at com.intellij.ide.IdeEventQueue$dispatchEvent$processEventRunnable$1$1.invoke(IdeEventQueue.kt:363)
	at com.intellij.ide.IdeEventQueueKt.performActivity$lambda$1(IdeEventQueue.kt:992)
	at com.intellij.openapi.application.TransactionGuardImpl.performActivity(TransactionGuardImpl.java:105)
	at com.intellij.ide.IdeEventQueueKt.performActivity(IdeEventQueue.kt:992)
	at com.intellij.ide.IdeEventQueue.dispatchEvent$lambda$7(IdeEventQueue.kt:363)
	at com.intellij.openapi.application.impl.ApplicationImpl.runIntendedWriteActionOnCurrentThread(ApplicationImpl.java:861)
	at com.intellij.ide.IdeEventQueue.dispatchEvent(IdeEventQueue.kt:405)
	at java.desktop/java.awt.EventDispatchThread.pumpOneEventForFilters(EventDispatchThread.java:207)
	at java.desktop/java.awt.EventDispatchThread.pumpEventsForFilter(EventDispatchThread.java:128)
	at java.desktop/java.awt.EventDispatchThread.pumpEventsForHierarchy(EventDispatchThread.java:117)
	at java.desktop/java.awt.EventDispatchThread.pumpEvents(EventDispatchThread.java:113)
	at java.desktop/java.awt.EventDispatchThread.pumpEvents(EventDispatchThread.java:105)
	at java.desktop/java.awt.EventDispatchThread.run(EventDispatchThread.java:92)
2023-09-02 15:01:22,268 [ 422821] SEVERE - #c.i.u.t.i.ActionButton - PyCharm 2023.2  Build #PY-232.8660.197
2023-09-02 15:01:22,268 [ 422821] SEVERE - #c.i.u.t.i.ActionButton - JDK: 17.0.7; VM: OpenJDK 64-Bit Server VM; Vendor: JetBrains s.r.o.
2023-09-02 15:01:22,268 [ 422821] SEVERE - #c.i.u.t.i.ActionButton - OS: Linux
2023-09-02 15:46:56,239 [3156792] SEVERE - #c.i.u.m.i.MessageBusImpl - Bus is already disposed
java.lang.Throwable: Bus is already disposed
	at com.intellij.openapi.diagnostic.Logger.error(Logger.java:370)
	at com.intellij.util.messages.impl.MessageBusConnectionImpl.deliverImmediately(MessageBusConnectionImpl.kt:47)
	at com.intellij.execution.console.ConsoleExecutionEditor.dispose(ConsoleExecutionEditor.java:202)
	at com.intellij.openapi.util.ObjectTree.runWithTrace(ObjectTree.java:129)
	at com.intellij.openapi.util.ObjectTree.executeAll(ObjectTree.java:161)
	at com.intellij.openapi.util.Disposer.dispose(Disposer.java:262)
	at com.intellij.openapi.util.Disposer.dispose(Disposer.java:250)
	at com.intellij.serviceContainer.ComponentManagerImpl.dispose(ComponentManagerImpl.kt:1214)
	at com.intellij.openapi.project.impl.ProjectImpl.dispose(ProjectImpl.kt:295)
	at com.intellij.openapi.util.ObjectTree.runWithTrace(ObjectTree.java:129)
	at com.intellij.openapi.util.ObjectTree.executeAll(ObjectTree.java:161)
	at com.intellij.openapi.util.Disposer.dispose(Disposer.java:262)
	at com.intellij.openapi.util.Disposer.dispose(Disposer.java:250)
	at com.intellij.openapi.project.impl.ProjectManagerImpl.closeProject$lambda$15(ProjectManagerImpl.kt:404)
	at com.intellij.openapi.application.impl.ApplicationImpl.runWriteAction(ApplicationImpl.java:992)
	at com.intellij.openapi.project.impl.ProjectManagerImpl.closeProject(ProjectManagerImpl.kt:386)
	at com.intellij.openapi.project.impl.ProjectManagerImpl.closeProject$default(ProjectManagerImpl.kt:316)
	at com.intellij.openapi.project.impl.ProjectManagerImpl$closeAndDisposeKeepingFrame$2$1.invoke(ProjectManagerImpl.kt:943)
	at com.intellij.openapi.project.impl.ProjectManagerImpl$closeAndDisposeKeepingFrame$2$1.invoke(ProjectManagerImpl.kt:941)
	at com.intellij.openapi.progress.CoroutinesKt.blockingContext(coroutines.kt:248)
	at com.intellij.openapi.progress.CoroutinesKt.blockingContext(coroutines.kt:199)
	at com.intellij.openapi.project.impl.ProjectManagerImpl$closeAndDisposeKeepingFrame$2.invokeSuspend(ProjectManagerImpl.kt:941)
	at kotlin.coroutines.jvm.internal.BaseContinuationImpl.resumeWith(ContinuationImpl.kt:33)
	at kotlinx.coroutines.DispatchedTask.run(DispatchedTask.kt:106)
	at com.intellij.openapi.application.impl.DispatchedRunnable.run(DispatchedRunnable.kt:43)
	at com.intellij.openapi.application.TransactionGuardImpl.runWithWritingAllowed(TransactionGuardImpl.java:208)
	at com.intellij.openapi.application.TransactionGuardImpl.access$100(TransactionGuardImpl.java:21)
	at com.intellij.openapi.application.TransactionGuardImpl$1.run(TransactionGuardImpl.java:190)
	at com.intellij.openapi.application.impl.ApplicationImpl.runIntendedWriteActionOnCurrentThread(ApplicationImpl.java:861)
	at com.intellij.openapi.application.impl.ApplicationImpl$4.run(ApplicationImpl.java:478)
	at com.intellij.openapi.application.impl.FlushQueue.doRun(FlushQueue.java:79)
	at com.intellij.openapi.application.impl.FlushQueue.runNextEvent(FlushQueue.java:121)
	at com.intellij.openapi.application.impl.FlushQueue.flushNow(FlushQueue.java:41)
	at java.desktop/java.awt.event.InvocationEvent.dispatch(InvocationEvent.java:318)
	at java.desktop/java.awt.EventQueue.dispatchEventImpl(EventQueue.java:789)
	at java.desktop/java.awt.EventQueue$3.run(EventQueue.java:740)
	at java.desktop/java.awt.EventQueue$3.run(EventQueue.java:734)
	at java.base/java.security.AccessController.doPrivileged(AccessController.java:399)
	at java.base/java.security.ProtectionDomain$JavaSecurityAccessImpl.doIntersectionPrivilege(ProtectionDomain.java:86)
	at java.desktop/java.awt.EventQueue.dispatchEvent(EventQueue.java:759)
	at com.intellij.ide.IdeEventQueue.defaultDispatchEvent(IdeEventQueue.kt:685)
	at com.intellij.ide.IdeEventQueue._dispatchEvent$lambda$10(IdeEventQueue.kt:589)
	at com.intellij.openapi.application.impl.ApplicationImpl.runWithoutImplicitRead(ApplicationImpl.java:1485)
	at com.intellij.ide.IdeEventQueue._dispatchEvent(IdeEventQueue.kt:589)
	at com.intellij.ide.IdeEventQueue.access$_dispatchEvent(IdeEventQueue.kt:67)
	at com.intellij.ide.IdeEventQueue$dispatchEvent$processEventRunnable$1$1$1.compute(IdeEventQueue.kt:369)
	at com.intellij.ide.IdeEventQueue$dispatchEvent$processEventRunnable$1$1$1.compute(IdeEventQueue.kt:368)
	at com.intellij.openapi.progress.impl.CoreProgressManager.computePrioritized(CoreProgressManager.java:787)
	at com.intellij.ide.IdeEventQueue$dispatchEvent$processEventRunnable$1$1.invoke(IdeEventQueue.kt:368)
	at com.intellij.ide.IdeEventQueue$dispatchEvent$processEventRunnable$1$1.invoke(IdeEventQueue.kt:363)
	at com.intellij.ide.IdeEventQueueKt.performActivity$lambda$1(IdeEventQueue.kt:992)
	at com.intellij.openapi.application.TransactionGuardImpl.performActivity(TransactionGuardImpl.java:113)
	at com.intellij.ide.IdeEventQueueKt.performActivity(IdeEventQueue.kt:992)
	at com.intellij.ide.IdeEventQueue.dispatchEvent$lambda$7(IdeEventQueue.kt:363)
	at com.intellij.openapi.application.impl.ApplicationImpl.runIntendedWriteActionOnCurrentThread(ApplicationImpl.java:861)
	at com.intellij.ide.IdeEventQueue.dispatchEvent(IdeEventQueue.kt:405)
	at com.intellij.openapi.progress.impl.PlatformTaskSupportKt.pumpEventsForHierarchy(PlatformTaskSupport.kt:379)
	at com.intellij.openapi.progress.impl.PlatformTaskSupportKt.access$pumpEventsForHierarchy(PlatformTaskSupport.kt:1)
	at com.intellij.openapi.progress.impl.PlatformTaskSupport$runWithModalProgressBlockingInternal$2.invoke(PlatformTaskSupport.kt:157)
	at com.intellij.openapi.progress.impl.PlatformTaskSupport$runWithModalProgressBlockingInternal$2.invoke(PlatformTaskSupport.kt:135)
	at com.intellij.openapi.application.impl.ModalityKt.inModalContext(modality.kt:12)
	at com.intellij.openapi.progress.impl.PlatformTaskSupport.runWithModalProgressBlockingInternal(PlatformTaskSupport.kt:135)
	at com.intellij.openapi.progress.impl.PlatformTaskSupport.access$runWithModalProgressBlockingInternal(PlatformTaskSupport.kt:41)
	at com.intellij.openapi.progress.impl.PlatformTaskSupport$runWithModalProgressBlockingInternal$1.invoke(PlatformTaskSupport.kt:123)
	at com.intellij.openapi.progress.impl.PlatformTaskSupport$runWithModalProgressBlockingInternal$1.invoke(PlatformTaskSupport.kt:119)
	at com.intellij.openapi.progress.ContextKt.prepareThreadContext(context.kt:90)
	at com.intellij.openapi.progress.impl.PlatformTaskSupport.runWithModalProgressBlockingInternal(PlatformTaskSupport.kt:119)
	at com.intellij.openapi.progress.TasksKt.runBlockingModalWithRawProgressReporter(tasks.kt:285)
	at com.intellij.openapi.progress.TasksKt.runBlockingModalWithRawProgressReporter$default(tasks.kt:279)
	at com.intellij.ide.actions.OpenFileAction$actionPerformed$1.invoke(OpenFileAction.kt:84)
	at com.intellij.ide.actions.OpenFileAction$actionPerformed$1.invoke(OpenFileAction.kt:75)
	at com.intellij.ide.actions.OpenFileAction.actionPerformed$lambda$0(OpenFileAction.kt:75)
	at com.intellij.openapi.fileChooser.ex.FileChooserDialogImpl.choose(FileChooserDialogImpl.java:137)
	at com.intellij.openapi.fileChooser.FileChooser.chooseFiles(FileChooser.java:102)
	at com.intellij.openapi.fileChooser.FileChooser.chooseFiles(FileChooser.java:80)
	at com.intellij.ide.actions.OpenFileAction.actionPerformed(OpenFileAction.kt:75)
	at com.intellij.openapi.actionSystem.ex.ActionUtil.doPerformActionOrShowPopup(ActionUtil.java:339)
	at com.intellij.openapi.actionSystem.ex.ActionUtil.lambda$performActionDumbAwareWithCallbacks$4(ActionUtil.java:313)
	at com.intellij.openapi.actionSystem.ex.ActionUtil.performDumbAwareWithCallbacks(ActionUtil.java:362)
	at com.intellij.openapi.actionSystem.ex.ActionUtil.performActionDumbAwareWithCallbacks(ActionUtil.java:313)
	at com.intellij.openapi.actionSystem.impl.ActionMenuItem.lambda$performAction$5(ActionMenuItem.java:300)
	at com.intellij.openapi.wm.impl.FocusManagerImpl.runOnOwnContext(FocusManagerImpl.java:226)
	at com.intellij.openapi.actionSystem.impl.ActionMenuItem.performAction(ActionMenuItem.java:293)
	at com.intellij.openapi.actionSystem.impl.ActionMenuItem.lambda$new$0(ActionMenuItem.java:68)
	at java.desktop/javax.swing.AbstractButton.fireActionPerformed(AbstractButton.java:1972)
	at com.intellij.openapi.actionSystem.impl.ActionMenuItem.lambda$fireActionPerformed$4(ActionMenuItem.java:115)
	at com.intellij.openapi.application.TransactionGuardImpl.performActivity(TransactionGuardImpl.java:105)
	at com.intellij.openapi.application.TransactionGuardImpl.performUserActivity(TransactionGuardImpl.java:94)
	at com.intellij.openapi.actionSystem.impl.ActionMenuItem.fireActionPerformed(ActionMenuItem.java:115)
	at com.intellij.ui.plaf.beg.BegMenuItemUI.doClick(BegMenuItemUI.java:526)
	at com.intellij.ui.plaf.beg.BegMenuItemUI$MyMouseInputHandler.mouseReleased(BegMenuItemUI.java:558)
	at java.desktop/java.awt.Component.processMouseEvent(Component.java:6657)
	at java.desktop/javax.swing.JComponent.processMouseEvent(JComponent.java:3385)
	at java.desktop/java.awt.Component.processEvent(Component.java:6422)
	at java.desktop/java.awt.Container.processEvent(Container.java:2266)
	at java.desktop/java.awt.Component.dispatchEventImpl(Component.java:5027)
	at java.desktop/java.awt.Container.dispatchEventImpl(Container.java:2324)
	at java.desktop/java.awt.Component.dispatchEvent(Component.java:4855)
	at java.desktop/java.awt.LightweightDispatcher.retargetMouseEvent(Container.java:4954)
	at java.desktop/java.awt.LightweightDispatcher.processMouseEvent(Container.java:4581)
	at java.desktop/java.awt.LightweightDispatcher.dispatchEvent(Container.java:4522)
	at java.desktop/java.awt.Container.dispatchEventImpl(Container.java:2310)
	at java.desktop/java.awt.Window.dispatchEventImpl(Window.java:2808)
	at java.desktop/java.awt.Component.dispatchEvent(Component.java:4855)
	at java.desktop/java.awt.EventQueue.dispatchEventImpl(EventQueue.java:791)
	at java.desktop/java.awt.EventQueue$3.run(EventQueue.java:740)
	at java.desktop/java.awt.EventQueue$3.run(EventQueue.java:734)
	at java.base/java.security.AccessController.doPrivileged(AccessController.java:399)
	at java.base/java.security.ProtectionDomain$JavaSecurityAccessImpl.doIntersectionPrivilege(ProtectionDomain.java:86)
	at java.base/java.security.ProtectionDomain$JavaSecurityAccessImpl.doIntersectionPrivilege(ProtectionDomain.java:97)
	at java.desktop/java.awt.EventQueue$4.run(EventQueue.java:764)
	at java.desktop/java.awt.EventQueue$4.run(EventQueue.java:762)
	at java.base/java.security.AccessController.doPrivileged(AccessController.java:399)
	at java.base/java.security.ProtectionDomain$JavaSecurityAccessImpl.doIntersectionPrivilege(ProtectionDomain.java:86)
	at java.desktop/java.awt.EventQueue.dispatchEvent(EventQueue.java:761)
	at com.intellij.ide.IdeEventQueue.defaultDispatchEvent(IdeEventQueue.kt:685)
	at com.intellij.ide.IdeEventQueue.dispatchMouseEvent(IdeEventQueue.kt:633)
	at com.intellij.ide.IdeEventQueue._dispatchEvent(IdeEventQueue.kt:588)
	at com.intellij.ide.IdeEventQueue.access$_dispatchEvent(IdeEventQueue.kt:67)
	at com.intellij.ide.IdeEventQueue$dispatchEvent$processEventRunnable$1$1$1.compute(IdeEventQueue.kt:369)
	at com.intellij.ide.IdeEventQueue$dispatchEvent$processEventRunnable$1$1$1.compute(IdeEventQueue.kt:368)
	at com.intellij.openapi.progress.impl.CoreProgressManager.computePrioritized(CoreProgressManager.java:787)
	at com.intellij.ide.IdeEventQueue$dispatchEvent$processEventRunnable$1$1.invoke(IdeEventQueue.kt:368)
	at com.intellij.ide.IdeEventQueue$dispatchEvent$processEventRunnable$1$1.invoke(IdeEventQueue.kt:363)
	at com.intellij.ide.IdeEventQueueKt.performActivity$lambda$1(IdeEventQueue.kt:992)
	at com.intellij.openapi.application.TransactionGuardImpl.performActivity(TransactionGuardImpl.java:113)
	at com.intellij.ide.IdeEventQueueKt.performActivity(IdeEventQueue.kt:992)
	at com.intellij.ide.IdeEventQueue.dispatchEvent$lambda$7(IdeEventQueue.kt:363)
	at com.intellij.openapi.application.impl.ApplicationImpl.runIntendedWriteActionOnCurrentThread(ApplicationImpl.java:861)
	at com.intellij.ide.IdeEventQueue.dispatchEvent(IdeEventQueue.kt:405)
	at java.desktop/java.awt.EventDispatchThread.pumpOneEventForFilters(EventDispatchThread.java:207)
	at java.desktop/java.awt.EventDispatchThread.pumpEventsForFilter(EventDispatchThread.java:128)
	at java.desktop/java.awt.EventDispatchThread.pumpEventsForHierarchy(EventDispatchThread.java:117)
	at java.desktop/java.awt.EventDispatchThread.pumpEvents(EventDispatchThread.java:113)
	at java.desktop/java.awt.EventDispatchThread.pumpEvents(EventDispatchThread.java:105)
	at java.desktop/java.awt.EventDispatchThread.run(EventDispatchThread.java:92)
2023-09-02 15:46:56,243 [3156796] SEVERE - #c.i.u.m.i.MessageBusImpl - PyCharm 2023.2  Build #PY-232.8660.197
2023-09-02 15:46:56,243 [3156796] SEVERE - #c.i.u.m.i.MessageBusImpl - JDK: 17.0.7; VM: OpenJDK 64-Bit Server VM; Vendor: JetBrains s.r.o.
2023-09-02 15:46:56,243 [3156796] SEVERE - #c.i.u.m.i.MessageBusImpl - OS: Linux
2023-09-02 15:46:56,246 [3156799] SEVERE - #c.i.p.i.f.i.FileManagerImpl - Project is already disposed: Project(name=paper, containerState=DISPOSED, componentStore=/home/herryao/paper) (disposed)
java.lang.Throwable: Project is already disposed: Project(name=paper, containerState=DISPOSED, componentStore=/home/herryao/paper) (disposed)
	at com.intellij.openapi.diagnostic.Logger.error(Logger.java:370)
	at com.intellij.psi.impl.file.impl.FileManagerImpl.dispatchPendingEvents(FileManagerImpl.java:306)
	at com.intellij.psi.impl.file.impl.FileManagerImpl.findFile(FileManagerImpl.java:357)
	at com.intellij.psi.impl.PsiManagerImpl.findFile(PsiManagerImpl.java:156)
	at com.intellij.psi.util.PsiUtilCore.getPsiFile(PsiUtilCore.java:483)
	at com.intellij.execution.console.LanguageConsoleImpl$Helper.lambda$getFile$0(LanguageConsoleImpl.java:472)
	at com.intellij.openapi.application.impl.ApplicationImpl.runReadAction(ApplicationImpl.java:923)
	at com.intellij.openapi.application.ReadAction.compute(ReadAction.java:76)
	at com.intellij.execution.console.LanguageConsoleImpl$Helper.getFile(LanguageConsoleImpl.java:472)
	at com.intellij.execution.console.LanguageConsoleImpl$Helper.getFileSafe(LanguageConsoleImpl.java:505)
	at com.intellij.execution.console.LanguageConsoleImpl.getFile(LanguageConsoleImpl.java:230)
	at com.jetbrains.python.console.PythonConsoleView.dispose(PythonConsoleView.java:717)
	at com.intellij.openapi.util.ObjectTree.runWithTrace(ObjectTree.java:129)
	at com.intellij.openapi.util.ObjectTree.executeAll(ObjectTree.java:161)
	at com.intellij.openapi.util.Disposer.dispose(Disposer.java:262)
	at com.intellij.openapi.util.Disposer.dispose(Disposer.java:250)
	at com.intellij.serviceContainer.ComponentManagerImpl.dispose(ComponentManagerImpl.kt:1214)
	at com.intellij.openapi.project.impl.ProjectImpl.dispose(ProjectImpl.kt:295)
	at com.intellij.openapi.util.ObjectTree.runWithTrace(ObjectTree.java:129)
	at com.intellij.openapi.util.ObjectTree.executeAll(ObjectTree.java:161)
	at com.intellij.openapi.util.Disposer.dispose(Disposer.java:262)
	at com.intellij.openapi.util.Disposer.dispose(Disposer.java:250)
	at com.intellij.openapi.project.impl.ProjectManagerImpl.closeProject$lambda$15(ProjectManagerImpl.kt:404)
	at com.intellij.openapi.application.impl.ApplicationImpl.runWriteAction(ApplicationImpl.java:992)
	at com.intellij.openapi.project.impl.ProjectManagerImpl.closeProject(ProjectManagerImpl.kt:386)
	at com.intellij.openapi.project.impl.ProjectManagerImpl.closeProject$default(ProjectManagerImpl.kt:316)
	at com.intellij.openapi.project.impl.ProjectManagerImpl$closeAndDisposeKeepingFrame$2$1.invoke(ProjectManagerImpl.kt:943)
	at com.intellij.openapi.project.impl.ProjectManagerImpl$closeAndDisposeKeepingFrame$2$1.invoke(ProjectManagerImpl.kt:941)
	at com.intellij.openapi.progress.CoroutinesKt.blockingContext(coroutines.kt:248)
	at com.intellij.openapi.progress.CoroutinesKt.blockingContext(coroutines.kt:199)
	at com.intellij.openapi.project.impl.ProjectManagerImpl$closeAndDisposeKeepingFrame$2.invokeSuspend(ProjectManagerImpl.kt:941)
	at kotlin.coroutines.jvm.internal.BaseContinuationImpl.resumeWith(ContinuationImpl.kt:33)
	at kotlinx.coroutines.DispatchedTask.run(DispatchedTask.kt:106)
	at com.intellij.openapi.application.impl.DispatchedRunnable.run(DispatchedRunnable.kt:43)
	at com.intellij.openapi.application.TransactionGuardImpl.runWithWritingAllowed(TransactionGuardImpl.java:208)
	at com.intellij.openapi.application.TransactionGuardImpl.access$100(TransactionGuardImpl.java:21)
	at com.intellij.openapi.application.TransactionGuardImpl$1.run(TransactionGuardImpl.java:190)
	at com.intellij.openapi.application.impl.ApplicationImpl.runIntendedWriteActionOnCurrentThread(ApplicationImpl.java:861)
	at com.intellij.openapi.application.impl.ApplicationImpl$4.run(ApplicationImpl.java:478)
	at com.intellij.openapi.application.impl.FlushQueue.doRun(FlushQueue.java:79)
	at com.intellij.openapi.application.impl.FlushQueue.runNextEvent(FlushQueue.java:121)
	at com.intellij.openapi.application.impl.FlushQueue.flushNow(FlushQueue.java:41)
	at java.desktop/java.awt.event.InvocationEvent.dispatch(InvocationEvent.java:318)
	at java.desktop/java.awt.EventQueue.dispatchEventImpl(EventQueue.java:789)
	at java.desktop/java.awt.EventQueue$3.run(EventQueue.java:740)
	at java.desktop/java.awt.EventQueue$3.run(EventQueue.java:734)
	at java.base/java.security.AccessController.doPrivileged(AccessController.java:399)
	at java.base/java.security.ProtectionDomain$JavaSecurityAccessImpl.doIntersectionPrivilege(ProtectionDomain.java:86)
	at java.desktop/java.awt.EventQueue.dispatchEvent(EventQueue.java:759)
	at com.intellij.ide.IdeEventQueue.defaultDispatchEvent(IdeEventQueue.kt:685)
	at com.intellij.ide.IdeEventQueue._dispatchEvent$lambda$10(IdeEventQueue.kt:589)
	at com.intellij.openapi.application.impl.ApplicationImpl.runWithoutImplicitRead(ApplicationImpl.java:1485)
	at com.intellij.ide.IdeEventQueue._dispatchEvent(IdeEventQueue.kt:589)
	at com.intellij.ide.IdeEventQueue.access$_dispatchEvent(IdeEventQueue.kt:67)
	at com.intellij.ide.IdeEventQueue$dispatchEvent$processEventRunnable$1$1$1.compute(IdeEventQueue.kt:369)
	at com.intellij.ide.IdeEventQueue$dispatchEvent$processEventRunnable$1$1$1.compute(IdeEventQueue.kt:368)
	at com.intellij.openapi.progress.impl.CoreProgressManager.computePrioritized(CoreProgressManager.java:787)
	at com.intellij.ide.IdeEventQueue$dispatchEvent$processEventRunnable$1$1.invoke(IdeEventQueue.kt:368)
	at com.intellij.ide.IdeEventQueue$dispatchEvent$processEventRunnable$1$1.invoke(IdeEventQueue.kt:363)
	at com.intellij.ide.IdeEventQueueKt.performActivity$lambda$1(IdeEventQueue.kt:992)
	at com.intellij.openapi.application.TransactionGuardImpl.performActivity(TransactionGuardImpl.java:113)
	at com.intellij.ide.IdeEventQueueKt.performActivity(IdeEventQueue.kt:992)
	at com.intellij.ide.IdeEventQueue.dispatchEvent$lambda$7(IdeEventQueue.kt:363)
	at com.intellij.openapi.application.impl.ApplicationImpl.runIntendedWriteActionOnCurrentThread(ApplicationImpl.java:861)
	at com.intellij.ide.IdeEventQueue.dispatchEvent(IdeEventQueue.kt:405)
	at com.intellij.openapi.progress.impl.PlatformTaskSupportKt.pumpEventsForHierarchy(PlatformTaskSupport.kt:379)
	at com.intellij.openapi.progress.impl.PlatformTaskSupportKt.access$pumpEventsForHierarchy(PlatformTaskSupport.kt:1)
	at com.intellij.openapi.progress.impl.PlatformTaskSupport$runWithModalProgressBlockingInternal$2.invoke(PlatformTaskSupport.kt:157)
	at com.intellij.openapi.progress.impl.PlatformTaskSupport$runWithModalProgressBlockingInternal$2.invoke(PlatformTaskSupport.kt:135)
	at com.intellij.openapi.application.impl.ModalityKt.inModalContext(modality.kt:12)
	at com.intellij.openapi.progress.impl.PlatformTaskSupport.runWithModalProgressBlockingInternal(PlatformTaskSupport.kt:135)
	at com.intellij.openapi.progress.impl.PlatformTaskSupport.access$runWithModalProgressBlockingInternal(PlatformTaskSupport.kt:41)
	at com.intellij.openapi.progress.impl.PlatformTaskSupport$runWithModalProgressBlockingInternal$1.invoke(PlatformTaskSupport.kt:123)
	at com.intellij.openapi.progress.impl.PlatformTaskSupport$runWithModalProgressBlockingInternal$1.invoke(PlatformTaskSupport.kt:119)
	at com.intellij.openapi.progress.ContextKt.prepareThreadContext(context.kt:90)
	at com.intellij.openapi.progress.impl.PlatformTaskSupport.runWithModalProgressBlockingInternal(PlatformTaskSupport.kt:119)
	at com.intellij.openapi.progress.TasksKt.runBlockingModalWithRawProgressReporter(tasks.kt:285)
	at com.intellij.openapi.progress.TasksKt.runBlockingModalWithRawProgressReporter$default(tasks.kt:279)
	at com.intellij.ide.actions.OpenFileAction$actionPerformed$1.invoke(OpenFileAction.kt:84)
	at com.intellij.ide.actions.OpenFileAction$actionPerformed$1.invoke(OpenFileAction.kt:75)
	at com.intellij.ide.actions.OpenFileAction.actionPerformed$lambda$0(OpenFileAction.kt:75)
	at com.intellij.openapi.fileChooser.ex.FileChooserDialogImpl.choose(FileChooserDialogImpl.java:137)
	at com.intellij.openapi.fileChooser.FileChooser.chooseFiles(FileChooser.java:102)
	at com.intellij.openapi.fileChooser.FileChooser.chooseFiles(FileChooser.java:80)
	at com.intellij.ide.actions.OpenFileAction.actionPerformed(OpenFileAction.kt:75)
	at com.intellij.openapi.actionSystem.ex.ActionUtil.doPerformActionOrShowPopup(ActionUtil.java:339)
	at com.intellij.openapi.actionSystem.ex.ActionUtil.lambda$performActionDumbAwareWithCallbacks$4(ActionUtil.java:313)
	at com.intellij.openapi.actionSystem.ex.ActionUtil.performDumbAwareWithCallbacks(ActionUtil.java:362)
	at com.intellij.openapi.actionSystem.ex.ActionUtil.performActionDumbAwareWithCallbacks(ActionUtil.java:313)
	at com.intellij.openapi.actionSystem.impl.ActionMenuItem.lambda$performAction$5(ActionMenuItem.java:300)
	at com.intellij.openapi.wm.impl.FocusManagerImpl.runOnOwnContext(FocusManagerImpl.java:226)
	at com.intellij.openapi.actionSystem.impl.ActionMenuItem.performAction(ActionMenuItem.java:293)
	at com.intellij.openapi.actionSystem.impl.ActionMenuItem.lambda$new$0(ActionMenuItem.java:68)
	at java.desktop/javax.swing.AbstractButton.fireActionPerformed(AbstractButton.java:1972)
	at com.intellij.openapi.actionSystem.impl.ActionMenuItem.lambda$fireActionPerformed$4(ActionMenuItem.java:115)
	at com.intellij.openapi.application.TransactionGuardImpl.performActivity(TransactionGuardImpl.java:105)
	at com.intellij.openapi.application.TransactionGuardImpl.performUserActivity(TransactionGuardImpl.java:94)
	at com.intellij.openapi.actionSystem.impl.ActionMenuItem.fireActionPerformed(ActionMenuItem.java:115)
	at com.intellij.ui.plaf.beg.BegMenuItemUI.doClick(BegMenuItemUI.java:526)
	at com.intellij.ui.plaf.beg.BegMenuItemUI$MyMouseInputHandler.mouseReleased(BegMenuItemUI.java:558)
	at java.desktop/java.awt.Component.processMouseEvent(Component.java:6657)
	at java.desktop/javax.swing.JComponent.processMouseEvent(JComponent.java:3385)
	at java.desktop/java.awt.Component.processEvent(Component.java:6422)
	at java.desktop/java.awt.Container.processEvent(Container.java:2266)
	at java.desktop/java.awt.Component.dispatchEventImpl(Component.java:5027)
	at java.desktop/java.awt.Container.dispatchEventImpl(Container.java:2324)
	at java.desktop/java.awt.Component.dispatchEvent(Component.java:4855)
	at java.desktop/java.awt.LightweightDispatcher.retargetMouseEvent(Container.java:4954)
	at java.desktop/java.awt.LightweightDispatcher.processMouseEvent(Container.java:4581)
	at java.desktop/java.awt.LightweightDispatcher.dispatchEvent(Container.java:4522)
	at java.desktop/java.awt.Container.dispatchEventImpl(Container.java:2310)
	at java.desktop/java.awt.Window.dispatchEventImpl(Window.java:2808)
	at java.desktop/java.awt.Component.dispatchEvent(Component.java:4855)
	at java.desktop/java.awt.EventQueue.dispatchEventImpl(EventQueue.java:791)
	at java.desktop/java.awt.EventQueue$3.run(EventQueue.java:740)
	at java.desktop/java.awt.EventQueue$3.run(EventQueue.java:734)
	at java.base/java.security.AccessController.doPrivileged(AccessController.java:399)
	at java.base/java.security.ProtectionDomain$JavaSecurityAccessImpl.doIntersectionPrivilege(ProtectionDomain.java:86)
	at java.base/java.security.ProtectionDomain$JavaSecurityAccessImpl.doIntersectionPrivilege(ProtectionDomain.java:97)
	at java.desktop/java.awt.EventQueue$4.run(EventQueue.java:764)
	at java.desktop/java.awt.EventQueue$4.run(EventQueue.java:762)
	at java.base/java.security.AccessController.doPrivileged(AccessController.java:399)
	at java.base/java.security.ProtectionDomain$JavaSecurityAccessImpl.doIntersectionPrivilege(ProtectionDomain.java:86)
	at java.desktop/java.awt.EventQueue.dispatchEvent(EventQueue.java:761)
	at com.intellij.ide.IdeEventQueue.defaultDispatchEvent(IdeEventQueue.kt:685)
	at com.intellij.ide.IdeEventQueue.dispatchMouseEvent(IdeEventQueue.kt:633)
	at com.intellij.ide.IdeEventQueue._dispatchEvent(IdeEventQueue.kt:588)
	at com.intellij.ide.IdeEventQueue.access$_dispatchEvent(IdeEventQueue.kt:67)
	at com.intellij.ide.IdeEventQueue$dispatchEvent$processEventRunnable$1$1$1.compute(IdeEventQueue.kt:369)
	at com.intellij.ide.IdeEventQueue$dispatchEvent$processEventRunnable$1$1$1.compute(IdeEventQueue.kt:368)
	at com.intellij.openapi.progress.impl.CoreProgressManager.computePrioritized(CoreProgressManager.java:787)
	at com.intellij.ide.IdeEventQueue$dispatchEvent$processEventRunnable$1$1.invoke(IdeEventQueue.kt:368)
	at com.intellij.ide.IdeEventQueue$dispatchEvent$processEventRunnable$1$1.invoke(IdeEventQueue.kt:363)
	at com.intellij.ide.IdeEventQueueKt.performActivity$lambda$1(IdeEventQueue.kt:992)
	at com.intellij.openapi.application.TransactionGuardImpl.performActivity(TransactionGuardImpl.java:113)
	at com.intellij.ide.IdeEventQueueKt.performActivity(IdeEventQueue.kt:992)
	at com.intellij.ide.IdeEventQueue.dispatchEvent$lambda$7(IdeEventQueue.kt:363)
	at com.intellij.openapi.application.impl.ApplicationImpl.runIntendedWriteActionOnCurrentThread(ApplicationImpl.java:861)
	at com.intellij.ide.IdeEventQueue.dispatchEvent(IdeEventQueue.kt:405)
	at java.desktop/java.awt.EventDispatchThread.pumpOneEventForFilters(EventDispatchThread.java:207)
	at java.desktop/java.awt.EventDispatchThread.pumpEventsForFilter(EventDispatchThread.java:128)
	at java.desktop/java.awt.EventDispatchThread.pumpEventsForHierarchy(EventDispatchThread.java:117)
	at java.desktop/java.awt.EventDispatchThread.pumpEvents(EventDispatchThread.java:113)
	at java.desktop/java.awt.EventDispatchThread.pumpEvents(EventDispatchThread.java:105)
	at java.desktop/java.awt.EventDispatchThread.run(EventDispatchThread.java:92)
2023-09-02 15:46:56,250 [3156803] SEVERE - #c.i.p.i.f.i.FileManagerImpl - PyCharm 2023.2  Build #PY-232.8660.197
2023-09-02 15:46:56,250 [3156803] SEVERE - #c.i.p.i.f.i.FileManagerImpl - JDK: 17.0.7; VM: OpenJDK 64-Bit Server VM; Vendor: JetBrains s.r.o.
2023-09-02 15:46:56,250 [3156803] SEVERE - #c.i.p.i.f.i.FileManagerImpl - OS: Linux
2023-09-02 15:46:56,253 [3156806]   WARN - #c.i.o.v.i.LineStatusTrackerManager - Tracker is being held on dispose by EditorImpl[LightVirtualFile: /a.py]; file: /a.py
2023-09-02 15:46:56,253 [3156806]   WARN - #c.i.o.v.i.LineStatusTrackerManager - Tracker is being held on dispose by EditorImpl[LightVirtualFile: /Python Console.py]; file: /Python Console.py

2023-09-02 15:46:56,266 [3156819]   WARN - #c.i.o.w.i.c.h.t.MainMenuButton - rootPane is not set, MainMenu button listeners are not installed
2023-09-02 15:46:56,379 [3156932]   WARN - #c.i.i.s.p.i.BundledSharedIndexPostStartupActivity - Skipped 1 pre-built shared indexes: bundled-js-predefined-1d06a55b98c1-d5aed4438951-JavaScript-PY-232.8660.197
2023-09-02 15:47:01,734 [3162287]   WARN - #c.j.p.s.s.PySkeletonRefresher - Some skeletons failed to generate
2023-09-02 15:47:01,734 [3162287]   WARN - #c.j.p.s.s.PySkeletonRefresher - scipy.optimize._lsap_
2023-09-02 16:09:31,667 [4512220] SEVERE - #c.i.u.IdempotenceChecker - Non-idempotent computation: it returns different results when invoked multiple times or on different threads:
  0 != 2
  which is length of [] and [PyFunction('__setitem__')@0, PyFunction('__setitem__')@0]

Recomputation gives [Lcom.intellij.psi.ResolveResult;@5d25f219 (class [Lcom.intellij.psi.ResolveResult;) which is equivalent to 'fresh'
Recomputation log:
  Resolving PyOperatorReference(PySubscriptionExpression,com.jetbrains.python.psi.resolve.PyResolveContext@54a6baba) of class com.jetbrains.python.psi.impl.references.PyOperatorReference [Plugin: Pythonid]
com.intellij.diagnostic.PluginException: Non-idempotent computation: it returns different results when invoked multiple times or on different threads:
  0 != 2
  which is length of [] and [PyFunction('__setitem__')@0, PyFunction('__setitem__')@0]

Recomputation gives [Lcom.intellij.psi.ResolveResult;@5d25f219 (class [Lcom.intellij.psi.ResolveResult;) which is equivalent to 'fresh'
Recomputation log:
  Resolving PyOperatorReference(PySubscriptionExpression,com.jetbrains.python.psi.resolve.PyResolveContext@54a6baba) of class com.jetbrains.python.psi.impl.references.PyOperatorReference [Plugin: Pythonid]
	at com.intellij.diagnostic.PluginProblemReporterImpl.createPluginExceptionByClass(PluginProblemReporterImpl.java:23)
	at com.intellij.diagnostic.PluginException.createByClass(PluginException.java:89)
	at com.intellij.util.IdempotenceChecker.reportFailure(IdempotenceChecker.java:97)
	at com.intellij.util.IdempotenceChecker.checkEquivalence(IdempotenceChecker.java:82)
	at com.intellij.psi.impl.source.resolve.ResolveCache.cache(ResolveCache.java:296)
	at com.intellij.psi.impl.source.resolve.ResolveCache.resolve(ResolveCache.java:224)
	at com.intellij.psi.impl.source.resolve.ResolveCache.resolveWithCaching(ResolveCache.java:158)
	at com.intellij.psi.impl.source.resolve.ResolveCache.resolveWithCaching(ResolveCache.java:145)
	at com.jetbrains.python.psi.impl.references.PyReferenceImpl.multiResolve(PyReferenceImpl.java:94)
	at com.jetbrains.python.inspections.unresolvedReference.PyUnresolvedReferencesVisitor.processReference(PyUnresolvedReferencesVisitor.java:199)
	at com.jetbrains.python.inspections.unresolvedReference.PyUnresolvedReferencesVisitor.visitPyElement(PyUnresolvedReferencesVisitor.java:136)
	at com.jetbrains.python.psi.PyElementVisitor.visitPyExpression(PyElementVisitor.java:174)
	at com.jetbrains.python.psi.PyElementVisitor.visitPySubscriptionExpression(PyElementVisitor.java:258)
	at com.jetbrains.python.psi.impl.PySubscriptionExpressionImpl.acceptPyVisitor(PySubscriptionExpressionImpl.java:70)
	at com.jetbrains.python.psi.impl.PyBaseElementImpl.accept(PyBaseElementImpl.java:61)
	at com.intellij.codeInsight.daemon.impl.InspectionRunner.lambda$processInOrder$10(InspectionRunner.java:334)
	at com.intellij.openapi.application.impl.ApplicationImpl.tryRunReadAction(ApplicationImpl.java:1133)
	at com.intellij.codeInsight.daemon.impl.InspectionRunner.lambda$processInOrder$11(InspectionRunner.java:342)
	at com.intellij.openapi.application.impl.ReadMostlyRWLock.executeByImpatientReader(ReadMostlyRWLock.java:201)
	at com.intellij.openapi.application.impl.ApplicationImpl.executeByImpatientReader(ApplicationImpl.java:207)
	at com.intellij.codeInsight.daemon.impl.InspectionRunner.lambda$processInOrder$12(InspectionRunner.java:348)
	at com.intellij.util.AstLoadingFilter.forceAllowTreeLoading(AstLoadingFilter.java:159)
	at com.intellij.util.AstLoadingFilter.forceAllowTreeLoading(AstLoadingFilter.java:151)
	at com.intellij.codeInsight.daemon.impl.InspectionRunner.lambda$processInOrder$13(InspectionRunner.java:311)
	at com.intellij.util.AstLoadingFilter.disallowTreeLoading(AstLoadingFilter.java:130)
	at com.intellij.util.AstLoadingFilter.disallowTreeLoading(AstLoadingFilter.java:119)
	at com.intellij.codeInsight.daemon.impl.InspectionRunner.lambda$processInOrder$14(InspectionRunner.java:311)
	at com.intellij.concurrency.JobLauncherImpl$1MyProcessQueueTask.lambda$call$0(JobLauncherImpl.java:309)
	at com.intellij.openapi.progress.impl.CoreProgressManager.lambda$executeProcessUnderProgress$13(CoreProgressManager.java:604)
	at com.intellij.openapi.progress.impl.CoreProgressManager.registerIndicatorAndRun(CoreProgressManager.java:679)
	at com.intellij.openapi.progress.impl.CoreProgressManager.computeUnderProgress(CoreProgressManager.java:635)
	at com.intellij.openapi.progress.impl.CoreProgressManager.executeProcessUnderProgress(CoreProgressManager.java:603)
	at com.intellij.openapi.progress.impl.ProgressManagerImpl.executeProcessUnderProgress(ProgressManagerImpl.java:61)
	at com.intellij.concurrency.JobLauncherImpl$1MyProcessQueueTask.call(JobLauncherImpl.java:294)
	at com.intellij.concurrency.JobLauncherImpl$1MyProcessQueueTask.call(JobLauncherImpl.java:280)
	at java.base/java.util.concurrent.ForkJoinTask$AdaptedCallable.exec(ForkJoinTask.java:1428)
	at java.base/java.util.concurrent.ForkJoinTask.doExec(ForkJoinTask.java:373)
	at java.base/java.util.concurrent.ForkJoinPool$WorkQueue.topLevelExec(ForkJoinPool.java:1182)
	at java.base/java.util.concurrent.ForkJoinPool.scan(ForkJoinPool.java:1655)
	at java.base/java.util.concurrent.ForkJoinPool.runWorker(ForkJoinPool.java:1622)
	at java.base/java.util.concurrent.ForkJoinWorkerThread.run(ForkJoinWorkerThread.java:165)
2023-09-02 16:09:31,668 [4512221] SEVERE - #c.i.u.IdempotenceChecker - PyCharm 2023.2  Build #PY-232.8660.197
2023-09-02 16:09:31,668 [4512221] SEVERE - #c.i.u.IdempotenceChecker - JDK: 17.0.7; VM: OpenJDK 64-Bit Server VM; Vendor: JetBrains s.r.o.
2023-09-02 16:09:31,668 [4512221] SEVERE - #c.i.u.IdempotenceChecker - OS: Linux
2023-09-03 08:25:51,614 [63092167] SEVERE - #c.i.u.IdempotenceChecker - Non-idempotent computation: it returns different results when invoked multiple times or on different threads:
  0 != 1
  which is length of [] and [PyFunction('append')@0]

Recomputation gives [Lcom.intellij.psi.ResolveResult;@6b924068 (class [Lcom.intellij.psi.ResolveResult;) which is equivalent to 'fresh'
Recomputation log:
  Resolving PyQualifiedReference(PyReferenceExpression: append,com.jetbrains.python.psi.resolve.PyResolveContext@54a6baba) of class com.jetbrains.python.psi.impl.references.PyQualifiedReference [Plugin: Pythonid]
com.intellij.diagnostic.PluginException: Non-idempotent computation: it returns different results when invoked multiple times or on different threads:
  0 != 1
  which is length of [] and [PyFunction('append')@0]

Recomputation gives [Lcom.intellij.psi.ResolveResult;@6b924068 (class [Lcom.intellij.psi.ResolveResult;) which is equivalent to 'fresh'
Recomputation log:
  Resolving PyQualifiedReference(PyReferenceExpression: append,com.jetbrains.python.psi.resolve.PyResolveContext@54a6baba) of class com.jetbrains.python.psi.impl.references.PyQualifiedReference [Plugin: Pythonid]
	at com.intellij.diagnostic.PluginProblemReporterImpl.createPluginExceptionByClass(PluginProblemReporterImpl.java:23)
	at com.intellij.diagnostic.PluginException.createByClass(PluginException.java:89)
	at com.intellij.util.IdempotenceChecker.reportFailure(IdempotenceChecker.java:97)
	at com.intellij.util.IdempotenceChecker.checkEquivalence(IdempotenceChecker.java:82)
	at com.intellij.psi.impl.source.resolve.ResolveCache.cache(ResolveCache.java:296)
	at com.intellij.psi.impl.source.resolve.ResolveCache.resolve(ResolveCache.java:224)
	at com.intellij.psi.impl.source.resolve.ResolveCache.resolveWithCaching(ResolveCache.java:158)
	at com.intellij.psi.impl.source.resolve.ResolveCache.resolveWithCaching(ResolveCache.java:145)
	at com.jetbrains.python.psi.impl.references.PyReferenceImpl.multiResolve(PyReferenceImpl.java:94)
	at com.jetbrains.python.psi.PyUtil.multiResolveTopPriority(PyUtil.java:511)
	at com.jetbrains.python.codeInsight.typing.PyTypingTypeProvider.tryResolvingWithAliases(PyTypingTypeProvider.java:1641)
	at com.jetbrains.python.codeInsight.typing.PyTypingTypeProvider.tryResolving(PyTypingTypeProvider.java:1630)
	at com.jetbrains.python.codeInsight.typing.PyTypingTypeProvider.resolveToQualifiedNames(PyTypingTypeProvider.java:1695)
	at com.jetbrains.python.codeInsight.typing.PyTypedDictTypeProvider$Companion.isTypedDict(PyTypedDictTypeProvider.kt:48)
	at com.jetbrains.python.codeInsight.typing.PyTypedDictTypeProvider$Companion.getTypedDictTypeForCallee(PyTypedDictTypeProvider.kt:117)
	at com.jetbrains.python.codeInsight.typing.PyTypedDictTypeProvider$Companion.access$getTypedDictTypeForCallee(PyTypedDictTypeProvider.kt:39)
	at com.jetbrains.python.codeInsight.typing.PyTypedDictTypeProvider.getReferenceExpressionType(PyTypedDictTypeProvider.kt:28)
	at com.jetbrains.python.psi.impl.PyReferenceExpressionImpl.getTypeFromProviders(PyReferenceExpressionImpl.java:379)
	at com.jetbrains.python.psi.impl.PyReferenceExpressionImpl.getType(PyReferenceExpressionImpl.java:215)
	at com.jetbrains.python.psi.types.TypeEvalContext.lambda$getType$0(TypeEvalContext.java:181)
	at com.intellij.openapi.util.RecursionManager$1.computePreventingRecursion(RecursionManager.java:110)
	at com.intellij.openapi.util.RecursionGuard.doPreventingRecursion(RecursionGuard.java:27)
	at com.intellij.openapi.util.RecursionManager.doPreventingRecursion(RecursionManager.java:65)
	at com.jetbrains.python.psi.types.TypeEvalContext.getType(TypeEvalContext.java:170)
	at com.jetbrains.python.psi.impl.PyCallExpressionHelper.getExplicitResolveResults(PyCallExpressionHelper.java:220)
	at com.jetbrains.python.psi.impl.PyCallExpressionHelper.lambda$multiResolveCallee$1(PyCallExpressionHelper.java:192)
	at com.jetbrains.python.psi.PyUtil.getNullableParameterizedCachedValue(PyUtil.java:670)
	at com.jetbrains.python.psi.PyUtil.getParameterizedCachedValue(PyUtil.java:648)
	at com.jetbrains.python.psi.impl.PyCallExpressionHelper.multiResolveCallee(PyCallExpressionHelper.java:188)
	at com.jetbrains.python.psi.impl.PyCallExpressionHelper.getCallType(PyCallExpressionHelper.java:580)
	at com.jetbrains.python.psi.impl.PyCallExpressionImpl.getType(PyCallExpressionImpl.java:64)
	at com.jetbrains.python.psi.types.TypeEvalContext.lambda$getType$0(TypeEvalContext.java:181)
	at com.intellij.openapi.util.RecursionManager$1.computePreventingRecursion(RecursionManager.java:110)
	at com.intellij.openapi.util.RecursionGuard.doPreventingRecursion(RecursionGuard.java:27)
	at com.intellij.openapi.util.RecursionManager.doPreventingRecursion(RecursionManager.java:65)
	at com.jetbrains.python.psi.types.TypeEvalContext.getType(TypeEvalContext.java:170)
	at com.jetbrains.python.inspections.PyAsyncCallInspection$Visitor.isAwaitableCall(PyAsyncCallInspection.kt:62)
	at com.jetbrains.python.inspections.PyAsyncCallInspection$Visitor.visitPyExpressionStatement(PyAsyncCallInspection.kt:32)
	at com.jetbrains.python.psi.impl.PyExpressionStatementImpl.acceptPyVisitor(PyExpressionStatementImpl.java:25)
	at com.jetbrains.python.psi.impl.PyBaseElementImpl.accept(PyBaseElementImpl.java:61)
	at com.intellij.codeInsight.daemon.impl.InspectionRunner.lambda$processInOrder$10(InspectionRunner.java:334)
	at com.intellij.openapi.application.impl.ApplicationImpl.tryRunReadAction(ApplicationImpl.java:1133)
	at com.intellij.codeInsight.daemon.impl.InspectionRunner.lambda$processInOrder$11(InspectionRunner.java:342)
	at com.intellij.openapi.application.impl.ReadMostlyRWLock.executeByImpatientReader(ReadMostlyRWLock.java:201)
	at com.intellij.openapi.application.impl.ApplicationImpl.executeByImpatientReader(ApplicationImpl.java:207)
	at com.intellij.codeInsight.daemon.impl.InspectionRunner.lambda$processInOrder$12(InspectionRunner.java:348)
	at com.intellij.util.AstLoadingFilter.forceAllowTreeLoading(AstLoadingFilter.java:159)
	at com.intellij.util.AstLoadingFilter.forceAllowTreeLoading(AstLoadingFilter.java:151)
	at com.intellij.codeInsight.daemon.impl.InspectionRunner.lambda$processInOrder$13(InspectionRunner.java:311)
	at com.intellij.util.AstLoadingFilter.disallowTreeLoading(AstLoadingFilter.java:130)
	at com.intellij.util.AstLoadingFilter.disallowTreeLoading(AstLoadingFilter.java:119)
	at com.intellij.codeInsight.daemon.impl.InspectionRunner.lambda$processInOrder$14(InspectionRunner.java:311)
	at com.intellij.concurrency.JobLauncherImpl$1MyProcessQueueTask.lambda$call$0(JobLauncherImpl.java:309)
	at com.intellij.openapi.progress.impl.CoreProgressManager.lambda$executeProcessUnderProgress$13(CoreProgressManager.java:604)
	at com.intellij.openapi.progress.impl.CoreProgressManager.registerIndicatorAndRun(CoreProgressManager.java:679)
	at com.intellij.openapi.progress.impl.CoreProgressManager.computeUnderProgress(CoreProgressManager.java:635)
	at com.intellij.openapi.progress.impl.CoreProgressManager.executeProcessUnderProgress(CoreProgressManager.java:603)
	at com.intellij.openapi.progress.impl.ProgressManagerImpl.executeProcessUnderProgress(ProgressManagerImpl.java:61)
	at com.intellij.concurrency.JobLauncherImpl$1MyProcessQueueTask.call(JobLauncherImpl.java:294)
	at com.intellij.concurrency.JobLauncherImpl$1MyProcessQueueTask.call(JobLauncherImpl.java:280)
	at java.base/java.util.concurrent.ForkJoinTask$AdaptedCallable.exec(ForkJoinTask.java:1428)
	at java.base/java.util.concurrent.ForkJoinTask.doExec(ForkJoinTask.java:373)
	at java.base/java.util.concurrent.ForkJoinPool$WorkQueue.topLevelExec(ForkJoinPool.java:1182)
	at java.base/java.util.concurrent.ForkJoinPool.scan(ForkJoinPool.java:1655)
	at java.base/java.util.concurrent.ForkJoinPool.runWorker(ForkJoinPool.java:1622)
	at java.base/java.util.concurrent.ForkJoinWorkerThread.run(ForkJoinWorkerThread.java:165)
2023-09-03 08:25:51,615 [63092168] SEVERE - #c.i.u.IdempotenceChecker - PyCharm 2023.2  Build #PY-232.8660.197
2023-09-03 08:25:51,615 [63092168] SEVERE - #c.i.u.IdempotenceChecker - JDK: 17.0.7; VM: OpenJDK 64-Bit Server VM; Vendor: JetBrains s.r.o.
2023-09-03 08:25:51,615 [63092168] SEVERE - #c.i.u.IdempotenceChecker - OS: Linux

2023-09-03 08:26:42,530 [63143083]   WARN - #c.i.o.w.i.c.h.t.MainMenuButton - rootPane is not set, MainMenu button listeners are not installed
2023-09-03 08:26:42,721 [63143274]   WARN - #c.i.i.s.p.i.BundledSharedIndexPostStartupActivity - Skipped 1 pre-built shared indexes: bundled-js-predefined-1d06a55b98c1-d5aed4438951-JavaScript-PY-232.8660.197
2023-09-03 08:26:48,126 [63148679]   WARN - #c.j.p.s.s.PySkeletonRefresher - Some skeletons failed to generate
2023-09-03 08:26:48,126 [63148679]   WARN - #c.j.p.s.s.PySkeletonRefresher - scipy.optimize._lsap_
2023-09-03 08:26:55,787 [63156340] SEVERE - #c.i.u.t.i.ActionButton - BGT action PyPlotToolWindow$ClosePlotAction (com.jetbrains.python.scientific.figures.PyPlotToolWindow$ClosePlotAction) is not allowed. Only EDT actions are allowed. [Plugin: Pythonid]
com.intellij.diagnostic.PluginException: BGT action PyPlotToolWindow$ClosePlotAction (com.jetbrains.python.scientific.figures.PyPlotToolWindow$ClosePlotAction) is not allowed. Only EDT actions are allowed. [Plugin: Pythonid]
	at com.intellij.diagnostic.PluginProblemReporterImpl.createPluginExceptionByClass(PluginProblemReporterImpl.java:23)
	at com.intellij.diagnostic.PluginException.createByClass(PluginException.java:89)
	at com.intellij.ui.tabs.impl.ActionButton.<init>(ActionButton.java:44)
	at com.intellij.ui.tabs.impl.ActionPanel$1.<init>(ActionPanel.java:52)
	at com.intellij.ui.tabs.impl.ActionPanel.<init>(ActionPanel.java:52)
	at com.intellij.ui.tabs.impl.TabLabel.setTabActions(TabLabel.java:566)
	at com.intellij.ui.tabs.impl.JBTabsImpl.updateTabActions(JBTabsImpl.kt:1577)
	at com.intellij.ui.tabs.impl.JBTabsImpl.addTab(JBTabsImpl.kt:1182)
	at com.intellij.ui.tabs.impl.JBTabsImpl.addTab(JBTabsImpl.kt:1154)
	at com.intellij.ui.tabs.impl.JBTabsImpl.addTab(JBTabsImpl.kt:1201)
	at com.jetbrains.python.scientific.figures.PyPlotToolWindow.lambda$addFigure$0(PyPlotToolWindow.java:125)
	at com.intellij.openapi.application.TransactionGuardImpl.runWithWritingAllowed(TransactionGuardImpl.java:208)
	at com.intellij.openapi.application.TransactionGuardImpl.access$100(TransactionGuardImpl.java:21)
	at com.intellij.openapi.application.TransactionGuardImpl$1.run(TransactionGuardImpl.java:190)
	at com.intellij.openapi.application.impl.ApplicationImpl.runIntendedWriteActionOnCurrentThread(ApplicationImpl.java:861)
	at com.intellij.openapi.application.impl.ApplicationImpl$4.run(ApplicationImpl.java:478)
	at com.intellij.openapi.application.impl.FlushQueue.doRun(FlushQueue.java:79)
	at com.intellij.openapi.application.impl.FlushQueue.runNextEvent(FlushQueue.java:121)
	at com.intellij.openapi.application.impl.FlushQueue.flushNow(FlushQueue.java:41)
	at java.desktop/java.awt.event.InvocationEvent.dispatch(InvocationEvent.java:318)
	at java.desktop/java.awt.EventQueue.dispatchEventImpl(EventQueue.java:789)
	at java.desktop/java.awt.EventQueue$3.run(EventQueue.java:740)
	at java.desktop/java.awt.EventQueue$3.run(EventQueue.java:734)
	at java.base/java.security.AccessController.doPrivileged(AccessController.java:399)
	at java.base/java.security.ProtectionDomain$JavaSecurityAccessImpl.doIntersectionPrivilege(ProtectionDomain.java:86)
	at java.desktop/java.awt.EventQueue.dispatchEvent(EventQueue.java:759)
	at com.intellij.ide.IdeEventQueue.defaultDispatchEvent(IdeEventQueue.kt:685)
	at com.intellij.ide.IdeEventQueue._dispatchEvent$lambda$10(IdeEventQueue.kt:589)
	at com.intellij.openapi.application.impl.ApplicationImpl.runWithoutImplicitRead(ApplicationImpl.java:1485)
	at com.intellij.ide.IdeEventQueue._dispatchEvent(IdeEventQueue.kt:589)
	at com.intellij.ide.IdeEventQueue.access$_dispatchEvent(IdeEventQueue.kt:67)
	at com.intellij.ide.IdeEventQueue$dispatchEvent$processEventRunnable$1$1$1.compute(IdeEventQueue.kt:369)
	at com.intellij.ide.IdeEventQueue$dispatchEvent$processEventRunnable$1$1$1.compute(IdeEventQueue.kt:368)
	at com.intellij.openapi.progress.impl.CoreProgressManager.computePrioritized(CoreProgressManager.java:787)
	at com.intellij.ide.IdeEventQueue$dispatchEvent$processEventRunnable$1$1.invoke(IdeEventQueue.kt:368)
	at com.intellij.ide.IdeEventQueue$dispatchEvent$processEventRunnable$1$1.invoke(IdeEventQueue.kt:363)
	at com.intellij.ide.IdeEventQueueKt.performActivity$lambda$1(IdeEventQueue.kt:992)
	at com.intellij.openapi.application.TransactionGuardImpl.performActivity(TransactionGuardImpl.java:105)
	at com.intellij.ide.IdeEventQueueKt.performActivity(IdeEventQueue.kt:992)
	at com.intellij.ide.IdeEventQueue.dispatchEvent$lambda$7(IdeEventQueue.kt:363)
	at com.intellij.openapi.application.impl.ApplicationImpl.runIntendedWriteActionOnCurrentThread(ApplicationImpl.java:861)
	at com.intellij.ide.IdeEventQueue.dispatchEvent(IdeEventQueue.kt:405)
	at java.desktop/java.awt.EventDispatchThread.pumpOneEventForFilters(EventDispatchThread.java:207)
	at java.desktop/java.awt.EventDispatchThread.pumpEventsForFilter(EventDispatchThread.java:128)
	at java.desktop/java.awt.EventDispatchThread.pumpEventsForHierarchy(EventDispatchThread.java:117)
	at java.desktop/java.awt.EventDispatchThread.pumpEvents(EventDispatchThread.java:113)
	at java.desktop/java.awt.EventDispatchThread.pumpEvents(EventDispatchThread.java:105)
	at java.desktop/java.awt.EventDispatchThread.run(EventDispatchThread.java:92)
2023-09-03 08:26:55,788 [63156341] SEVERE - #c.i.u.t.i.ActionButton - PyCharm 2023.2  Build #PY-232.8660.197
2023-09-03 08:26:55,788 [63156341] SEVERE - #c.i.u.t.i.ActionButton - JDK: 17.0.7; VM: OpenJDK 64-Bit Server VM; Vendor: JetBrains s.r.o.
2023-09-03 08:26:55,788 [63156341] SEVERE - #c.i.u.t.i.ActionButton - OS: Linux
