nohup: ignoring input
CompileCommand: exclude com/intellij/openapi/vfs/impl/FilePartNodeRoot.trieDescend bool exclude = true
2023-09-01 09:04:15,247 [   2019]   WARN - #c.i.c.ComponentStoreImpl - Duplicated scheme Light - old: Light, new Light
2023-09-01 09:04:15,454 [   2226]   WARN - #c.i.e.t.TargetBasedSdks - SDK target configuration data is absent
2023-09-01 09:04:15,604 [   2376]   WARN - #c.i.e.t.TargetBasedSdks - SDK target configuration data is absent

Info  | RdCoroutineScope          | 18:DefaultDispatcher-worker-7 | RdCoroutineHost overridden 
2023-09-01 09:04:18,677 [   5449]   WARN - #c.i.u.x.Binding - no accessors for com.intellij.openapi.projectRoots.Sdk
2023-09-01 09:04:18,740 [   5512]   WARN - #c.i.i.s.p.i.BundledSharedIndexPostStartupActivity - Skipped 1 pre-built shared indexes: bundled-js-predefined-1d06a55b98c1-d5aed4438951-JavaScript-PY-232.8660.197
2023-09-01 09:04:19,242 [   6014]   WARN - #c.i.o.a.i.ActionUpdater - 322 ms to grab EDT for FontEditorPreview$RestorePreviewTextAction#update@ContextToolbar (com.intellij.application.options.colors.FontEditorPreview$RestorePreviewTextAction)
2023-09-01 09:04:24,759 [  11531]   WARN - #c.j.p.s.s.PySkeletonRefresher - Some skeletons failed to generate
2023-09-01 09:04:24,760 [  11532]   WARN - #c.j.p.s.s.PySkeletonRefresher - scipy.optimize._lsap_
2023-09-01 09:04:44,711 [  31483]   WARN - #c.i.u.x.Binding - no accessors for java.time.LocalTime

2023-09-01 09:04:44,881 [  31653]   WARN - #c.i.o.w.i.c.h.t.MainMenuButton - rootPane is not set, MainMenu button listeners are not installed
2023-09-01 09:04:45,031 [  31803]   WARN - #c.i.i.s.p.i.BundledSharedIndexPostStartupActivity - Skipped 1 pre-built shared indexes: bundled-js-predefined-1d06a55b98c1-d5aed4438951-JavaScript-PY-232.8660.197
2023-09-01 09:04:50,437 [  37209]   WARN - #c.j.p.s.s.PySkeletonRefresher - Some skeletons failed to generate
2023-09-01 09:04:50,438 [  37210]   WARN - #c.j.p.s.s.PySkeletonRefresher - scipy.optimize._lsap_
2023-09-01 09:05:02,544 [  49316] SEVERE - #c.i.u.t.i.ActionButton - BGT action PyPlotToolWindow$ClosePlotAction (com.jetbrains.python.scientific.figures.PyPlotToolWindow$ClosePlotAction) is not allowed. Only EDT actions are allowed. [Plugin: Pythonid]
com.intellij.diagnostic.PluginException: BGT action PyPlotToolWindow$ClosePlotAction (com.jetbrains.python.scientific.figures.PyPlotToolWindow$ClosePlotAction) is not allowed. Only EDT actions are allowed. [Plugin: Pythonid]
	at com.intellij.diagnostic.PluginProblemReporterImpl.createPluginExceptionByClass(PluginProblemReporterImpl.java:23)
	at com.intellij.diagnostic.PluginException.createByClass(PluginException.java:89)
	at com.intellij.ui.tabs.impl.ActionButton.<init>(ActionButton.java:44)
	at com.intellij.ui.tabs.impl.ActionPanel$1.<init>(ActionPanel.java:52)
	at com.intellij.ui.tabs.impl.ActionPanel.<init>(ActionPanel.java:52)
	at com.intellij.ui.tabs.impl.TabLabel.setTabActions(TabLabel.java:566)
	at com.intellij.ui.tabs.impl.JBTabsImpl.updateTabActions(JBTabsImpl.kt:1577)
	at com.intellij.ui.tabs.impl.JBTabsImpl.addTab(JBTabsImpl.kt:1182)
	at com.intellij.ui.tabs.impl.JBTabsImpl.addTab(JBTabsImpl.kt:1154)
	at com.intellij.ui.tabs.impl.JBTabsImpl.addTab(JBTabsImpl.kt:1201)
	at com.jetbrains.python.scientific.figures.PyPlotToolWindow.lambda$addFigure$0(PyPlotToolWindow.java:125)
	at com.intellij.openapi.application.TransactionGuardImpl.runWithWritingAllowed(TransactionGuardImpl.java:208)
	at com.intellij.openapi.application.TransactionGuardImpl.access$100(TransactionGuardImpl.java:21)
	at com.intellij.openapi.application.TransactionGuardImpl$1.run(TransactionGuardImpl.java:190)
	at com.intellij.openapi.application.impl.ApplicationImpl.runIntendedWriteActionOnCurrentThread(ApplicationImpl.java:861)
	at com.intellij.openapi.application.impl.ApplicationImpl$4.run(ApplicationImpl.java:478)
	at com.intellij.openapi.application.impl.FlushQueue.doRun(FlushQueue.java:79)
	at com.intellij.openapi.application.impl.FlushQueue.runNextEvent(FlushQueue.java:121)
	at com.intellij.openapi.application.impl.FlushQueue.flushNow(FlushQueue.java:41)
	at java.desktop/java.awt.event.InvocationEvent.dispatch(InvocationEvent.java:318)
	at java.desktop/java.awt.EventQueue.dispatchEventImpl(EventQueue.java:789)
	at java.desktop/java.awt.EventQueue$3.run(EventQueue.java:740)
	at java.desktop/java.awt.EventQueue$3.run(EventQueue.java:734)
	at java.base/java.security.AccessController.doPrivileged(AccessController.java:399)
	at java.base/java.security.ProtectionDomain$JavaSecurityAccessImpl.doIntersectionPrivilege(ProtectionDomain.java:86)
	at java.desktop/java.awt.EventQueue.dispatchEvent(EventQueue.java:759)
	at com.intellij.ide.IdeEventQueue.defaultDispatchEvent(IdeEventQueue.kt:685)
	at com.intellij.ide.IdeEventQueue._dispatchEvent$lambda$10(IdeEventQueue.kt:589)
	at com.intellij.openapi.application.impl.ApplicationImpl.runWithoutImplicitRead(ApplicationImpl.java:1485)
	at com.intellij.ide.IdeEventQueue._dispatchEvent(IdeEventQueue.kt:589)
	at com.intellij.ide.IdeEventQueue.access$_dispatchEvent(IdeEventQueue.kt:67)
	at com.intellij.ide.IdeEventQueue$dispatchEvent$processEventRunnable$1$1$1.compute(IdeEventQueue.kt:369)
	at com.intellij.ide.IdeEventQueue$dispatchEvent$processEventRunnable$1$1$1.compute(IdeEventQueue.kt:368)
	at com.intellij.openapi.progress.impl.CoreProgressManager.computePrioritized(CoreProgressManager.java:787)
	at com.intellij.ide.IdeEventQueue$dispatchEvent$processEventRunnable$1$1.invoke(IdeEventQueue.kt:368)
	at com.intellij.ide.IdeEventQueue$dispatchEvent$processEventRunnable$1$1.invoke(IdeEventQueue.kt:363)
	at com.intellij.ide.IdeEventQueueKt.performActivity$lambda$1(IdeEventQueue.kt:992)
	at com.intellij.openapi.application.TransactionGuardImpl.performActivity(TransactionGuardImpl.java:105)
	at com.intellij.ide.IdeEventQueueKt.performActivity(IdeEventQueue.kt:992)
	at com.intellij.ide.IdeEventQueue.dispatchEvent$lambda$7(IdeEventQueue.kt:363)
	at com.intellij.openapi.application.impl.ApplicationImpl.runIntendedWriteActionOnCurrentThread(ApplicationImpl.java:861)
	at com.intellij.ide.IdeEventQueue.dispatchEvent(IdeEventQueue.kt:405)
	at java.desktop/java.awt.EventDispatchThread.pumpOneEventForFilters(EventDispatchThread.java:207)
	at java.desktop/java.awt.EventDispatchThread.pumpEventsForFilter(EventDispatchThread.java:128)
	at java.desktop/java.awt.EventDispatchThread.pumpEventsForHierarchy(EventDispatchThread.java:117)
	at java.desktop/java.awt.EventDispatchThread.pumpEvents(EventDispatchThread.java:113)
	at java.desktop/java.awt.EventDispatchThread.pumpEvents(EventDispatchThread.java:105)
	at java.desktop/java.awt.EventDispatchThread.run(EventDispatchThread.java:92)
2023-09-01 09:05:02,546 [  49318] SEVERE - #c.i.u.t.i.ActionButton - PyCharm 2023.2  Build #PY-232.8660.197
2023-09-01 09:05:02,546 [  49318] SEVERE - #c.i.u.t.i.ActionButton - JDK: 17.0.7; VM: OpenJDK 64-Bit Server VM; Vendor: JetBrains s.r.o.
2023-09-01 09:05:02,546 [  49318] SEVERE - #c.i.u.t.i.ActionButton - OS: Linux
2023-09-01 09:05:02,734 [  49506] SEVERE - #c.i.u.t.i.ActionButton - BGT action PyDataView$CloseViewerAction (com.jetbrains.python.debugger.containerview.PyDataView$CloseViewerAction) is not allowed. Only EDT actions are allowed. [Plugin: Pythonid]
com.intellij.diagnostic.PluginException: BGT action PyDataView$CloseViewerAction (com.jetbrains.python.debugger.containerview.PyDataView$CloseViewerAction) is not allowed. Only EDT actions are allowed. [Plugin: Pythonid]
	at com.intellij.diagnostic.PluginProblemReporterImpl.createPluginExceptionByClass(PluginProblemReporterImpl.java:23)
	at com.intellij.diagnostic.PluginException.createByClass(PluginException.java:89)
	at com.intellij.ui.tabs.impl.ActionButton.<init>(ActionButton.java:44)
	at com.intellij.ui.tabs.impl.ActionPanel$1.<init>(ActionPanel.java:52)
	at com.intellij.ui.tabs.impl.ActionPanel.<init>(ActionPanel.java:52)
	at com.intellij.ui.tabs.impl.TabLabel.setTabActions(TabLabel.java:566)
	at com.intellij.ui.tabs.impl.JBTabsImpl.updateTabActions(JBTabsImpl.kt:1577)
	at com.intellij.ui.tabs.impl.JBTabsImpl.addTab(JBTabsImpl.kt:1182)
	at com.intellij.ui.tabs.impl.JBTabsImpl.addTab(JBTabsImpl.kt:1154)
	at com.intellij.ui.tabs.impl.JBTabsImpl.addTab(JBTabsImpl.kt:1201)
	at com.jetbrains.python.debugger.containerview.PyDataView.addTab(PyDataView.java:216)
	at com.jetbrains.python.scientific.PyDataViewToolWindowFactory.addTabConnectedToConsole(PyDataViewToolWindowFactory.java:160)
	at com.jetbrains.python.scientific.PyDataViewToolWindowFactory$3.selectionChanged(PyDataViewToolWindowFactory.java:135)
	at jdk.internal.reflect.GeneratedMethodAccessor210.invoke(Unknown Source)
	at java.base/jdk.internal.reflect.DelegatingMethodAccessorImpl.invoke(DelegatingMethodAccessorImpl.java:43)
	at java.base/java.lang.reflect.Method.invoke(Method.java:568)
	at com.intellij.util.EventDispatcher.dispatchVoidMethod(EventDispatcher.java:118)
	at com.intellij.util.EventDispatcher.lambda$createMulticaster$1(EventDispatcher.java:83)
	at jdk.proxy2/jdk.proxy2.$Proxy82.selectionChanged(Unknown Source)
	at com.intellij.ui.content.impl.ContentManagerImpl.fireSelectionChanged(ContentManagerImpl.java:621)
	at com.intellij.ui.content.impl.ContentManagerImpl.addSelectedContent(ContentManagerImpl.java:432)
	at com.intellij.ui.content.impl.ContentManagerImpl$2.run(ContentManagerImpl.java:520)
	at com.intellij.ui.content.impl.ContentManagerImpl.setSelectedContent(ContentManagerImpl.java:536)
	at com.intellij.ui.content.impl.ContentManagerImpl.setSelectedContentCB(ContentManagerImpl.java:485)
	at com.intellij.ui.content.impl.ContentManagerImpl.setSelectedContentCB(ContentManagerImpl.java:475)
	at com.intellij.ui.content.impl.ContentManagerImpl.setSelectedContentCB(ContentManagerImpl.java:559)
	at com.intellij.ui.content.impl.ContentManagerImpl.setSelectedContent(ContentManagerImpl.java:564)
	at com.intellij.ui.content.impl.ContentManagerImpl.doAddContent(ContentManagerImpl.java:201)
	at com.intellij.ui.content.impl.ContentManagerImpl.addContent(ContentManagerImpl.java:171)
	at com.jetbrains.python.console.PythonConsoleToolWindow.setContent(PythonConsoleToolWindow.java:85)
	at com.jetbrains.python.console.PythonConsoleToolWindow.init(PythonConsoleToolWindow.java:53)
	at com.jetbrains.python.console.PydevConsoleRunnerImpl.showContentDescriptor(PydevConsoleRunnerImpl.java:375)
	at com.jetbrains.python.console.PydevConsoleRunnerImpl.createContentDescriptorAndActions(PydevConsoleRunnerImpl.java:954)
	at com.jetbrains.python.console.PydevConsoleRunnerImpl.lambda$initAndRun$7(PydevConsoleRunnerImpl.java:872)
	at java.desktop/java.awt.event.InvocationEvent.dispatch(InvocationEvent.java:308)
	at java.desktop/java.awt.EventQueue.dispatchEventImpl(EventQueue.java:789)
	at java.desktop/java.awt.EventQueue$3.run(EventQueue.java:740)
	at java.desktop/java.awt.EventQueue$3.run(EventQueue.java:734)
	at java.base/java.security.AccessController.doPrivileged(AccessController.java:399)
	at java.base/java.security.ProtectionDomain$JavaSecurityAccessImpl.doIntersectionPrivilege(ProtectionDomain.java:86)
	at java.desktop/java.awt.EventQueue.dispatchEvent(EventQueue.java:759)
	at com.intellij.ide.IdeEventQueue.defaultDispatchEvent(IdeEventQueue.kt:685)
	at com.intellij.ide.IdeEventQueue._dispatchEvent$lambda$10(IdeEventQueue.kt:589)
	at com.intellij.openapi.application.impl.ApplicationImpl.runWithoutImplicitRead(ApplicationImpl.java:1485)
	at com.intellij.ide.IdeEventQueue._dispatchEvent(IdeEventQueue.kt:589)
	at com.intellij.ide.IdeEventQueue.access$_dispatchEvent(IdeEventQueue.kt:67)
	at com.intellij.ide.IdeEventQueue$dispatchEvent$processEventRunnable$1$1$1.compute(IdeEventQueue.kt:369)
	at com.intellij.ide.IdeEventQueue$dispatchEvent$processEventRunnable$1$1$1.compute(IdeEventQueue.kt:368)
	at com.intellij.openapi.progress.impl.CoreProgressManager.computePrioritized(CoreProgressManager.java:787)
	at com.intellij.ide.IdeEventQueue$dispatchEvent$processEventRunnable$1$1.invoke(IdeEventQueue.kt:368)
	at com.intellij.ide.IdeEventQueue$dispatchEvent$processEventRunnable$1$1.invoke(IdeEventQueue.kt:363)
	at com.intellij.ide.IdeEventQueueKt.performActivity$lambda$1(IdeEventQueue.kt:992)
	at com.intellij.openapi.application.TransactionGuardImpl.performActivity(TransactionGuardImpl.java:105)
	at com.intellij.ide.IdeEventQueueKt.performActivity(IdeEventQueue.kt:992)
	at com.intellij.ide.IdeEventQueue.dispatchEvent$lambda$7(IdeEventQueue.kt:363)
	at com.intellij.openapi.application.impl.ApplicationImpl.runIntendedWriteActionOnCurrentThread(ApplicationImpl.java:861)
	at com.intellij.ide.IdeEventQueue.dispatchEvent(IdeEventQueue.kt:405)
	at java.desktop/java.awt.EventDispatchThread.pumpOneEventForFilters(EventDispatchThread.java:207)
	at java.desktop/java.awt.EventDispatchThread.pumpEventsForFilter(EventDispatchThread.java:128)
	at java.desktop/java.awt.EventDispatchThread.pumpEventsForHierarchy(EventDispatchThread.java:117)
	at java.desktop/java.awt.EventDispatchThread.pumpEvents(EventDispatchThread.java:113)
	at java.desktop/java.awt.EventDispatchThread.pumpEvents(EventDispatchThread.java:105)
	at java.desktop/java.awt.EventDispatchThread.run(EventDispatchThread.java:92)
2023-09-01 09:05:02,736 [  49508] SEVERE - #c.i.u.t.i.ActionButton - PyCharm 2023.2  Build #PY-232.8660.197
2023-09-01 09:05:02,736 [  49508] SEVERE - #c.i.u.t.i.ActionButton - JDK: 17.0.7; VM: OpenJDK 64-Bit Server VM; Vendor: JetBrains s.r.o.
2023-09-01 09:05:02,736 [  49508] SEVERE - #c.i.u.t.i.ActionButton - OS: Linux
2023-09-01 09:11:32,121 [ 438893] SEVERE - #c.i.u.m.i.MessageBusImpl - Bus is already disposed
java.lang.Throwable: Bus is already disposed
	at com.intellij.openapi.diagnostic.Logger.error(Logger.java:370)
	at com.intellij.util.messages.impl.MessageBusConnectionImpl.deliverImmediately(MessageBusConnectionImpl.kt:47)
	at com.intellij.execution.console.ConsoleExecutionEditor.dispose(ConsoleExecutionEditor.java:202)
	at com.intellij.openapi.util.ObjectTree.runWithTrace(ObjectTree.java:129)
	at com.intellij.openapi.util.ObjectTree.executeAll(ObjectTree.java:161)
	at com.intellij.openapi.util.Disposer.dispose(Disposer.java:262)
	at com.intellij.openapi.util.Disposer.dispose(Disposer.java:250)
	at com.intellij.serviceContainer.ComponentManagerImpl.dispose(ComponentManagerImpl.kt:1214)
	at com.intellij.openapi.project.impl.ProjectImpl.dispose(ProjectImpl.kt:295)
	at com.intellij.openapi.util.ObjectTree.runWithTrace(ObjectTree.java:129)
	at com.intellij.openapi.util.ObjectTree.executeAll(ObjectTree.java:161)
	at com.intellij.openapi.util.Disposer.dispose(Disposer.java:262)
	at com.intellij.openapi.util.Disposer.dispose(Disposer.java:250)
	at com.intellij.openapi.project.impl.ProjectManagerImpl.closeProject$lambda$15(ProjectManagerImpl.kt:404)
	at com.intellij.openapi.application.impl.ApplicationImpl.runWriteAction(ApplicationImpl.java:992)
	at com.intellij.openapi.project.impl.ProjectManagerImpl.closeProject(ProjectManagerImpl.kt:386)
	at com.intellij.openapi.project.impl.ProjectManagerImpl.closeProject$default(ProjectManagerImpl.kt:316)
	at com.intellij.openapi.project.impl.ProjectManagerImpl$closeAndDisposeKeepingFrame$2$1.invoke(ProjectManagerImpl.kt:943)
	at com.intellij.openapi.project.impl.ProjectManagerImpl$closeAndDisposeKeepingFrame$2$1.invoke(ProjectManagerImpl.kt:941)
	at com.intellij.openapi.progress.CoroutinesKt.blockingContext(coroutines.kt:248)
	at com.intellij.openapi.progress.CoroutinesKt.blockingContext(coroutines.kt:199)
	at com.intellij.openapi.project.impl.ProjectManagerImpl$closeAndDisposeKeepingFrame$2.invokeSuspend(ProjectManagerImpl.kt:941)
	at kotlin.coroutines.jvm.internal.BaseContinuationImpl.resumeWith(ContinuationImpl.kt:33)
	at kotlinx.coroutines.DispatchedTask.run(DispatchedTask.kt:106)
	at com.intellij.openapi.application.impl.DispatchedRunnable.run(DispatchedRunnable.kt:43)
	at com.intellij.openapi.application.TransactionGuardImpl.runWithWritingAllowed(TransactionGuardImpl.java:208)
	at com.intellij.openapi.application.TransactionGuardImpl.access$100(TransactionGuardImpl.java:21)
	at com.intellij.openapi.application.TransactionGuardImpl$1.run(TransactionGuardImpl.java:190)
	at com.intellij.openapi.application.impl.ApplicationImpl.runIntendedWriteActionOnCurrentThread(ApplicationImpl.java:861)
	at com.intellij.openapi.application.impl.ApplicationImpl$4.run(ApplicationImpl.java:478)
	at com.intellij.openapi.application.impl.FlushQueue.doRun(FlushQueue.java:79)
	at com.intellij.openapi.application.impl.FlushQueue.runNextEvent(FlushQueue.java:121)
	at com.intellij.openapi.application.impl.FlushQueue.flushNow(FlushQueue.java:41)
	at java.desktop/java.awt.event.InvocationEvent.dispatch(InvocationEvent.java:318)
	at java.desktop/java.awt.EventQueue.dispatchEventImpl(EventQueue.java:789)
	at java.desktop/java.awt.EventQueue$3.run(EventQueue.java:740)
	at java.desktop/java.awt.EventQueue$3.run(EventQueue.java:734)
	at java.base/java.security.AccessController.doPrivileged(AccessController.java:399)
	at java.base/java.security.ProtectionDomain$JavaSecurityAccessImpl.doIntersectionPrivilege(ProtectionDomain.java:86)
	at java.desktop/java.awt.EventQueue.dispatchEvent(EventQueue.java:759)
	at com.intellij.ide.IdeEventQueue.defaultDispatchEvent(IdeEventQueue.kt:685)
	at com.intellij.ide.IdeEventQueue._dispatchEvent$lambda$10(IdeEventQueue.kt:589)
	at com.intellij.openapi.application.impl.ApplicationImpl.runWithoutImplicitRead(ApplicationImpl.java:1485)
	at com.intellij.ide.IdeEventQueue._dispatchEvent(IdeEventQueue.kt:589)
	at com.intellij.ide.IdeEventQueue.access$_dispatchEvent(IdeEventQueue.kt:67)
	at com.intellij.ide.IdeEventQueue$dispatchEvent$processEventRunnable$1$1$1.compute(IdeEventQueue.kt:369)
	at com.intellij.ide.IdeEventQueue$dispatchEvent$processEventRunnable$1$1$1.compute(IdeEventQueue.kt:368)
	at com.intellij.openapi.progress.impl.CoreProgressManager.computePrioritized(CoreProgressManager.java:787)
	at com.intellij.ide.IdeEventQueue$dispatchEvent$processEventRunnable$1$1.invoke(IdeEventQueue.kt:368)
	at com.intellij.ide.IdeEventQueue$dispatchEvent$processEventRunnable$1$1.invoke(IdeEventQueue.kt:363)
	at com.intellij.ide.IdeEventQueueKt.performActivity$lambda$1(IdeEventQueue.kt:992)
	at com.intellij.openapi.application.TransactionGuardImpl.performActivity(TransactionGuardImpl.java:113)
	at com.intellij.ide.IdeEventQueueKt.performActivity(IdeEventQueue.kt:992)
	at com.intellij.ide.IdeEventQueue.dispatchEvent$lambda$7(IdeEventQueue.kt:363)
	at com.intellij.openapi.application.impl.ApplicationImpl.runIntendedWriteActionOnCurrentThread(ApplicationImpl.java:861)
	at com.intellij.ide.IdeEventQueue.dispatchEvent(IdeEventQueue.kt:405)
	at com.intellij.openapi.progress.impl.PlatformTaskSupportKt.pumpEventsForHierarchy(PlatformTaskSupport.kt:379)
	at com.intellij.openapi.progress.impl.PlatformTaskSupportKt.access$pumpEventsForHierarchy(PlatformTaskSupport.kt:1)
	at com.intellij.openapi.progress.impl.PlatformTaskSupport$runWithModalProgressBlockingInternal$2.invoke(PlatformTaskSupport.kt:157)
	at com.intellij.openapi.progress.impl.PlatformTaskSupport$runWithModalProgressBlockingInternal$2.invoke(PlatformTaskSupport.kt:135)
	at com.intellij.openapi.application.impl.ModalityKt.inModalContext(modality.kt:12)
	at com.intellij.openapi.progress.impl.PlatformTaskSupport.runWithModalProgressBlockingInternal(PlatformTaskSupport.kt:135)
	at com.intellij.openapi.progress.impl.PlatformTaskSupport.access$runWithModalProgressBlockingInternal(PlatformTaskSupport.kt:41)
	at com.intellij.openapi.progress.impl.PlatformTaskSupport$runWithModalProgressBlockingInternal$1.invoke(PlatformTaskSupport.kt:123)
	at com.intellij.openapi.progress.impl.PlatformTaskSupport$runWithModalProgressBlockingInternal$1.invoke(PlatformTaskSupport.kt:119)
	at com.intellij.openapi.progress.ContextKt.prepareThreadContext(context.kt:90)
	at com.intellij.openapi.progress.impl.PlatformTaskSupport.runWithModalProgressBlockingInternal(PlatformTaskSupport.kt:119)
	at com.intellij.openapi.progress.TasksKt.runBlockingModalWithRawProgressReporter(tasks.kt:285)
	at com.intellij.openapi.progress.TasksKt.runBlockingModalWithRawProgressReporter$default(tasks.kt:279)
	at com.intellij.ide.actions.OpenFileAction$actionPerformed$1.invoke(OpenFileAction.kt:84)
	at com.intellij.ide.actions.OpenFileAction$actionPerformed$1.invoke(OpenFileAction.kt:75)
	at com.intellij.ide.actions.OpenFileAction.actionPerformed$lambda$0(OpenFileAction.kt:75)
	at com.intellij.openapi.fileChooser.ex.FileChooserDialogImpl.choose(FileChooserDialogImpl.java:137)
	at com.intellij.openapi.fileChooser.FileChooser.chooseFiles(FileChooser.java:102)
	at com.intellij.openapi.fileChooser.FileChooser.chooseFiles(FileChooser.java:80)
	at com.intellij.ide.actions.OpenFileAction.actionPerformed(OpenFileAction.kt:75)
	at com.intellij.openapi.actionSystem.ex.ActionUtil.doPerformActionOrShowPopup(ActionUtil.java:339)
	at com.intellij.openapi.actionSystem.ex.ActionUtil.lambda$performActionDumbAwareWithCallbacks$4(ActionUtil.java:313)
	at com.intellij.openapi.actionSystem.ex.ActionUtil.performDumbAwareWithCallbacks(ActionUtil.java:362)
	at com.intellij.openapi.actionSystem.ex.ActionUtil.performActionDumbAwareWithCallbacks(ActionUtil.java:313)
	at com.intellij.openapi.actionSystem.impl.ActionMenuItem.lambda$performAction$5(ActionMenuItem.java:300)
	at com.intellij.openapi.wm.impl.FocusManagerImpl.runOnOwnContext(FocusManagerImpl.java:226)
	at com.intellij.openapi.actionSystem.impl.ActionMenuItem.performAction(ActionMenuItem.java:293)
	at com.intellij.openapi.actionSystem.impl.ActionMenuItem.lambda$new$0(ActionMenuItem.java:68)
	at java.desktop/javax.swing.AbstractButton.fireActionPerformed(AbstractButton.java:1972)
	at com.intellij.openapi.actionSystem.impl.ActionMenuItem.lambda$fireActionPerformed$4(ActionMenuItem.java:115)
	at com.intellij.openapi.application.TransactionGuardImpl.performActivity(TransactionGuardImpl.java:105)
	at com.intellij.openapi.application.TransactionGuardImpl.performUserActivity(TransactionGuardImpl.java:94)
	at com.intellij.openapi.actionSystem.impl.ActionMenuItem.fireActionPerformed(ActionMenuItem.java:115)
	at com.intellij.ui.plaf.beg.BegMenuItemUI.doClick(BegMenuItemUI.java:526)
	at com.intellij.ui.plaf.beg.BegMenuItemUI$MyMouseInputHandler.mouseReleased(BegMenuItemUI.java:558)
	at java.desktop/java.awt.Component.processMouseEvent(Component.java:6657)
	at java.desktop/javax.swing.JComponent.processMouseEvent(JComponent.java:3385)
	at java.desktop/java.awt.Component.processEvent(Component.java:6422)
	at java.desktop/java.awt.Container.processEvent(Container.java:2266)
	at java.desktop/java.awt.Component.dispatchEventImpl(Component.java:5027)
	at java.desktop/java.awt.Container.dispatchEventImpl(Container.java:2324)
	at java.desktop/java.awt.Component.dispatchEvent(Component.java:4855)
	at java.desktop/java.awt.LightweightDispatcher.retargetMouseEvent(Container.java:4954)
	at java.desktop/java.awt.LightweightDispatcher.processMouseEvent(Container.java:4581)
	at java.desktop/java.awt.LightweightDispatcher.dispatchEvent(Container.java:4522)
	at java.desktop/java.awt.Container.dispatchEventImpl(Container.java:2310)
	at java.desktop/java.awt.Window.dispatchEventImpl(Window.java:2808)
	at java.desktop/java.awt.Component.dispatchEvent(Component.java:4855)
	at java.desktop/java.awt.EventQueue.dispatchEventImpl(EventQueue.java:791)
	at java.desktop/java.awt.EventQueue$3.run(EventQueue.java:740)
	at java.desktop/java.awt.EventQueue$3.run(EventQueue.java:734)
	at java.base/java.security.AccessController.doPrivileged(AccessController.java:399)
	at java.base/java.security.ProtectionDomain$JavaSecurityAccessImpl.doIntersectionPrivilege(ProtectionDomain.java:86)
	at java.base/java.security.ProtectionDomain$JavaSecurityAccessImpl.doIntersectionPrivilege(ProtectionDomain.java:97)
	at java.desktop/java.awt.EventQueue$4.run(EventQueue.java:764)
	at java.desktop/java.awt.EventQueue$4.run(EventQueue.java:762)
	at java.base/java.security.AccessController.doPrivileged(AccessController.java:399)
	at java.base/java.security.ProtectionDomain$JavaSecurityAccessImpl.doIntersectionPrivilege(ProtectionDomain.java:86)
	at java.desktop/java.awt.EventQueue.dispatchEvent(EventQueue.java:761)
	at com.intellij.ide.IdeEventQueue.defaultDispatchEvent(IdeEventQueue.kt:685)
	at com.intellij.ide.IdeEventQueue.dispatchMouseEvent(IdeEventQueue.kt:633)
	at com.intellij.ide.IdeEventQueue._dispatchEvent(IdeEventQueue.kt:588)
	at com.intellij.ide.IdeEventQueue.access$_dispatchEvent(IdeEventQueue.kt:67)
	at com.intellij.ide.IdeEventQueue$dispatchEvent$processEventRunnable$1$1$1.compute(IdeEventQueue.kt:369)
	at com.intellij.ide.IdeEventQueue$dispatchEvent$processEventRunnable$1$1$1.compute(IdeEventQueue.kt:368)
	at com.intellij.openapi.progress.impl.CoreProgressManager.computePrioritized(CoreProgressManager.java:787)
	at com.intellij.ide.IdeEventQueue$dispatchEvent$processEventRunnable$1$1.invoke(IdeEventQueue.kt:368)
	at com.intellij.ide.IdeEventQueue$dispatchEvent$processEventRunnable$1$1.invoke(IdeEventQueue.kt:363)
	at com.intellij.ide.IdeEventQueueKt.performActivity$lambda$1(IdeEventQueue.kt:992)
	at com.intellij.openapi.application.TransactionGuardImpl.performActivity(TransactionGuardImpl.java:113)
	at com.intellij.ide.IdeEventQueueKt.performActivity(IdeEventQueue.kt:992)
	at com.intellij.ide.IdeEventQueue.dispatchEvent$lambda$7(IdeEventQueue.kt:363)
	at com.intellij.openapi.application.impl.ApplicationImpl.runIntendedWriteActionOnCurrentThread(ApplicationImpl.java:861)
	at com.intellij.ide.IdeEventQueue.dispatchEvent(IdeEventQueue.kt:405)
	at java.desktop/java.awt.EventDispatchThread.pumpOneEventForFilters(EventDispatchThread.java:207)
	at java.desktop/java.awt.EventDispatchThread.pumpEventsForFilter(EventDispatchThread.java:128)
	at java.desktop/java.awt.EventDispatchThread.pumpEventsForHierarchy(EventDispatchThread.java:117)
	at java.desktop/java.awt.EventDispatchThread.pumpEvents(EventDispatchThread.java:113)
	at java.desktop/java.awt.EventDispatchThread.pumpEvents(EventDispatchThread.java:105)
	at java.desktop/java.awt.EventDispatchThread.run(EventDispatchThread.java:92)
2023-09-01 09:11:32,123 [ 438895] SEVERE - #c.i.u.m.i.MessageBusImpl - PyCharm 2023.2  Build #PY-232.8660.197
2023-09-01 09:11:32,123 [ 438895] SEVERE - #c.i.u.m.i.MessageBusImpl - JDK: 17.0.7; VM: OpenJDK 64-Bit Server VM; Vendor: JetBrains s.r.o.
2023-09-01 09:11:32,123 [ 438895] SEVERE - #c.i.u.m.i.MessageBusImpl - OS: Linux
2023-09-01 09:11:32,125 [ 438897] SEVERE - #c.i.p.i.f.i.FileManagerImpl - Project is already disposed: Project(name=30, containerState=DISPOSED, componentStore=/home/herryao/paper/IJACR/detrimental_analysis/processed data/30) (disposed)
java.lang.Throwable: Project is already disposed: Project(name=30, containerState=DISPOSED, componentStore=/home/herryao/paper/IJACR/detrimental_analysis/processed data/30) (disposed)
	at com.intellij.openapi.diagnostic.Logger.error(Logger.java:370)
	at com.intellij.psi.impl.file.impl.FileManagerImpl.dispatchPendingEvents(FileManagerImpl.java:306)
	at com.intellij.psi.impl.file.impl.FileManagerImpl.findFile(FileManagerImpl.java:357)
	at com.intellij.psi.impl.PsiManagerImpl.findFile(PsiManagerImpl.java:156)
	at com.intellij.psi.util.PsiUtilCore.getPsiFile(PsiUtilCore.java:483)
	at com.intellij.execution.console.LanguageConsoleImpl$Helper.lambda$getFile$0(LanguageConsoleImpl.java:472)
	at com.intellij.openapi.application.impl.ApplicationImpl.runReadAction(ApplicationImpl.java:923)
	at com.intellij.openapi.application.ReadAction.compute(ReadAction.java:76)
	at com.intellij.execution.console.LanguageConsoleImpl$Helper.getFile(LanguageConsoleImpl.java:472)
	at com.intellij.execution.console.LanguageConsoleImpl$Helper.getFileSafe(LanguageConsoleImpl.java:505)
	at com.intellij.execution.console.LanguageConsoleImpl.getFile(LanguageConsoleImpl.java:230)
	at com.jetbrains.python.console.PythonConsoleView.dispose(PythonConsoleView.java:717)
	at com.intellij.openapi.util.ObjectTree.runWithTrace(ObjectTree.java:129)
	at com.intellij.openapi.util.ObjectTree.executeAll(ObjectTree.java:161)
	at com.intellij.openapi.util.Disposer.dispose(Disposer.java:262)
	at com.intellij.openapi.util.Disposer.dispose(Disposer.java:250)
	at com.intellij.serviceContainer.ComponentManagerImpl.dispose(ComponentManagerImpl.kt:1214)
	at com.intellij.openapi.project.impl.ProjectImpl.dispose(ProjectImpl.kt:295)
	at com.intellij.openapi.util.ObjectTree.runWithTrace(ObjectTree.java:129)
	at com.intellij.openapi.util.ObjectTree.executeAll(ObjectTree.java:161)
	at com.intellij.openapi.util.Disposer.dispose(Disposer.java:262)
	at com.intellij.openapi.util.Disposer.dispose(Disposer.java:250)
	at com.intellij.openapi.project.impl.ProjectManagerImpl.closeProject$lambda$15(ProjectManagerImpl.kt:404)
	at com.intellij.openapi.application.impl.ApplicationImpl.runWriteAction(ApplicationImpl.java:992)
	at com.intellij.openapi.project.impl.ProjectManagerImpl.closeProject(ProjectManagerImpl.kt:386)
	at com.intellij.openapi.project.impl.ProjectManagerImpl.closeProject$default(ProjectManagerImpl.kt:316)
	at com.intellij.openapi.project.impl.ProjectManagerImpl$closeAndDisposeKeepingFrame$2$1.invoke(ProjectManagerImpl.kt:943)
	at com.intellij.openapi.project.impl.ProjectManagerImpl$closeAndDisposeKeepingFrame$2$1.invoke(ProjectManagerImpl.kt:941)
	at com.intellij.openapi.progress.CoroutinesKt.blockingContext(coroutines.kt:248)
	at com.intellij.openapi.progress.CoroutinesKt.blockingContext(coroutines.kt:199)
	at com.intellij.openapi.project.impl.ProjectManagerImpl$closeAndDisposeKeepingFrame$2.invokeSuspend(ProjectManagerImpl.kt:941)
	at kotlin.coroutines.jvm.internal.BaseContinuationImpl.resumeWith(ContinuationImpl.kt:33)
	at kotlinx.coroutines.DispatchedTask.run(DispatchedTask.kt:106)
	at com.intellij.openapi.application.impl.DispatchedRunnable.run(DispatchedRunnable.kt:43)
	at com.intellij.openapi.application.TransactionGuardImpl.runWithWritingAllowed(TransactionGuardImpl.java:208)
	at com.intellij.openapi.application.TransactionGuardImpl.access$100(TransactionGuardImpl.java:21)
	at com.intellij.openapi.application.TransactionGuardImpl$1.run(TransactionGuardImpl.java:190)
	at com.intellij.openapi.application.impl.ApplicationImpl.runIntendedWriteActionOnCurrentThread(ApplicationImpl.java:861)
	at com.intellij.openapi.application.impl.ApplicationImpl$4.run(ApplicationImpl.java:478)
	at com.intellij.openapi.application.impl.FlushQueue.doRun(FlushQueue.java:79)
	at com.intellij.openapi.application.impl.FlushQueue.runNextEvent(FlushQueue.java:121)
	at com.intellij.openapi.application.impl.FlushQueue.flushNow(FlushQueue.java:41)
	at java.desktop/java.awt.event.InvocationEvent.dispatch(InvocationEvent.java:318)
	at java.desktop/java.awt.EventQueue.dispatchEventImpl(EventQueue.java:789)
	at java.desktop/java.awt.EventQueue$3.run(EventQueue.java:740)
	at java.desktop/java.awt.EventQueue$3.run(EventQueue.java:734)
	at java.base/java.security.AccessController.doPrivileged(AccessController.java:399)
	at java.base/java.security.ProtectionDomain$JavaSecurityAccessImpl.doIntersectionPrivilege(ProtectionDomain.java:86)
	at java.desktop/java.awt.EventQueue.dispatchEvent(EventQueue.java:759)
	at com.intellij.ide.IdeEventQueue.defaultDispatchEvent(IdeEventQueue.kt:685)
	at com.intellij.ide.IdeEventQueue._dispatchEvent$lambda$10(IdeEventQueue.kt:589)
	at com.intellij.openapi.application.impl.ApplicationImpl.runWithoutImplicitRead(ApplicationImpl.java:1485)
	at com.intellij.ide.IdeEventQueue._dispatchEvent(IdeEventQueue.kt:589)
	at com.intellij.ide.IdeEventQueue.access$_dispatchEvent(IdeEventQueue.kt:67)
	at com.intellij.ide.IdeEventQueue$dispatchEvent$processEventRunnable$1$1$1.compute(IdeEventQueue.kt:369)
	at com.intellij.ide.IdeEventQueue$dispatchEvent$processEventRunnable$1$1$1.compute(IdeEventQueue.kt:368)
	at com.intellij.openapi.progress.impl.CoreProgressManager.computePrioritized(CoreProgressManager.java:787)
	at com.intellij.ide.IdeEventQueue$dispatchEvent$processEventRunnable$1$1.invoke(IdeEventQueue.kt:368)
	at com.intellij.ide.IdeEventQueue$dispatchEvent$processEventRunnable$1$1.invoke(IdeEventQueue.kt:363)
	at com.intellij.ide.IdeEventQueueKt.performActivity$lambda$1(IdeEventQueue.kt:992)
	at com.intellij.openapi.application.TransactionGuardImpl.performActivity(TransactionGuardImpl.java:113)
	at com.intellij.ide.IdeEventQueueKt.performActivity(IdeEventQueue.kt:992)
	at com.intellij.ide.IdeEventQueue.dispatchEvent$lambda$7(IdeEventQueue.kt:363)
	at com.intellij.openapi.application.impl.ApplicationImpl.runIntendedWriteActionOnCurrentThread(ApplicationImpl.java:861)
	at com.intellij.ide.IdeEventQueue.dispatchEvent(IdeEventQueue.kt:405)
	at com.intellij.openapi.progress.impl.PlatformTaskSupportKt.pumpEventsForHierarchy(PlatformTaskSupport.kt:379)
	at com.intellij.openapi.progress.impl.PlatformTaskSupportKt.access$pumpEventsForHierarchy(PlatformTaskSupport.kt:1)
	at com.intellij.openapi.progress.impl.PlatformTaskSupport$runWithModalProgressBlockingInternal$2.invoke(PlatformTaskSupport.kt:157)
	at com.intellij.openapi.progress.impl.PlatformTaskSupport$runWithModalProgressBlockingInternal$2.invoke(PlatformTaskSupport.kt:135)
	at com.intellij.openapi.application.impl.ModalityKt.inModalContext(modality.kt:12)
	at com.intellij.openapi.progress.impl.PlatformTaskSupport.runWithModalProgressBlockingInternal(PlatformTaskSupport.kt:135)
	at com.intellij.openapi.progress.impl.PlatformTaskSupport.access$runWithModalProgressBlockingInternal(PlatformTaskSupport.kt:41)
	at com.intellij.openapi.progress.impl.PlatformTaskSupport$runWithModalProgressBlockingInternal$1.invoke(PlatformTaskSupport.kt:123)
	at com.intellij.openapi.progress.impl.PlatformTaskSupport$runWithModalProgressBlockingInternal$1.invoke(PlatformTaskSupport.kt:119)
	at com.intellij.openapi.progress.ContextKt.prepareThreadContext(context.kt:90)
	at com.intellij.openapi.progress.impl.PlatformTaskSupport.runWithModalProgressBlockingInternal(PlatformTaskSupport.kt:119)
	at com.intellij.openapi.progress.TasksKt.runBlockingModalWithRawProgressReporter(tasks.kt:285)
	at com.intellij.openapi.progress.TasksKt.runBlockingModalWithRawProgressReporter$default(tasks.kt:279)
	at com.intellij.ide.actions.OpenFileAction$actionPerformed$1.invoke(OpenFileAction.kt:84)
	at com.intellij.ide.actions.OpenFileAction$actionPerformed$1.invoke(OpenFileAction.kt:75)
	at com.intellij.ide.actions.OpenFileAction.actionPerformed$lambda$0(OpenFileAction.kt:75)
	at com.intellij.openapi.fileChooser.ex.FileChooserDialogImpl.choose(FileChooserDialogImpl.java:137)
	at com.intellij.openapi.fileChooser.FileChooser.chooseFiles(FileChooser.java:102)
	at com.intellij.openapi.fileChooser.FileChooser.chooseFiles(FileChooser.java:80)
	at com.intellij.ide.actions.OpenFileAction.actionPerformed(OpenFileAction.kt:75)
	at com.intellij.openapi.actionSystem.ex.ActionUtil.doPerformActionOrShowPopup(ActionUtil.java:339)
	at com.intellij.openapi.actionSystem.ex.ActionUtil.lambda$performActionDumbAwareWithCallbacks$4(ActionUtil.java:313)
	at com.intellij.openapi.actionSystem.ex.ActionUtil.performDumbAwareWithCallbacks(ActionUtil.java:362)
	at com.intellij.openapi.actionSystem.ex.ActionUtil.performActionDumbAwareWithCallbacks(ActionUtil.java:313)
	at com.intellij.openapi.actionSystem.impl.ActionMenuItem.lambda$performAction$5(ActionMenuItem.java:300)
	at com.intellij.openapi.wm.impl.FocusManagerImpl.runOnOwnContext(FocusManagerImpl.java:226)
	at com.intellij.openapi.actionSystem.impl.ActionMenuItem.performAction(ActionMenuItem.java:293)
	at com.intellij.openapi.actionSystem.impl.ActionMenuItem.lambda$new$0(ActionMenuItem.java:68)
	at java.desktop/javax.swing.AbstractButton.fireActionPerformed(AbstractButton.java:1972)
	at com.intellij.openapi.actionSystem.impl.ActionMenuItem.lambda$fireActionPerformed$4(ActionMenuItem.java:115)
	at com.intellij.openapi.application.TransactionGuardImpl.performActivity(TransactionGuardImpl.java:105)
	at com.intellij.openapi.application.TransactionGuardImpl.performUserActivity(TransactionGuardImpl.java:94)
	at com.intellij.openapi.actionSystem.impl.ActionMenuItem.fireActionPerformed(ActionMenuItem.java:115)
	at com.intellij.ui.plaf.beg.BegMenuItemUI.doClick(BegMenuItemUI.java:526)
	at com.intellij.ui.plaf.beg.BegMenuItemUI$MyMouseInputHandler.mouseReleased(BegMenuItemUI.java:558)
	at java.desktop/java.awt.Component.processMouseEvent(Component.java:6657)
	at java.desktop/javax.swing.JComponent.processMouseEvent(JComponent.java:3385)
	at java.desktop/java.awt.Component.processEvent(Component.java:6422)
	at java.desktop/java.awt.Container.processEvent(Container.java:2266)
	at java.desktop/java.awt.Component.dispatchEventImpl(Component.java:5027)
	at java.desktop/java.awt.Container.dispatchEventImpl(Container.java:2324)
	at java.desktop/java.awt.Component.dispatchEvent(Component.java:4855)
	at java.desktop/java.awt.LightweightDispatcher.retargetMouseEvent(Container.java:4954)
	at java.desktop/java.awt.LightweightDispatcher.processMouseEvent(Container.java:4581)
	at java.desktop/java.awt.LightweightDispatcher.dispatchEvent(Container.java:4522)
	at java.desktop/java.awt.Container.dispatchEventImpl(Container.java:2310)
	at java.desktop/java.awt.Window.dispatchEventImpl(Window.java:2808)
	at java.desktop/java.awt.Component.dispatchEvent(Component.java:4855)
	at java.desktop/java.awt.EventQueue.dispatchEventImpl(EventQueue.java:791)
	at java.desktop/java.awt.EventQueue$3.run(EventQueue.java:740)
	at java.desktop/java.awt.EventQueue$3.run(EventQueue.java:734)
	at java.base/java.security.AccessController.doPrivileged(AccessController.java:399)
	at java.base/java.security.ProtectionDomain$JavaSecurityAccessImpl.doIntersectionPrivilege(ProtectionDomain.java:86)
	at java.base/java.security.ProtectionDomain$JavaSecurityAccessImpl.doIntersectionPrivilege(ProtectionDomain.java:97)
	at java.desktop/java.awt.EventQueue$4.run(EventQueue.java:764)
	at java.desktop/java.awt.EventQueue$4.run(EventQueue.java:762)
	at java.base/java.security.AccessController.doPrivileged(AccessController.java:399)
	at java.base/java.security.ProtectionDomain$JavaSecurityAccessImpl.doIntersectionPrivilege(ProtectionDomain.java:86)
	at java.desktop/java.awt.EventQueue.dispatchEvent(EventQueue.java:761)
	at com.intellij.ide.IdeEventQueue.defaultDispatchEvent(IdeEventQueue.kt:685)
	at com.intellij.ide.IdeEventQueue.dispatchMouseEvent(IdeEventQueue.kt:633)
	at com.intellij.ide.IdeEventQueue._dispatchEvent(IdeEventQueue.kt:588)
	at com.intellij.ide.IdeEventQueue.access$_dispatchEvent(IdeEventQueue.kt:67)
	at com.intellij.ide.IdeEventQueue$dispatchEvent$processEventRunnable$1$1$1.compute(IdeEventQueue.kt:369)
	at com.intellij.ide.IdeEventQueue$dispatchEvent$processEventRunnable$1$1$1.compute(IdeEventQueue.kt:368)
	at com.intellij.openapi.progress.impl.CoreProgressManager.computePrioritized(CoreProgressManager.java:787)
	at com.intellij.ide.IdeEventQueue$dispatchEvent$processEventRunnable$1$1.invoke(IdeEventQueue.kt:368)
	at com.intellij.ide.IdeEventQueue$dispatchEvent$processEventRunnable$1$1.invoke(IdeEventQueue.kt:363)
	at com.intellij.ide.IdeEventQueueKt.performActivity$lambda$1(IdeEventQueue.kt:992)
	at com.intellij.openapi.application.TransactionGuardImpl.performActivity(TransactionGuardImpl.java:113)
	at com.intellij.ide.IdeEventQueueKt.performActivity(IdeEventQueue.kt:992)
	at com.intellij.ide.IdeEventQueue.dispatchEvent$lambda$7(IdeEventQueue.kt:363)
	at com.intellij.openapi.application.impl.ApplicationImpl.runIntendedWriteActionOnCurrentThread(ApplicationImpl.java:861)
	at com.intellij.ide.IdeEventQueue.dispatchEvent(IdeEventQueue.kt:405)
	at java.desktop/java.awt.EventDispatchThread.pumpOneEventForFilters(EventDispatchThread.java:207)
	at java.desktop/java.awt.EventDispatchThread.pumpEventsForFilter(EventDispatchThread.java:128)
	at java.desktop/java.awt.EventDispatchThread.pumpEventsForHierarchy(EventDispatchThread.java:117)
	at java.desktop/java.awt.EventDispatchThread.pumpEvents(EventDispatchThread.java:113)
	at java.desktop/java.awt.EventDispatchThread.pumpEvents(EventDispatchThread.java:105)
	at java.desktop/java.awt.EventDispatchThread.run(EventDispatchThread.java:92)
2023-09-01 09:11:32,127 [ 438899] SEVERE - #c.i.p.i.f.i.FileManagerImpl - PyCharm 2023.2  Build #PY-232.8660.197
2023-09-01 09:11:32,127 [ 438899] SEVERE - #c.i.p.i.f.i.FileManagerImpl - JDK: 17.0.7; VM: OpenJDK 64-Bit Server VM; Vendor: JetBrains s.r.o.
2023-09-01 09:11:32,127 [ 438899] SEVERE - #c.i.p.i.f.i.FileManagerImpl - OS: Linux
2023-09-01 09:11:32,130 [ 438902]   WARN - #c.i.o.v.i.LineStatusTrackerManager - Tracker is being held on dispose by EditorImpl[LightVirtualFile: /Python Console.py]; file: /Python Console.py
2023-09-01 09:11:32,130 [ 438902]   WARN - #c.i.o.v.i.LineStatusTrackerManager - Tracker is being held on dispose by EditorImpl[LightVirtualFile: /a.py]; file: /a.py

2023-09-01 09:11:32,140 [ 438912]   WARN - #c.i.o.w.i.c.h.t.MainMenuButton - rootPane is not set, MainMenu button listeners are not installed
2023-09-01 09:11:32,262 [ 439034]   WARN - #c.i.i.s.p.i.BundledSharedIndexPostStartupActivity - Skipped 1 pre-built shared indexes: bundled-js-predefined-1d06a55b98c1-d5aed4438951-JavaScript-PY-232.8660.197
2023-09-01 09:11:37,609 [ 444381]   WARN - #c.j.p.s.s.PySkeletonRefresher - Some skeletons failed to generate
2023-09-01 09:11:37,609 [ 444381]   WARN - #c.j.p.s.s.PySkeletonRefresher - scipy.optimize._lsap_
