nohup: ignoring input
CompileCommand: exclude com/intellij/openapi/vfs/impl/FilePartNodeRoot.trieDescend bool exclude = true
2023-08-31 10:00:10,306 [   1524]   WARN - #c.i.o.v.i.l.NativeFileWatcherImpl - inotify_init: Too many open files
2023-08-31 10:00:10,309 [   1527]   WARN - #c.i.o.v.i.l.NativeFileWatcherImpl - The <b>inotify</b>(7) instances limit reached. <a href="https://intellij.com/inotify-instances">More details.</a>
2023-08-31 10:00:10,310 [   1528]   WARN - #c.i.o.v.i.l.FileWatcher - The <b>inotify</b>(7) instances limit reached. <a href="https://intellij.com/inotify-instances">More details.</a>
2023-08-31 10:00:10,319 [   1537]   WARN - #c.i.o.v.i.l.FileWatcher - File watcher gave up to operate
2023-08-31 10:00:10,724 [   1942]   WARN - #c.i.c.ComponentStoreImpl - Duplicated scheme Light - old: Light, new Light
2023-08-31 10:00:10,824 [   2042]   WARN - #c.i.e.t.TargetBasedSdks - SDK target configuration data is absent
2023-08-31 10:00:10,969 [   2187]   WARN - #c.i.e.t.TargetBasedSdks - SDK target configuration data is absent

Info  | RdCoroutineScope          | 19:DefaultDispatcher-worker-8 | RdCoroutineHost overridden 
2023-08-31 10:00:13,796 [   5014]   WARN - #c.i.i.s.p.i.BundledSharedIndexPostStartupActivity - Skipped 1 pre-built shared indexes: bundled-js-predefined-1d06a55b98c1-d5aed4438951-JavaScript-PY-232.8660.197
2023-08-31 10:00:14,596 [   5814]   WARN - #c.i.o.a.i.ActionUpdater - 348 ms to grab EDT for FontEditorPreview$RestorePreviewTextAction#update@ContextToolbar (com.intellij.application.options.colors.FontEditorPreview$RestorePreviewTextAction)
2023-08-31 10:00:15,457 [   6675]   WARN - #c.i.u.x.Binding - no accessors for com.intellij.openapi.projectRoots.Sdk
2023-08-31 10:01:10,852 [  62070]   WARN - #c.i.u.x.Binding - no accessors for java.time.LocalTime

2023-08-31 10:01:11,075 [  62293]   WARN - #c.i.o.w.i.c.h.t.MainMenuButton - rootPane is not set, MainMenu button listeners are not installed
2023-08-31 10:01:11,283 [  62501]   WARN - #c.i.i.s.p.i.BundledSharedIndexPostStartupActivity - Skipped 1 pre-built shared indexes: bundled-js-predefined-1d06a55b98c1-d5aed4438951-JavaScript-PY-232.8660.197
2023-08-31 10:01:17,082 [  68300]   WARN - #c.j.p.s.s.PySkeletonRefresher - Some skeletons failed to generate
2023-08-31 10:01:17,083 [  68301]   WARN - #c.j.p.s.s.PySkeletonRefresher - scipy.optimize._lsap_
2023-08-31 10:01:47,883 [  99101]   WARN - #c.j.p.s.s.PySkeletonRefresher - Some skeletons failed to generate
2023-08-31 10:01:47,884 [  99102]   WARN - #c.j.p.s.s.PySkeletonRefresher - PyQt5.Qt5.plugins.assetimporters.libassimp
2023-08-31 10:01:47,884 [  99102]   WARN - #c.j.p.s.s.PySkeletonRefresher - PyQt5.Qt5.plugins.assetimporters.libuip
2023-08-31 10:01:47,884 [  99102]   WARN - #c.j.p.s.s.PySkeletonRefresher - PyQt5.Qt5.plugins.audio.libqtaudio_alsa
2023-08-31 10:01:47,884 [  99102]   WARN - #c.j.p.s.s.PySkeletonRefresher - PyQt5.Qt5.plugins.audio.libqtmedia_pulse
2023-08-31 10:01:47,884 [  99102]   WARN - #c.j.p.s.s.PySkeletonRefresher - PyQt5.Qt5.plugins.bearer.libqconnmanbearer
2023-08-31 10:01:47,884 [  99102]   WARN - #c.j.p.s.s.PySkeletonRefresher - PyQt5.Qt5.plugins.bearer.libqgenericbearer
2023-08-31 10:01:47,884 [  99102]   WARN - #c.j.p.s.s.PySkeletonRefresher - PyQt5.Qt5.plugins.bearer.libqnmbearer
2023-08-31 10:01:47,884 [  99102]   WARN - #c.j.p.s.s.PySkeletonRefresher - PyQt5.Qt5.plugins.gamepads.libevdevgamepad
2023-08-31 10:01:47,884 [  99102]   WARN - #c.j.p.s.s.PySkeletonRefresher - PyQt5.Qt5.plugins.generic.libqevdevkeyboardplugin
2023-08-31 10:01:47,884 [  99102]   WARN - #c.j.p.s.s.PySkeletonRefresher - PyQt5.Qt5.plugins.generic.libqevdevmouseplugin
2023-08-31 10:01:47,884 [  99102]   WARN - #c.j.p.s.s.PySkeletonRefresher - PyQt5.Qt5.plugins.generic.libqevdevtabletplugin
2023-08-31 10:01:47,884 [  99102]   WARN - #c.j.p.s.s.PySkeletonRefresher - PyQt5.Qt5.plugins.generic.libqevdevtouchplugin
2023-08-31 10:01:47,884 [  99102]   WARN - #c.j.p.s.s.PySkeletonRefresher - PyQt5.Qt5.plugins.generic.libqtuiotouchplugin
2023-08-31 10:01:47,884 [  99102]   WARN - #c.j.p.s.s.PySkeletonRefresher - PyQt5.Qt5.plugins.geometryloaders.libdefaultgeometryloader
2023-08-31 10:01:47,884 [  99102]   WARN - #c.j.p.s.s.PySkeletonRefresher - PyQt5.Qt5.plugins.geometryloaders.libgltfgeometryloader
2023-08-31 10:01:47,884 [  99102]   WARN - #c.j.p.s.s.PySkeletonRefresher - PyQt5.Qt5.plugins.geoservices.libqtgeoservices_esri
2023-08-31 10:01:47,884 [  99102]   WARN - #c.j.p.s.s.PySkeletonRefresher - PyQt5.Qt5.plugins.geoservices.libqtgeoservices_itemsoverlay
2023-08-31 10:01:47,884 [  99102]   WARN - #c.j.p.s.s.PySkeletonRefresher - PyQt5.Qt5.plugins.geoservices.libqtgeoservices_mapbox
2023-08-31 10:01:47,884 [  99102]   WARN - #c.j.p.s.s.PySkeletonRefresher - PyQt5.Qt5.plugins.geoservices.libqtgeoservices_mapboxgl
2023-08-31 10:01:47,884 [  99102]   WARN - #c.j.p.s.s.PySkeletonRefresher - PyQt5.Qt5.plugins.geoservices.libqtgeoservices_nokia
2023-08-31 10:01:47,884 [  99102]   WARN - #c.j.p.s.s.PySkeletonRefresher - PyQt5.Qt5.plugins.geoservices.libqtgeoservices_osm
2023-08-31 10:01:47,884 [  99102]   WARN - #c.j.p.s.s.PySkeletonRefresher - PyQt5.Qt5.plugins.iconengines.libqsvgicon
2023-08-31 10:01:47,884 [  99102]   WARN - #c.j.p.s.s.PySkeletonRefresher - PyQt5.Qt5.plugins.imageformats.libqgif
2023-08-31 10:01:47,884 [  99102]   WARN - #c.j.p.s.s.PySkeletonRefresher - PyQt5.Qt5.plugins.imageformats.libqicns
2023-08-31 10:01:47,884 [  99102]   WARN - #c.j.p.s.s.PySkeletonRefresher - PyQt5.Qt5.plugins.imageformats.libqico
2023-08-31 10:01:47,884 [  99102]   WARN - #c.j.p.s.s.PySkeletonRefresher - PyQt5.Qt5.plugins.imageformats.libqjpeg
2023-08-31 10:01:47,884 [  99102]   WARN - #c.j.p.s.s.PySkeletonRefresher - PyQt5.Qt5.plugins.imageformats.libqsvg
2023-08-31 10:01:47,884 [  99102]   WARN - #c.j.p.s.s.PySkeletonRefresher - PyQt5.Qt5.plugins.imageformats.libqtga
2023-08-31 10:01:47,884 [  99102]   WARN - #c.j.p.s.s.PySkeletonRefresher - PyQt5.Qt5.plugins.imageformats.libqtiff
2023-08-31 10:01:47,884 [  99102]   WARN - #c.j.p.s.s.PySkeletonRefresher - PyQt5.Qt5.plugins.imageformats.libqwbmp
2023-08-31 10:01:47,884 [  99102]   WARN - #c.j.p.s.s.PySkeletonRefresher - PyQt5.Qt5.plugins.imageformats.libqwebp
2023-08-31 10:01:47,884 [  99102]   WARN - #c.j.p.s.s.PySkeletonRefresher - PyQt5.Qt5.plugins.mediaservice.libgstaudiodecoder
2023-08-31 10:01:47,884 [  99102]   WARN - #c.j.p.s.s.PySkeletonRefresher - PyQt5.Qt5.plugins.mediaservice.libgstcamerabin
2023-08-31 10:01:47,884 [  99102]   WARN - #c.j.p.s.s.PySkeletonRefresher - PyQt5.Qt5.plugins.mediaservice.libgstmediacapture
2023-08-31 10:01:47,885 [  99103]   WARN - #c.j.p.s.s.PySkeletonRefresher - PyQt5.Qt5.plugins.mediaservice.libgstmediaplayer
2023-08-31 10:01:47,885 [  99103]   WARN - #c.j.p.s.s.PySkeletonRefresher - PyQt5.Qt5.plugins.platforminputcontexts.libcomposeplatforminputcontextplugin
2023-08-31 10:01:47,885 [  99103]   WARN - #c.j.p.s.s.PySkeletonRefresher - PyQt5.Qt5.plugins.platforminputcontexts.libibusplatforminputcontextplugin
2023-08-31 10:01:47,885 [  99103]   WARN - #c.j.p.s.s.PySkeletonRefresher - PyQt5.Qt5.plugins.platforms.libqeglfs
2023-08-31 10:01:47,885 [  99103]   WARN - #c.j.p.s.s.PySkeletonRefresher - PyQt5.Qt5.plugins.platforms.libqlinuxfb
2023-08-31 10:01:47,885 [  99103]   WARN - #c.j.p.s.s.PySkeletonRefresher - PyQt5.Qt5.plugins.platforms.libqminimal
2023-08-31 10:01:47,885 [  99103]   WARN - #c.j.p.s.s.PySkeletonRefresher - PyQt5.Qt5.plugins.platforms.libqminimalegl
2023-08-31 10:01:47,885 [  99103]   WARN - #c.j.p.s.s.PySkeletonRefresher - PyQt5.Qt5.plugins.platforms.libqoffscreen
2023-08-31 10:01:47,885 [  99103]   WARN - #c.j.p.s.s.PySkeletonRefresher - PyQt5.Qt5.plugins.platforms.libqvnc
2023-08-31 10:01:47,885 [  99103]   WARN - #c.j.p.s.s.PySkeletonRefresher - PyQt5.Qt5.plugins.platforms.libqwebgl
2023-08-31 10:01:47,885 [  99103]   WARN - #c.j.p.s.s.PySkeletonRefresher - PyQt5.Qt5.plugins.platforms.libqxcb
2023-08-31 10:01:47,885 [  99103]   WARN - #c.j.p.s.s.PySkeletonRefresher - PyQt5.Qt5.plugins.platformthemes.libqgtk3
2023-08-31 10:01:47,885 [  99103]   WARN - #c.j.p.s.s.PySkeletonRefresher - PyQt5.Qt5.plugins.platformthemes.libqxdgdesktopportal
2023-08-31 10:01:47,885 [  99103]   WARN - #c.j.p.s.s.PySkeletonRefresher - PyQt5.Qt5.plugins.playlistformats.libqtmultimedia_m3u
2023-08-31 10:01:47,885 [  99103]   WARN - #c.j.p.s.s.PySkeletonRefresher - PyQt5.Qt5.plugins.position.libqtposition_geoclue
2023-08-31 10:01:47,885 [  99103]   WARN - #c.j.p.s.s.PySkeletonRefresher - PyQt5.Qt5.plugins.position.libqtposition_geoclue2
2023-08-31 10:01:47,885 [  99103]   WARN - #c.j.p.s.s.PySkeletonRefresher - PyQt5.Qt5.plugins.position.libqtposition_positionpoll
2023-08-31 10:01:47,885 [  99103]   WARN - #c.j.p.s.s.PySkeletonRefresher - PyQt5.Qt5.plugins.position.libqtposition_serialnmea
2023-08-31 10:01:47,885 [  99103]   WARN - #c.j.p.s.s.PySkeletonRefresher - PyQt5.Qt5.plugins.printsupport.libcupsprintersupport
2023-08-31 10:01:47,885 [  99103]   WARN - #c.j.p.s.s.PySkeletonRefresher - PyQt5.Qt5.plugins.renderers.libopenglrenderer
2023-08-31 10:01:47,885 [  99103]   WARN - #c.j.p.s.s.PySkeletonRefresher - PyQt5.Qt5.plugins.renderplugins.libscene2d
2023-08-31 10:01:47,885 [  99103]   WARN - #c.j.p.s.s.PySkeletonRefresher - PyQt5.Qt5.plugins.sceneparsers.libgltfsceneexport
2023-08-31 10:01:47,885 [  99103]   WARN - #c.j.p.s.s.PySkeletonRefresher - PyQt5.Qt5.plugins.sceneparsers.libgltfsceneimport
2023-08-31 10:01:47,885 [  99103]   WARN - #c.j.p.s.s.PySkeletonRefresher - PyQt5.Qt5.plugins.sensorgestures.libqtsensorgestures_plugin
2023-08-31 10:01:47,885 [  99103]   WARN - #c.j.p.s.s.PySkeletonRefresher - PyQt5.Qt5.plugins.sensorgestures.libqtsensorgestures_shakeplugin
2023-08-31 10:01:47,885 [  99103]   WARN - #c.j.p.s.s.PySkeletonRefresher - PyQt5.Qt5.plugins.sensors.libqtsensors_generic
2023-08-31 10:01:47,885 [  99103]   WARN - #c.j.p.s.s.PySkeletonRefresher - PyQt5.Qt5.plugins.sensors.libqtsensors_linuxsys
2023-08-31 10:01:47,885 [  99103]   WARN - #c.j.p.s.s.PySkeletonRefresher - PyQt5.Qt5.plugins.sqldrivers.libqsqlite
2023-08-31 10:01:47,885 [  99103]   WARN - #c.j.p.s.s.PySkeletonRefresher - PyQt5.Qt5.plugins.sqldrivers.libqsqlodbc
2023-08-31 10:01:47,885 [  99103]   WARN - #c.j.p.s.s.PySkeletonRefresher - PyQt5.Qt5.plugins.sqldrivers.libqsqlpsql
2023-08-31 10:01:47,885 [  99103]   WARN - #c.j.p.s.s.PySkeletonRefresher - PyQt5.Qt5.plugins.texttospeech.libqtexttospeech_speechd
2023-08-31 10:01:47,885 [  99103]   WARN - #c.j.p.s.s.PySkeletonRefresher - PyQt5.Qt5.plugins.webview.libqtwebview_webengine
2023-08-31 10:01:47,885 [  99103]   WARN - #c.j.p.s.s.PySkeletonRefresher - PyQt5.Qt5.qml.Qt.labs.animation.liblabsanimationplugin
2023-08-31 10:01:47,885 [  99103]   WARN - #c.j.p.s.s.PySkeletonRefresher - PyQt5.Qt5.qml.Qt.labs.calendar.libqtlabscalendarplugin
2023-08-31 10:01:47,885 [  99103]   WARN - #c.j.p.s.s.PySkeletonRefresher - PyQt5.Qt5.qml.Qt.labs.folderlistmodel.libqmlfolderlistmodelplugin
2023-08-31 10:01:47,885 [  99103]   WARN - #c.j.p.s.s.PySkeletonRefresher - PyQt5.Qt5.qml.Qt.labs.location.liblocationlabsplugin
2023-08-31 10:01:47,885 [  99103]   WARN - #c.j.p.s.s.PySkeletonRefresher - PyQt5.Qt5.qml.Qt.labs.platform.libqtlabsplatformplugin
2023-08-31 10:01:47,886 [  99104]   WARN - #c.j.p.s.s.PySkeletonRefresher - PyQt5.Qt5.qml.Qt.labs.qmlmodels.liblabsmodelsplugin
2023-08-31 10:01:47,886 [  99104]   WARN - #c.j.p.s.s.PySkeletonRefresher - PyQt5.Qt5.qml.Qt.labs.settings.libqmlsettingsplugin
2023-08-31 10:01:47,886 [  99104]   WARN - #c.j.p.s.s.PySkeletonRefresher - PyQt5.Qt5.qml.Qt.labs.sharedimage.libsharedimageplugin
2023-08-31 10:01:47,886 [  99104]   WARN - #c.j.p.s.s.PySkeletonRefresher - PyQt5.Qt5.qml.Qt.labs.wavefrontmesh.libqmlwavefrontmeshplugin
2023-08-31 10:01:47,886 [  99104]   WARN - #c.j.p.s.s.PySkeletonRefresher - PyQt5.Qt5.qml.QtBluetooth.libdeclarative_bluetooth
2023-08-31 10:01:47,886 [  99104]   WARN - #c.j.p.s.s.PySkeletonRefresher - PyQt5.Qt5.qml.QtGraphicalEffects.libqtgraphicaleffectsplugin
2023-08-31 10:01:47,886 [  99104]   WARN - #c.j.p.s.s.PySkeletonRefresher - PyQt5.Qt5.qml.QtGraphicalEffects.private.libqtgraphicaleffectsprivate
2023-08-31 10:01:47,886 [  99104]   WARN - #c.j.p.s.s.PySkeletonRefresher - PyQt5.Qt5.qml.QtLocation.libdeclarative_location
2023-08-31 10:01:47,886 [  99104]   WARN - #c.j.p.s.s.PySkeletonRefresher - PyQt5.Qt5.qml.QtMultimedia.libdeclarative_multimedia
2023-08-31 10:01:47,886 [  99104]   WARN - #c.j.p.s.s.PySkeletonRefresher - PyQt5.Qt5.qml.QtNfc.libdeclarative_nfc
2023-08-31 10:01:47,886 [  99104]   WARN - #c.j.p.s.s.PySkeletonRefresher - PyQt5.Qt5.qml.QtPositioning.libdeclarative_positioning
2023-08-31 10:01:47,886 [  99104]   WARN - #c.j.p.s.s.PySkeletonRefresher - PyQt5.Qt5.qml.QtQml.RemoteObjects.libqtqmlremoteobjects
2023-08-31 10:01:47,886 [  99104]   WARN - #c.j.p.s.s.PySkeletonRefresher - PyQt5.Qt5.qml.QtQml.StateMachine.libqtqmlstatemachine
2023-08-31 10:01:47,886 [  99104]   WARN - #c.j.p.s.s.PySkeletonRefresher - PyQt5.Qt5.qml.QtQml.libqmlplugin
2023-08-31 10:01:47,886 [  99104]   WARN - #c.j.p.s.s.PySkeletonRefresher - PyQt5.Qt5.qml.QtQuick.Controls.Styles.Flat.libqtquickextrasflatplugin
2023-08-31 10:01:47,886 [  99104]   WARN - #c.j.p.s.s.PySkeletonRefresher - PyQt5.Qt5.qml.QtQuick.Controls.libqtquickcontrolsplugin
2023-08-31 10:01:47,886 [  99104]   WARN - #c.j.p.s.s.PySkeletonRefresher - PyQt5.Qt5.qml.QtQuick.Dialogs.Private.libdialogsprivateplugin
2023-08-31 10:01:47,886 [  99104]   WARN - #c.j.p.s.s.PySkeletonRefresher - PyQt5.Qt5.qml.QtQuick.Dialogs.libdialogplugin
2023-08-31 10:01:47,886 [  99104]   WARN - #c.j.p.s.s.PySkeletonRefresher - PyQt5.Qt5.qml.QtQuick.Extras.libqtquickextrasplugin
2023-08-31 10:01:47,886 [  99104]   WARN - #c.j.p.s.s.PySkeletonRefresher - PyQt5.Qt5.qml.QtQuick.Layouts.libqquicklayoutsplugin
2023-08-31 10:01:47,886 [  99104]   WARN - #c.j.p.s.s.PySkeletonRefresher - PyQt5.Qt5.qml.QtQuick.LocalStorage.libqmllocalstorageplugin
2023-08-31 10:01:47,886 [  99104]   WARN - #c.j.p.s.s.PySkeletonRefresher - PyQt5.Qt5.qml.QtQuick.PrivateWidgets.libwidgetsplugin
2023-08-31 10:01:47,886 [  99104]   WARN - #c.j.p.s.s.PySkeletonRefresher - PyQt5.Qt5.qml.QtQuick.Scene2D.libqtquickscene2dplugin
2023-08-31 10:01:47,886 [  99104]   WARN - #c.j.p.s.s.PySkeletonRefresher - PyQt5.Qt5.qml.QtQuick.Scene3D.libqtquickscene3dplugin
2023-08-31 10:01:47,886 [  99104]   WARN - #c.j.p.s.s.PySkeletonRefresher - PyQt5.Qt5.qml.QtQuick.Shapes.libqmlshapesplugin
2023-08-31 10:01:47,886 [  99104]   WARN - #c.j.p.s.s.PySkeletonRefresher - PyQt5.Qt5.qml.QtQuick.Timeline.libqtquicktimelineplugin
2023-08-31 10:01:47,886 [  99104]   WARN - #c.j.p.s.s.PySkeletonRefresher - PyQt5.Qt5.qml.QtQuick.XmlListModel.libqmlxmllistmodelplugin
2023-08-31 10:01:47,886 [  99104]   WARN - #c.j.p.s.s.PySkeletonRefresher - PyQt5.Qt5.qml.QtQuick3D.Effects.libqtquick3deffectplugin
2023-08-31 10:01:47,886 [  99104]   WARN - #c.j.p.s.s.PySkeletonRefresher - PyQt5.Qt5.qml.QtQuick3D.Helpers.libqtquick3dhelpersplugin
2023-08-31 10:01:47,886 [  99104]   WARN - #c.j.p.s.s.PySkeletonRefresher - PyQt5.Qt5.qml.QtQuick3D.Materials.libqtquick3dmaterialplugin
2023-08-31 10:01:47,886 [  99104]   WARN - #c.j.p.s.s.PySkeletonRefresher - PyQt5.Qt5.qml.QtQuick3D.libqquick3dplugin
2023-08-31 10:01:47,886 [  99104]   WARN - #c.j.p.s.s.PySkeletonRefresher - PyQt5.Qt5.qml.QtRemoteObjects.libqtremoteobjects
2023-08-31 10:01:47,886 [  99104]   WARN - #c.j.p.s.s.PySkeletonRefresher - PyQt5.Qt5.qml.QtSensors.libdeclarative_sensors
2023-08-31 10:01:47,886 [  99104]   WARN - #c.j.p.s.s.PySkeletonRefresher - PyQt5.Qt5.qml.QtTest.libqmltestplugin
2023-08-31 10:01:47,886 [  99104]   WARN - #c.j.p.s.s.PySkeletonRefresher - PyQt5.Qt5.qml.QtWebChannel.libdeclarative_webchannel
2023-08-31 10:01:47,886 [  99104]   WARN - #c.j.p.s.s.PySkeletonRefresher - PyQt5.Qt5.qml.QtWebSockets.libdeclarative_qmlwebsockets
2023-08-31 10:01:47,886 [  99104]   WARN - #c.j.p.s.s.PySkeletonRefresher - PyQt5.Qt5.qml.QtWebView.libdeclarative_webview
2023-08-31 10:01:47,886 [  99104]   WARN - #c.j.p.s.s.PySkeletonRefresher - amp_C
2023-08-31 10:01:47,887 [  99105]   WARN - #c.j.p.s.s.PySkeletonRefresher - apex_C
2023-08-31 10:01:47,887 [  99105]   WARN - #c.j.p.s.s.PySkeletonRefresher - cv2.cv2
2023-08-31 10:01:47,887 [  99105]   WARN - #c.j.p.s.s.PySkeletonRefresher - cv2.qt.plugins.platforms.libqxcb
2023-08-31 10:01:47,887 [  99105]   WARN - #c.j.p.s.s.PySkeletonRefresher - debugpy._vendored.pydevd._pydevd_bundle.pydevd_cython
2023-08-31 10:01:47,887 [  99105]   WARN - #c.j.p.s.s.PySkeletonRefresher - debugpy._vendored.pydevd._pydevd_frame_eval.pydevd_frame_evaluator
2023-08-31 10:01:47,887 [  99105]   WARN - #c.j.p.s.s.PySkeletonRefresher - debugpy._vendored.pydevd.pydevd_attach_to_process.attach_linux_amd64
2023-08-31 10:01:47,887 [  99105]   WARN - #c.j.p.s.s.PySkeletonRefresher - fused_dense_cuda
2023-08-31 10:01:47,887 [  99105]   WARN - #c.j.p.s.s.PySkeletonRefresher - fused_layer_norm_cuda
2023-08-31 10:01:47,887 [  99105]   WARN - #c.j.p.s.s.PySkeletonRefresher - fused_weight_gradient_mlp_cuda
2023-08-31 10:01:47,887 [  99105]   WARN - #c.j.p.s.s.PySkeletonRefresher - generic_scaled_masked_softmax_cuda
2023-08-31 10:01:47,887 [  99105]   WARN - #c.j.p.s.s.PySkeletonRefresher - greenlet.tests._test_extension
2023-08-31 10:01:47,887 [  99105]   WARN - #c.j.p.s.s.PySkeletonRefresher - greenlet.tests._test_extension_cpp
2023-08-31 10:01:47,887 [  99105]   WARN - #c.j.p.s.s.PySkeletonRefresher - mlp_cuda
2023-08-31 10:01:47,887 [  99105]   WARN - #c.j.p.s.s.PySkeletonRefresher - scaled_masked_softmax_cuda
2023-08-31 10:01:47,887 [  99105]   WARN - #c.j.p.s.s.PySkeletonRefresher - scaled_softmax_cuda
2023-08-31 10:01:47,887 [  99105]   WARN - #c.j.p.s.s.PySkeletonRefresher - scaled_upper_triang_masked_softmax_cuda
2023-08-31 10:01:47,887 [  99105]   WARN - #c.j.p.s.s.PySkeletonRefresher - syncbn
2023-08-31 10:01:47,887 [  99105]   WARN - #c.j.p.s.s.PySkeletonRefresher - torch.lib.libc10
2023-08-31 10:01:47,887 [  99105]   WARN - #c.j.p.s.s.PySkeletonRefresher - torch.lib.libc10_cuda
2023-08-31 10:01:47,887 [  99105]   WARN - #c.j.p.s.s.PySkeletonRefresher - torch.lib.libcaffe2_detectron_ops_gpu
2023-08-31 10:01:47,887 [  99105]   WARN - #c.j.p.s.s.PySkeletonRefresher - torch.lib.libcaffe2_module_test_dynamic
2023-08-31 10:01:47,887 [  99105]   WARN - #c.j.p.s.s.PySkeletonRefresher - torch.lib.libcaffe2_nvrtc
2023-08-31 10:01:47,887 [  99105]   WARN - #c.j.p.s.s.PySkeletonRefresher - torch.lib.libcaffe2_observers
2023-08-31 10:01:47,887 [  99105]   WARN - #c.j.p.s.s.PySkeletonRefresher - torch.lib.libshm
2023-08-31 10:01:47,887 [  99105]   WARN - #c.j.p.s.s.PySkeletonRefresher - torch.lib.libtorch
2023-08-31 10:01:47,887 [  99105]   WARN - #c.j.p.s.s.PySkeletonRefresher - torch.lib.libtorch_cpu
2023-08-31 10:01:47,887 [  99105]   WARN - #c.j.p.s.s.PySkeletonRefresher - torch.lib.libtorch_cuda
2023-08-31 10:01:47,887 [  99105]   WARN - #c.j.p.s.s.PySkeletonRefresher - torch.lib.libtorch_cuda_cpp
2023-08-31 10:01:47,887 [  99105]   WARN - #c.j.p.s.s.PySkeletonRefresher - torch.lib.libtorch_cuda_cu
2023-08-31 10:01:47,887 [  99105]   WARN - #c.j.p.s.s.PySkeletonRefresher - torch.lib.libtorch_global_deps
2023-08-31 10:01:47,887 [  99105]   WARN - #c.j.p.s.s.PySkeletonRefresher - torch.lib.libtorch_python
2023-08-31 10:01:47,887 [  99105]   WARN - #c.j.p.s.s.PySkeletonRefresher - torchaudio.lib.libtorchaudio
2023-08-31 10:01:47,887 [  99105]   WARN - #c.j.p.s.s.PySkeletonRefresher - torchvision._C
2023-08-31 10:01:47,887 [  99105]   WARN - #c.j.p.s.s.PySkeletonRefresher - torchvision.image
2023-08-31 10:15:07,396 [ 898614] SEVERE - com.jediterm.terminal.model.TerminalTextBuffer - Attempt to get line out of bounds: -1 < 0
2023-08-31 10:15:07,397 [ 898615] SEVERE - com.jediterm.terminal.model.TerminalTextBuffer - Attempt to get line out of bounds: -1 < 0
2023-08-31 10:15:07,600 [ 898818] SEVERE - com.jediterm.terminal.model.TerminalTextBuffer - Attempt to get line out of bounds: -1 < 0
2023-08-31 10:21:35,413 [1286631] SEVERE - com.jediterm.terminal.model.TerminalTextBuffer - Attempt to get line out of bounds: -1 < 0
2023-08-31 10:21:35,413 [1286631] SEVERE - com.jediterm.terminal.model.TerminalTextBuffer - Attempt to get line out of bounds: -1 < 0
2023-08-31 10:21:35,615 [1286833] SEVERE - com.jediterm.terminal.model.TerminalTextBuffer - Attempt to get line out of bounds: -1 < 0
2023-08-31 10:22:02,191 [1313409] SEVERE - com.jediterm.terminal.model.TerminalTextBuffer - Attempt to get line out of bounds: -1 < 0
2023-08-31 10:22:02,192 [1313410] SEVERE - com.jediterm.terminal.model.TerminalTextBuffer - Attempt to get line out of bounds: -1 < 0
2023-08-31 10:22:02,701 [1313919] SEVERE - com.jediterm.terminal.model.TerminalTextBuffer - Attempt to get line out of bounds: -1 < 0
2023-08-31 10:22:02,701 [1313919] SEVERE - com.jediterm.terminal.model.TerminalTextBuffer - Attempt to get line out of bounds: -1 < 0
2023-08-31 10:22:02,731 [1313949] SEVERE - com.jediterm.terminal.model.TerminalTextBuffer - Attempt to get line out of bounds: -1 < 0
2023-08-31 10:22:02,746 [1313964] SEVERE - com.jediterm.terminal.model.TerminalTextBuffer - Attempt to get line out of bounds: -1 < 0
2023-08-31 10:22:02,746 [1313964] SEVERE - com.jediterm.terminal.model.TerminalTextBuffer - Attempt to get line out of bounds: -1 < 0
2023-08-31 10:22:32,182 [1343400] SEVERE - com.jediterm.terminal.model.TerminalTextBuffer - Attempt to get line out of bounds: 13 >= 13
2023-08-31 10:22:32,182 [1343400] SEVERE - com.jediterm.terminal.model.TerminalTextBuffer - Attempt to get line out of bounds: 13 >= 13
2023-08-31 10:22:48,391 [1359609] SEVERE - com.jediterm.terminal.model.TerminalTextBuffer - Attempt to get line out of bounds: -1 < 0
2023-08-31 10:22:48,392 [1359610] SEVERE - com.jediterm.terminal.model.TerminalTextBuffer - Attempt to get line out of bounds: -1 < 0
2023-08-31 10:22:48,874 [1360092] SEVERE - com.jediterm.terminal.model.TerminalTextBuffer - Attempt to get line out of bounds: -1 < 0
2023-08-31 10:22:49,379 [1360597] SEVERE - com.jediterm.terminal.model.TerminalTextBuffer - Attempt to get line out of bounds: -1 < 0
2023-08-31 10:22:49,380 [1360598] SEVERE - com.jediterm.terminal.model.TerminalTextBuffer - Attempt to get line out of bounds: -1 < 0
2023-08-31 10:22:49,882 [1361100] SEVERE - com.jediterm.terminal.model.TerminalTextBuffer - Attempt to get line out of bounds: -1 < 0
2023-08-31 10:22:50,386 [1361604] SEVERE - com.jediterm.terminal.model.TerminalTextBuffer - Attempt to get line out of bounds: -1 < 0
2023-08-31 10:22:50,386 [1361604] SEVERE - com.jediterm.terminal.model.TerminalTextBuffer - Attempt to get line out of bounds: -1 < 0
2023-08-31 10:22:50,889 [1362107] SEVERE - com.jediterm.terminal.model.TerminalTextBuffer - Attempt to get line out of bounds: -1 < 0
2023-08-31 10:22:51,393 [1362611] SEVERE - com.jediterm.terminal.model.TerminalTextBuffer - Attempt to get line out of bounds: -1 < 0
2023-08-31 10:22:51,394 [1362612] SEVERE - com.jediterm.terminal.model.TerminalTextBuffer - Attempt to get line out of bounds: -1 < 0
2023-08-31 10:22:51,895 [1363113] SEVERE - com.jediterm.terminal.model.TerminalTextBuffer - Attempt to get line out of bounds: -1 < 0
2023-08-31 10:22:52,398 [1363616] SEVERE - com.jediterm.terminal.model.TerminalTextBuffer - Attempt to get line out of bounds: -1 < 0
2023-08-31 10:22:52,398 [1363616] SEVERE - com.jediterm.terminal.model.TerminalTextBuffer - Attempt to get line out of bounds: -1 < 0
2023-08-31 10:22:52,901 [1364119] SEVERE - com.jediterm.terminal.model.TerminalTextBuffer - Attempt to get line out of bounds: -1 < 0
2023-08-31 10:22:53,404 [1364622] SEVERE - com.jediterm.terminal.model.TerminalTextBuffer - Attempt to get line out of bounds: -1 < 0
2023-08-31 10:22:53,404 [1364622] SEVERE - com.jediterm.terminal.model.TerminalTextBuffer - Attempt to get line out of bounds: -1 < 0
2023-08-31 10:22:53,906 [1365124] SEVERE - com.jediterm.terminal.model.TerminalTextBuffer - Attempt to get line out of bounds: -1 < 0
2023-08-31 10:22:54,411 [1365629] SEVERE - com.jediterm.terminal.model.TerminalTextBuffer - Attempt to get line out of bounds: -1 < 0
2023-08-31 10:22:54,411 [1365629] SEVERE - com.jediterm.terminal.model.TerminalTextBuffer - Attempt to get line out of bounds: -1 < 0
2023-08-31 10:22:54,913 [1366131] SEVERE - com.jediterm.terminal.model.TerminalTextBuffer - Attempt to get line out of bounds: -1 < 0
2023-08-31 10:22:55,417 [1366635] SEVERE - com.jediterm.terminal.model.TerminalTextBuffer - Attempt to get line out of bounds: -1 < 0
2023-08-31 10:22:55,418 [1366636] SEVERE - com.jediterm.terminal.model.TerminalTextBuffer - Attempt to get line out of bounds: -1 < 0
2023-08-31 10:22:55,921 [1367139] SEVERE - com.jediterm.terminal.model.TerminalTextBuffer - Attempt to get line out of bounds: -1 < 0
2023-08-31 10:22:56,424 [1367642] SEVERE - com.jediterm.terminal.model.TerminalTextBuffer - Attempt to get line out of bounds: -1 < 0
2023-08-31 10:22:56,424 [1367642] SEVERE - com.jediterm.terminal.model.TerminalTextBuffer - Attempt to get line out of bounds: -1 < 0
2023-08-31 10:22:56,469 [1367687] SEVERE - com.jediterm.terminal.model.TerminalTextBuffer - Attempt to get line out of bounds: -1 < 0
2023-08-31 10:22:56,469 [1367687] SEVERE - com.jediterm.terminal.model.TerminalTextBuffer - Attempt to get line out of bounds: -1 < 0
2023-08-31 10:23:16,198 [1387416] SEVERE - com.jediterm.terminal.model.TerminalTextBuffer - Attempt to get line out of bounds: -1 < 0
2023-08-31 10:23:16,199 [1387417] SEVERE - com.jediterm.terminal.model.TerminalTextBuffer - Attempt to get line out of bounds: -1 < 0
2023-08-31 10:23:36,944 [1408162] SEVERE - com.jediterm.terminal.model.TerminalTextBuffer - Attempt to get line out of bounds: -1 < 0
2023-08-31 10:23:36,944 [1408162] SEVERE - com.jediterm.terminal.model.TerminalTextBuffer - Attempt to get line out of bounds: -1 < 0
2023-08-31 10:25:16,866 [1508084] SEVERE - com.jediterm.terminal.model.TerminalTextBuffer - Attempt to get line out of bounds: -1 < 0
2023-08-31 10:25:16,866 [1508084] SEVERE - com.jediterm.terminal.model.TerminalTextBuffer - Attempt to get line out of bounds: -1 < 0
2023-08-31 10:25:16,909 [1508127] SEVERE - com.jediterm.terminal.model.TerminalTextBuffer - Attempt to get line out of bounds: -1 < 0
2023-08-31 10:25:16,909 [1508127] SEVERE - com.jediterm.terminal.model.TerminalTextBuffer - Attempt to get line out of bounds: -1 < 0
2023-08-31 10:25:24,405 [1515623] SEVERE - com.jediterm.terminal.model.TerminalTextBuffer - Attempt to get line out of bounds: -1 < 0
2023-08-31 10:25:24,405 [1515623] SEVERE - com.jediterm.terminal.model.TerminalTextBuffer - Attempt to get line out of bounds: -1 < 0
2023-08-31 10:25:24,675 [1515893] SEVERE - com.jediterm.terminal.model.TerminalTextBuffer - Attempt to get line out of bounds: -1 < 0
2023-08-31 10:25:24,675 [1515893] SEVERE - com.jediterm.terminal.model.TerminalTextBuffer - Attempt to get line out of bounds: -1 < 0
2023-08-31 10:25:24,716 [1515934] SEVERE - com.jediterm.terminal.model.TerminalTextBuffer - Attempt to get line out of bounds: -1 < 0
2023-08-31 10:25:24,717 [1515935] SEVERE - com.jediterm.terminal.model.TerminalTextBuffer - Attempt to get line out of bounds: -1 < 0
2023-08-31 10:25:24,989 [1516207] SEVERE - com.jediterm.terminal.model.TerminalTextBuffer - Attempt to get line out of bounds: -1 < 0
2023-08-31 10:25:24,989 [1516207] SEVERE - com.jediterm.terminal.model.TerminalTextBuffer - Attempt to get line out of bounds: -1 < 0
2023-08-31 10:25:25,021 [1516239] SEVERE - com.jediterm.terminal.model.TerminalTextBuffer - Attempt to get line out of bounds: -1 < 0
2023-08-31 10:25:25,021 [1516239] SEVERE - com.jediterm.terminal.model.TerminalTextBuffer - Attempt to get line out of bounds: -1 < 0
2023-08-31 10:25:26,154 [1517372] SEVERE - com.jediterm.terminal.model.TerminalTextBuffer - Attempt to get line out of bounds: -1 < 0
2023-08-31 10:25:26,155 [1517373] SEVERE - com.jediterm.terminal.model.TerminalTextBuffer - Attempt to get line out of bounds: -1 < 0
2023-08-31 10:25:26,195 [1517413] SEVERE - com.jediterm.terminal.model.TerminalTextBuffer - Attempt to get line out of bounds: -1 < 0
2023-08-31 10:25:26,195 [1517413] SEVERE - com.jediterm.terminal.model.TerminalTextBuffer - Attempt to get line out of bounds: -1 < 0
2023-08-31 10:25:28,085 [1519303] SEVERE - com.jediterm.terminal.model.TerminalTextBuffer - Attempt to get line out of bounds: -1 < 0
2023-08-31 10:25:28,085 [1519303] SEVERE - com.jediterm.terminal.model.TerminalTextBuffer - Attempt to get line out of bounds: -1 < 0
2023-08-31 10:25:28,523 [1519741] SEVERE - com.jediterm.terminal.model.TerminalTextBuffer - Attempt to get line out of bounds: -1 < 0
2023-08-31 10:25:28,523 [1519741] SEVERE - com.jediterm.terminal.model.TerminalTextBuffer - Attempt to get line out of bounds: -1 < 0
2023-08-31 10:25:47,360 [1538578] SEVERE - com.jediterm.terminal.model.TerminalTextBuffer - Attempt to get line out of bounds: -1 < 0
2023-08-31 10:25:47,360 [1538578] SEVERE - com.jediterm.terminal.model.TerminalTextBuffer - Attempt to get line out of bounds: -1 < 0
2023-08-31 10:25:47,421 [1538639] SEVERE - com.jediterm.terminal.model.TerminalTextBuffer - Attempt to get line out of bounds: -1 < 0
2023-08-31 10:25:47,422 [1538640] SEVERE - com.jediterm.terminal.model.TerminalTextBuffer - Attempt to get line out of bounds: -1 < 0
2023-08-31 10:25:47,652 [1538870] SEVERE - com.jediterm.terminal.model.TerminalTextBuffer - Attempt to get line out of bounds: -1 < 0
2023-08-31 10:25:47,652 [1538870] SEVERE - com.jediterm.terminal.model.TerminalTextBuffer - Attempt to get line out of bounds: -1 < 0
2023-08-31 10:25:47,922 [1539140] SEVERE - com.jediterm.terminal.model.TerminalTextBuffer - Attempt to get line out of bounds: -1 < 0
2023-08-31 10:25:47,923 [1539141] SEVERE - com.jediterm.terminal.model.TerminalTextBuffer - Attempt to get line out of bounds: -1 < 0
2023-08-31 10:25:47,955 [1539173] SEVERE - com.jediterm.terminal.model.TerminalTextBuffer - Attempt to get line out of bounds: -1 < 0
2023-08-31 10:25:47,955 [1539173] SEVERE - com.jediterm.terminal.model.TerminalTextBuffer - Attempt to get line out of bounds: -1 < 0
2023-08-31 10:25:49,224 [1540442] SEVERE - com.jediterm.terminal.model.TerminalTextBuffer - Attempt to get line out of bounds: -1 < 0
2023-08-31 10:25:49,225 [1540443] SEVERE - com.jediterm.terminal.model.TerminalTextBuffer - Attempt to get line out of bounds: -1 < 0
2023-08-31 10:25:49,459 [1540677] SEVERE - com.jediterm.terminal.model.TerminalTextBuffer - Attempt to get line out of bounds: -1 < 0
2023-08-31 10:25:49,459 [1540677] SEVERE - com.jediterm.terminal.model.TerminalTextBuffer - Attempt to get line out of bounds: -1 < 0
2023-08-31 10:25:51,691 [1542909] SEVERE - com.jediterm.terminal.model.TerminalTextBuffer - Attempt to get line out of bounds: -1 < 0
2023-08-31 10:25:51,691 [1542909] SEVERE - com.jediterm.terminal.model.TerminalTextBuffer - Attempt to get line out of bounds: -1 < 0
2023-08-31 10:25:51,734 [1542952] SEVERE - com.jediterm.terminal.model.TerminalTextBuffer - Attempt to get line out of bounds: -1 < 0
2023-08-31 10:25:51,735 [1542953] SEVERE - com.jediterm.terminal.model.TerminalTextBuffer - Attempt to get line out of bounds: -1 < 0
2023-08-31 10:25:53,715 [1544933] SEVERE - com.jediterm.terminal.model.TerminalTextBuffer - Attempt to get line out of bounds: -1 < 0
2023-08-31 10:25:53,716 [1544934] SEVERE - com.jediterm.terminal.model.TerminalTextBuffer - Attempt to get line out of bounds: -1 < 0
2023-08-31 10:25:54,273 [1545491] SEVERE - com.jediterm.terminal.model.TerminalTextBuffer - Attempt to get line out of bounds: -1 < 0
2023-08-31 10:25:54,273 [1545491] SEVERE - com.jediterm.terminal.model.TerminalTextBuffer - Attempt to get line out of bounds: -1 < 0
2023-08-31 10:25:54,311 [1545529] SEVERE - com.jediterm.terminal.model.TerminalTextBuffer - Attempt to get line out of bounds: -1 < 0
2023-08-31 10:25:54,311 [1545529] SEVERE - com.jediterm.terminal.model.TerminalTextBuffer - Attempt to get line out of bounds: -1 < 0
2023-08-31 10:25:56,088 [1547306] SEVERE - com.jediterm.terminal.model.TerminalTextBuffer - Attempt to get line out of bounds: -1 < 0
2023-08-31 10:25:56,088 [1547306] SEVERE - com.jediterm.terminal.model.TerminalTextBuffer - Attempt to get line out of bounds: -1 < 0
2023-08-31 10:26:54,908 [1606126] SEVERE - com.jediterm.terminal.model.TerminalTextBuffer - Attempt to get line out of bounds: -1 < 0
2023-08-31 10:26:54,908 [1606126] SEVERE - com.jediterm.terminal.model.TerminalTextBuffer - Attempt to get line out of bounds: -1 < 0
2023-08-31 10:26:55,759 [1606977] SEVERE - com.jediterm.terminal.model.TerminalTextBuffer - Attempt to get line out of bounds: -1 < 0
2023-08-31 10:26:55,759 [1606977] SEVERE - com.jediterm.terminal.model.TerminalTextBuffer - Attempt to get line out of bounds: -1 < 0
2023-08-31 10:28:09,242 [1680460] SEVERE - com.jediterm.terminal.model.TerminalTextBuffer - Attempt to get line out of bounds: -1 < 0
2023-08-31 10:28:09,243 [1680461] SEVERE - com.jediterm.terminal.model.TerminalTextBuffer - Attempt to get line out of bounds: -1 < 0
2023-08-31 10:28:53,253 [1724471] SEVERE - com.jediterm.terminal.model.TerminalTextBuffer - Attempt to get line out of bounds: -1 < 0
2023-08-31 10:28:53,254 [1724472] SEVERE - com.jediterm.terminal.model.TerminalTextBuffer - Attempt to get line out of bounds: -1 < 0
2023-08-31 10:28:53,313 [1724531] SEVERE - com.jediterm.terminal.model.TerminalTextBuffer - Attempt to get line out of bounds: -1 < 0
2023-08-31 10:28:53,313 [1724531] SEVERE - com.jediterm.terminal.model.TerminalTextBuffer - Attempt to get line out of bounds: -1 < 0
2023-08-31 10:28:54,329 [1725547] SEVERE - #c.i.u.t.i.ActionButton - BGT action PyPlotToolWindow$ClosePlotAction (com.jetbrains.python.scientific.figures.PyPlotToolWindow$ClosePlotAction) is not allowed. Only EDT actions are allowed. [Plugin: Pythonid]
com.intellij.diagnostic.PluginException: BGT action PyPlotToolWindow$ClosePlotAction (com.jetbrains.python.scientific.figures.PyPlotToolWindow$ClosePlotAction) is not allowed. Only EDT actions are allowed. [Plugin: Pythonid]
	at com.intellij.diagnostic.PluginProblemReporterImpl.createPluginExceptionByClass(PluginProblemReporterImpl.java:23)
	at com.intellij.diagnostic.PluginException.createByClass(PluginException.java:89)
	at com.intellij.ui.tabs.impl.ActionButton.<init>(ActionButton.java:44)
	at com.intellij.ui.tabs.impl.ActionPanel$1.<init>(ActionPanel.java:52)
	at com.intellij.ui.tabs.impl.ActionPanel.<init>(ActionPanel.java:52)
	at com.intellij.ui.tabs.impl.TabLabel.setTabActions(TabLabel.java:566)
	at com.intellij.ui.tabs.impl.JBTabsImpl.updateTabActions(JBTabsImpl.kt:1577)
	at com.intellij.ui.tabs.impl.JBTabsImpl.addTab(JBTabsImpl.kt:1182)
	at com.intellij.ui.tabs.impl.JBTabsImpl.addTab(JBTabsImpl.kt:1154)
	at com.intellij.ui.tabs.impl.JBTabsImpl.addTab(JBTabsImpl.kt:1201)
	at com.jetbrains.python.scientific.figures.PyPlotToolWindow.lambda$addFigure$0(PyPlotToolWindow.java:125)
	at com.intellij.openapi.application.TransactionGuardImpl.runWithWritingAllowed(TransactionGuardImpl.java:208)
	at com.intellij.openapi.application.TransactionGuardImpl.access$100(TransactionGuardImpl.java:21)
	at com.intellij.openapi.application.TransactionGuardImpl$1.run(TransactionGuardImpl.java:190)
	at com.intellij.openapi.application.impl.ApplicationImpl.runIntendedWriteActionOnCurrentThread(ApplicationImpl.java:861)
	at com.intellij.openapi.application.impl.ApplicationImpl$4.run(ApplicationImpl.java:478)
	at com.intellij.openapi.application.impl.FlushQueue.doRun(FlushQueue.java:79)
	at com.intellij.openapi.application.impl.FlushQueue.runNextEvent(FlushQueue.java:121)
	at com.intellij.openapi.application.impl.FlushQueue.flushNow(FlushQueue.java:41)
	at java.desktop/java.awt.event.InvocationEvent.dispatch(InvocationEvent.java:318)
	at java.desktop/java.awt.EventQueue.dispatchEventImpl(EventQueue.java:789)
	at java.desktop/java.awt.EventQueue$3.run(EventQueue.java:740)
	at java.desktop/java.awt.EventQueue$3.run(EventQueue.java:734)
	at java.base/java.security.AccessController.doPrivileged(AccessController.java:399)
	at java.base/java.security.ProtectionDomain$JavaSecurityAccessImpl.doIntersectionPrivilege(ProtectionDomain.java:86)
	at java.desktop/java.awt.EventQueue.dispatchEvent(EventQueue.java:759)
	at com.intellij.ide.IdeEventQueue.defaultDispatchEvent(IdeEventQueue.kt:685)
	at com.intellij.ide.IdeEventQueue._dispatchEvent$lambda$10(IdeEventQueue.kt:589)
	at com.intellij.openapi.application.impl.ApplicationImpl.runWithoutImplicitRead(ApplicationImpl.java:1485)
	at com.intellij.ide.IdeEventQueue._dispatchEvent(IdeEventQueue.kt:589)
	at com.intellij.ide.IdeEventQueue.access$_dispatchEvent(IdeEventQueue.kt:67)
	at com.intellij.ide.IdeEventQueue$dispatchEvent$processEventRunnable$1$1$1.compute(IdeEventQueue.kt:369)
	at com.intellij.ide.IdeEventQueue$dispatchEvent$processEventRunnable$1$1$1.compute(IdeEventQueue.kt:368)
	at com.intellij.openapi.progress.impl.CoreProgressManager.computePrioritized(CoreProgressManager.java:787)
	at com.intellij.ide.IdeEventQueue$dispatchEvent$processEventRunnable$1$1.invoke(IdeEventQueue.kt:368)
	at com.intellij.ide.IdeEventQueue$dispatchEvent$processEventRunnable$1$1.invoke(IdeEventQueue.kt:363)
	at com.intellij.ide.IdeEventQueueKt.performActivity$lambda$1(IdeEventQueue.kt:992)
	at com.intellij.openapi.application.TransactionGuardImpl.performActivity(TransactionGuardImpl.java:105)
	at com.intellij.ide.IdeEventQueueKt.performActivity(IdeEventQueue.kt:992)
	at com.intellij.ide.IdeEventQueue.dispatchEvent$lambda$7(IdeEventQueue.kt:363)
	at com.intellij.openapi.application.impl.ApplicationImpl.runIntendedWriteActionOnCurrentThread(ApplicationImpl.java:861)
	at com.intellij.ide.IdeEventQueue.dispatchEvent(IdeEventQueue.kt:405)
	at java.desktop/java.awt.EventDispatchThread.pumpOneEventForFilters(EventDispatchThread.java:207)
	at java.desktop/java.awt.EventDispatchThread.pumpEventsForFilter(EventDispatchThread.java:128)
	at java.desktop/java.awt.EventDispatchThread.pumpEventsForHierarchy(EventDispatchThread.java:117)
	at java.desktop/java.awt.EventDispatchThread.pumpEvents(EventDispatchThread.java:113)
	at java.desktop/java.awt.EventDispatchThread.pumpEvents(EventDispatchThread.java:105)
	at java.desktop/java.awt.EventDispatchThread.run(EventDispatchThread.java:92)
2023-08-31 10:28:54,330 [1725548] SEVERE - #c.i.u.t.i.ActionButton - PyCharm 2023.2  Build #PY-232.8660.197
2023-08-31 10:28:54,330 [1725548] SEVERE - #c.i.u.t.i.ActionButton - JDK: 17.0.7; VM: OpenJDK 64-Bit Server VM; Vendor: JetBrains s.r.o.
2023-08-31 10:28:54,330 [1725548] SEVERE - #c.i.u.t.i.ActionButton - OS: Linux
2023-08-31 10:28:54,463 [1725681] SEVERE - #c.i.u.t.i.ActionButton - BGT action PyDataView$CloseViewerAction (com.jetbrains.python.debugger.containerview.PyDataView$CloseViewerAction) is not allowed. Only EDT actions are allowed. [Plugin: Pythonid]
com.intellij.diagnostic.PluginException: BGT action PyDataView$CloseViewerAction (com.jetbrains.python.debugger.containerview.PyDataView$CloseViewerAction) is not allowed. Only EDT actions are allowed. [Plugin: Pythonid]
	at com.intellij.diagnostic.PluginProblemReporterImpl.createPluginExceptionByClass(PluginProblemReporterImpl.java:23)
	at com.intellij.diagnostic.PluginException.createByClass(PluginException.java:89)
	at com.intellij.ui.tabs.impl.ActionButton.<init>(ActionButton.java:44)
	at com.intellij.ui.tabs.impl.ActionPanel$1.<init>(ActionPanel.java:52)
	at com.intellij.ui.tabs.impl.ActionPanel.<init>(ActionPanel.java:52)
	at com.intellij.ui.tabs.impl.TabLabel.setTabActions(TabLabel.java:566)
	at com.intellij.ui.tabs.impl.JBTabsImpl.updateTabActions(JBTabsImpl.kt:1577)
	at com.intellij.ui.tabs.impl.JBTabsImpl.addTab(JBTabsImpl.kt:1182)
	at com.intellij.ui.tabs.impl.JBTabsImpl.addTab(JBTabsImpl.kt:1154)
	at com.intellij.ui.tabs.impl.JBTabsImpl.addTab(JBTabsImpl.kt:1201)
	at com.jetbrains.python.debugger.containerview.PyDataView.addTab(PyDataView.java:216)
	at com.jetbrains.python.scientific.PyDataViewToolWindowFactory.addTabConnectedToConsole(PyDataViewToolWindowFactory.java:160)
	at com.jetbrains.python.scientific.PyDataViewToolWindowFactory$3.selectionChanged(PyDataViewToolWindowFactory.java:135)
	at jdk.internal.reflect.GeneratedMethodAccessor26.invoke(Unknown Source)
	at java.base/jdk.internal.reflect.DelegatingMethodAccessorImpl.invoke(DelegatingMethodAccessorImpl.java:43)
	at java.base/java.lang.reflect.Method.invoke(Method.java:568)
	at com.intellij.util.EventDispatcher.dispatchVoidMethod(EventDispatcher.java:118)
	at com.intellij.util.EventDispatcher.lambda$createMulticaster$1(EventDispatcher.java:83)
	at jdk.proxy2/jdk.proxy2.$Proxy99.selectionChanged(Unknown Source)
	at com.intellij.ui.content.impl.ContentManagerImpl.fireSelectionChanged(ContentManagerImpl.java:621)
	at com.intellij.ui.content.impl.ContentManagerImpl.addSelectedContent(ContentManagerImpl.java:432)
	at com.intellij.ui.content.impl.ContentManagerImpl$2.run(ContentManagerImpl.java:520)
	at com.intellij.ui.content.impl.ContentManagerImpl.setSelectedContent(ContentManagerImpl.java:536)
	at com.intellij.ui.content.impl.ContentManagerImpl.setSelectedContentCB(ContentManagerImpl.java:485)
	at com.intellij.ui.content.impl.ContentManagerImpl.setSelectedContentCB(ContentManagerImpl.java:475)
	at com.intellij.ui.content.impl.ContentManagerImpl.setSelectedContentCB(ContentManagerImpl.java:559)
	at com.intellij.ui.content.impl.ContentManagerImpl.setSelectedContent(ContentManagerImpl.java:564)
	at com.intellij.ui.content.impl.ContentManagerImpl.doAddContent(ContentManagerImpl.java:201)
	at com.intellij.ui.content.impl.ContentManagerImpl.addContent(ContentManagerImpl.java:171)
	at com.jetbrains.python.console.PythonConsoleToolWindow.setContent(PythonConsoleToolWindow.java:85)
	at com.jetbrains.python.console.PythonConsoleToolWindow.init(PythonConsoleToolWindow.java:53)
	at com.jetbrains.python.console.PydevConsoleRunnerImpl.showContentDescriptor(PydevConsoleRunnerImpl.java:375)
	at com.jetbrains.python.console.PydevConsoleRunnerImpl.createContentDescriptorAndActions(PydevConsoleRunnerImpl.java:954)
	at com.jetbrains.python.console.PydevConsoleRunnerImpl.lambda$initAndRun$7(PydevConsoleRunnerImpl.java:872)
	at java.desktop/java.awt.event.InvocationEvent.dispatch(InvocationEvent.java:308)
	at java.desktop/java.awt.EventQueue.dispatchEventImpl(EventQueue.java:789)
	at java.desktop/java.awt.EventQueue$3.run(EventQueue.java:740)
	at java.desktop/java.awt.EventQueue$3.run(EventQueue.java:734)
	at java.base/java.security.AccessController.doPrivileged(AccessController.java:399)
	at java.base/java.security.ProtectionDomain$JavaSecurityAccessImpl.doIntersectionPrivilege(ProtectionDomain.java:86)
	at java.desktop/java.awt.EventQueue.dispatchEvent(EventQueue.java:759)
	at com.intellij.ide.IdeEventQueue.defaultDispatchEvent(IdeEventQueue.kt:685)
	at com.intellij.ide.IdeEventQueue._dispatchEvent$lambda$10(IdeEventQueue.kt:589)
	at com.intellij.openapi.application.impl.ApplicationImpl.runWithoutImplicitRead(ApplicationImpl.java:1485)
	at com.intellij.ide.IdeEventQueue._dispatchEvent(IdeEventQueue.kt:589)
	at com.intellij.ide.IdeEventQueue.access$_dispatchEvent(IdeEventQueue.kt:67)
	at com.intellij.ide.IdeEventQueue$dispatchEvent$processEventRunnable$1$1$1.compute(IdeEventQueue.kt:369)
	at com.intellij.ide.IdeEventQueue$dispatchEvent$processEventRunnable$1$1$1.compute(IdeEventQueue.kt:368)
	at com.intellij.openapi.progress.impl.CoreProgressManager.computePrioritized(CoreProgressManager.java:787)
	at com.intellij.ide.IdeEventQueue$dispatchEvent$processEventRunnable$1$1.invoke(IdeEventQueue.kt:368)
	at com.intellij.ide.IdeEventQueue$dispatchEvent$processEventRunnable$1$1.invoke(IdeEventQueue.kt:363)
	at com.intellij.ide.IdeEventQueueKt.performActivity$lambda$1(IdeEventQueue.kt:992)
	at com.intellij.openapi.application.TransactionGuardImpl.performActivity(TransactionGuardImpl.java:105)
	at com.intellij.ide.IdeEventQueueKt.performActivity(IdeEventQueue.kt:992)
	at com.intellij.ide.IdeEventQueue.dispatchEvent$lambda$7(IdeEventQueue.kt:363)
	at com.intellij.openapi.application.impl.ApplicationImpl.runIntendedWriteActionOnCurrentThread(ApplicationImpl.java:861)
	at com.intellij.ide.IdeEventQueue.dispatchEvent(IdeEventQueue.kt:405)
	at java.desktop/java.awt.EventDispatchThread.pumpOneEventForFilters(EventDispatchThread.java:207)
	at java.desktop/java.awt.EventDispatchThread.pumpEventsForFilter(EventDispatchThread.java:128)
	at java.desktop/java.awt.EventDispatchThread.pumpEventsForHierarchy(EventDispatchThread.java:117)
	at java.desktop/java.awt.EventDispatchThread.pumpEvents(EventDispatchThread.java:113)
	at java.desktop/java.awt.EventDispatchThread.pumpEvents(EventDispatchThread.java:105)
	at java.desktop/java.awt.EventDispatchThread.run(EventDispatchThread.java:92)
2023-08-31 10:28:54,465 [1725683] SEVERE - #c.i.u.t.i.ActionButton - PyCharm 2023.2  Build #PY-232.8660.197
2023-08-31 10:28:54,465 [1725683] SEVERE - #c.i.u.t.i.ActionButton - JDK: 17.0.7; VM: OpenJDK 64-Bit Server VM; Vendor: JetBrains s.r.o.
2023-08-31 10:28:54,465 [1725683] SEVERE - #c.i.u.t.i.ActionButton - OS: Linux
2023-08-31 11:16:31,560 [4582778]   WARN - org.apache.velocity.deprecation - configuration key 'resource.loader' has been deprecated in favor of 'resource.loaders'
2023-08-31 11:16:31,570 [4582788]   WARN - org.apache.velocity.deprecation - configuration key 'includes.resource.loader.instance' has been deprecated in favor of 'resource.loader.includes.instance'
2023-08-31 15:00:52,553 [18043771] SEVERE - com.jediterm.terminal.model.TerminalTextBuffer - Attempt to get line out of bounds: -1 < 0
2023-08-31 15:00:52,554 [18043772] SEVERE - com.jediterm.terminal.model.TerminalTextBuffer - Attempt to get line out of bounds: -1 < 0
2023-08-31 15:00:52,565 [18043783] SEVERE - com.jediterm.terminal.model.TerminalTextBuffer - Attempt to get line out of bounds: -1 < 0
2023-08-31 15:00:52,565 [18043783] SEVERE - com.jediterm.terminal.model.TerminalTextBuffer - Attempt to get line out of bounds: -1 < 0
2023-08-31 15:00:52,616 [18043834] SEVERE - com.jediterm.terminal.model.TerminalTextBuffer - Attempt to get line out of bounds: -1 < 0
2023-08-31 15:00:52,616 [18043834] SEVERE - com.jediterm.terminal.model.TerminalTextBuffer - Attempt to get line out of bounds: -1 < 0
2023-08-31 15:00:53,077 [18044295] SEVERE - com.jediterm.terminal.model.TerminalTextBuffer - Attempt to get line out of bounds: -1 < 0
2023-08-31 15:00:53,077 [18044295] SEVERE - com.jediterm.terminal.model.TerminalTextBuffer - Attempt to get line out of bounds: -1 < 0
2023-08-31 15:00:53,577 [18044795] SEVERE - com.jediterm.terminal.model.TerminalTextBuffer - Attempt to get line out of bounds: -1 < 0
2023-08-31 15:00:54,086 [18045304] SEVERE - com.jediterm.terminal.model.TerminalTextBuffer - Attempt to get line out of bounds: -1 < 0
2023-08-31 15:00:54,086 [18045304] SEVERE - com.jediterm.terminal.model.TerminalTextBuffer - Attempt to get line out of bounds: -1 < 0
2023-08-31 15:00:54,581 [18045799] SEVERE - com.jediterm.terminal.model.TerminalTextBuffer - Attempt to get line out of bounds: -1 < 0
2023-08-31 15:00:54,844 [18046062] SEVERE - com.jediterm.terminal.model.TerminalTextBuffer - Attempt to get line out of bounds: -1 < 0
2023-08-31 15:00:55,015 [18046233] SEVERE - com.jediterm.terminal.model.TerminalTextBuffer - Attempt to get line out of bounds: -1 < 0
2023-08-31 15:00:55,083 [18046301] SEVERE - com.jediterm.terminal.model.TerminalTextBuffer - Attempt to get line out of bounds: -1 < 0
2023-08-31 15:00:55,083 [18046301] SEVERE - com.jediterm.terminal.model.TerminalTextBuffer - Attempt to get line out of bounds: -1 < 0
2023-08-31 15:00:55,586 [18046804] SEVERE - com.jediterm.terminal.model.TerminalTextBuffer - Attempt to get line out of bounds: -1 < 0
2023-08-31 15:00:56,077 [18047295] SEVERE - com.jediterm.terminal.model.TerminalTextBuffer - Attempt to get line out of bounds: -1 < 0
2023-08-31 15:02:25,547 [18136765] SEVERE - com.jediterm.terminal.model.TerminalTextBuffer - Attempt to get line out of bounds: 13 >= 13
2023-08-31 15:02:25,547 [18136765] SEVERE - com.jediterm.terminal.model.TerminalTextBuffer - Attempt to get line out of bounds: 13 >= 13
2023-08-31 18:37:28,504 [31039722]   WARN - #c.i.o.a.i.ActionUpdater - 531 ms to grab EDT for FakeRerunAction#update@RunnerToolbar (com.intellij.execution.runners.FakeRerunAction)
2023-08-31 18:37:28,504 [31039722]   WARN - #c.i.o.a.i.ActionUpdater - 531 ms to grab EDT for EditorMarkupModelImpl$TrafficLightAction#update@EditorInspectionsToolbar (com.intellij.openapi.editor.impl.EditorMarkupModelImpl$TrafficLightAction)
